<?xml version="1.0" encoding="UTF-8"?>
<testsuite xmlns:xsi="http://www.w3.org/2001/XMLSchema-instance" xsi:noNamespaceSchemaLocation="https://maven.apache.org/surefire/maven-surefire-plugin/xsd/surefire-test-report-3.0.xsd" version="3.0" name="Runner.RunCucumberTest" time="90.401" tests="130" errors="0" skipped="0" failures="0">
  <properties>
    <property name="sun.desktop" value="windows"/>
    <property name="awt.toolkit" value="sun.awt.windows.WToolkit"/>
    <property name="file.encoding.pkg" value="sun.io"/>
    <property name="java.specification.version" value="1.8"/>
    <property name="sun.cpu.isalist" value="amd64"/>
    <property name="sun.jnu.encoding" value="Cp1252"/>
    <property name="java.class.path" value="C:\Users\lipel\WORKSPACE\NTTDATA-DesafioTecnico\target\test-classes;C:\Users\lipel\WORKSPACE\NTTDATA-DesafioTecnico\target\classes;C:\Users\lipel\.m2\repository\info\cukes\cucumber-junit\1.2.5\cucumber-junit-1.2.5.jar;C:\Users\lipel\.m2\repository\info\cukes\cucumber-core\1.2.5\cucumber-core-1.2.5.jar;C:\Users\lipel\.m2\repository\info\cukes\cucumber-html\0.2.3\cucumber-html-0.2.3.jar;C:\Users\lipel\.m2\repository\info\cukes\cucumber-jvm-deps\1.0.5\cucumber-jvm-deps-1.0.5.jar;C:\Users\lipel\.m2\repository\info\cukes\gherkin\2.12.2\gherkin-2.12.2.jar;C:\Users\lipel\.m2\repository\junit\junit\4.12\junit-4.12.jar;C:\Users\lipel\.m2\repository\org\hamcrest\hamcrest-core\1.3\hamcrest-core-1.3.jar;C:\Users\lipel\.m2\repository\info\cukes\cucumber-java\1.2.5\cucumber-java-1.2.5.jar;C:\Users\lipel\.m2\repository\org\seleniumhq\selenium\selenium-java\3.141.59\selenium-java-3.141.59.jar;C:\Users\lipel\.m2\repository\org\seleniumhq\selenium\selenium-api\3.141.59\selenium-api-3.141.59.jar;C:\Users\lipel\.m2\repository\org\seleniumhq\selenium\selenium-chrome-driver\3.141.59\selenium-chrome-driver-3.141.59.jar;C:\Users\lipel\.m2\repository\org\seleniumhq\selenium\selenium-edge-driver\3.141.59\selenium-edge-driver-3.141.59.jar;C:\Users\lipel\.m2\repository\org\seleniumhq\selenium\selenium-firefox-driver\3.141.59\selenium-firefox-driver-3.141.59.jar;C:\Users\lipel\.m2\repository\org\seleniumhq\selenium\selenium-ie-driver\3.141.59\selenium-ie-driver-3.141.59.jar;C:\Users\lipel\.m2\repository\org\seleniumhq\selenium\selenium-opera-driver\3.141.59\selenium-opera-driver-3.141.59.jar;C:\Users\lipel\.m2\repository\org\seleniumhq\selenium\selenium-remote-driver\3.141.59\selenium-remote-driver-3.141.59.jar;C:\Users\lipel\.m2\repository\org\seleniumhq\selenium\selenium-safari-driver\3.141.59\selenium-safari-driver-3.141.59.jar;C:\Users\lipel\.m2\repository\org\seleniumhq\selenium\selenium-support\3.141.59\selenium-support-3.141.59.jar;C:\Users\lipel\.m2\repository\net\bytebuddy\byte-buddy\1.8.15\byte-buddy-1.8.15.jar;C:\Users\lipel\.m2\repository\org\apache\commons\commons-exec\1.3\commons-exec-1.3.jar;C:\Users\lipel\.m2\repository\com\google\guava\guava\25.0-jre\guava-25.0-jre.jar;C:\Users\lipel\.m2\repository\com\google\code\findbugs\jsr305\1.3.9\jsr305-1.3.9.jar;C:\Users\lipel\.m2\repository\org\checkerframework\checker-compat-qual\2.0.0\checker-compat-qual-2.0.0.jar;C:\Users\lipel\.m2\repository\com\google\errorprone\error_prone_annotations\2.1.3\error_prone_annotations-2.1.3.jar;C:\Users\lipel\.m2\repository\com\google\j2objc\j2objc-annotations\1.1\j2objc-annotations-1.1.jar;C:\Users\lipel\.m2\repository\org\codehaus\mojo\animal-sniffer-annotations\1.14\animal-sniffer-annotations-1.14.jar;C:\Users\lipel\.m2\repository\com\squareup\okhttp3\okhttp\3.11.0\okhttp-3.11.0.jar;C:\Users\lipel\.m2\repository\com\squareup\okio\okio\1.14.0\okio-1.14.0.jar;C:\Users\lipel\.m2\repository\org\seleniumhq\selenium\selenium-http-jdk-client\4.8.1\selenium-http-jdk-client-4.8.1.jar;C:\Users\lipel\.m2\repository\com\google\auto\service\auto-service-annotations\1.0.1\auto-service-annotations-1.0.1.jar;C:\Users\lipel\.m2\repository\com\google\auto\service\auto-service\1.0.1\auto-service-1.0.1.jar;C:\Users\lipel\.m2\repository\com\google\auto\auto-common\1.2\auto-common-1.2.jar;C:\Users\lipel\.m2\repository\org\seleniumhq\selenium\selenium-http\4.8.1\selenium-http-4.8.1.jar;C:\Users\lipel\.m2\repository\dev\failsafe\failsafe\3.3.0\failsafe-3.3.0.jar;C:\Users\lipel\.m2\repository\org\seleniumhq\selenium\selenium-json\4.8.1\selenium-json-4.8.1.jar;C:\Users\lipel\.m2\repository\com\trivago\rta\cluecumber-report-plugin\2.9.4\cluecumber-report-plugin-2.9.4.jar;C:\Users\lipel\.m2\repository\javax\inject\javax.inject\1\javax.inject-1.jar;C:\Users\lipel\.m2\repository\org\apache\maven\maven-plugin-api\3.8.5\maven-plugin-api-3.8.5.jar;C:\Users\lipel\.m2\repository\org\apache\maven\maven-model\3.8.5\maven-model-3.8.5.jar;C:\Users\lipel\.m2\repository\org\apache\maven\maven-artifact\3.8.5\maven-artifact-3.8.5.jar;C:\Users\lipel\.m2\repository\org\apache\commons\commons-lang3\3.8.1\commons-lang3-3.8.1.jar;C:\Users\lipel\.m2\repository\org\eclipse\sisu\org.eclipse.sisu.plexus\0.3.5\org.eclipse.sisu.plexus-0.3.5.jar;C:\Users\lipel\.m2\repository\javax\annotation\javax.annotation-api\1.2\javax.annotation-api-1.2.jar;C:\Users\lipel\.m2\repository\org\eclipse\sisu\org.eclipse.sisu.inject\0.3.5\org.eclipse.sisu.inject-0.3.5.jar;C:\Users\lipel\.m2\repository\org\codehaus\plexus\plexus-component-annotations\1.5.5\plexus-component-annotations-1.5.5.jar;C:\Users\lipel\.m2\repository\org\codehaus\plexus\plexus-classworlds\2.6.0\plexus-classworlds-2.6.0.jar;C:\Users\lipel\.m2\repository\com\google\code\gson\gson\2.9.0\gson-2.9.0.jar;C:\Users\lipel\.m2\repository\io\gsonfire\gson-fire\1.9.0-alpha2\gson-fire-1.9.0-alpha2.jar;C:\Users\lipel\.m2\repository\org\freemarker\freemarker\2.3.31\freemarker-2.3.31.jar;C:\Users\lipel\.m2\repository\org\codehaus\plexus\plexus-utils\3.4.2\plexus-utils-3.4.2.jar;C:\Users\lipel\.m2\repository\org\apache\maven\plugins\maven-surefire-plugin\3.0.0-M5\maven-surefire-plugin-3.0.0-M5.jar;C:\Users\lipel\.m2\repository\org\apache\maven\surefire\maven-surefire-common\3.0.0-M5\maven-surefire-common-3.0.0-M5.jar;C:\Users\lipel\.m2\repository\org\apache\maven\surefire\surefire-api\3.0.0-M5\surefire-api-3.0.0-M5.jar;C:\Users\lipel\.m2\repository\org\apache\maven\surefire\surefire-logger-api\3.0.0-M5\surefire-logger-api-3.0.0-M5.jar;C:\Users\lipel\.m2\repository\org\apache\maven\surefire\surefire-extensions-api\3.0.0-M5\surefire-extensions-api-3.0.0-M5.jar;C:\Users\lipel\.m2\repository\org\apache\maven\surefire\surefire-booter\3.0.0-M5\surefire-booter-3.0.0-M5.jar;C:\Users\lipel\.m2\repository\org\apache\maven\surefire\surefire-extensions-spi\3.0.0-M5\surefire-extensions-spi-3.0.0-M5.jar;C:\Users\lipel\.m2\repository\org\apache\maven\maven-toolchain\3.0-alpha-2\maven-toolchain-3.0-alpha-2.jar;C:\Users\lipel\.m2\repository\org\apache\maven\shared\maven-artifact-transfer\0.11.0\maven-artifact-transfer-0.11.0.jar;C:\Users\lipel\.m2\repository\org\apache\maven\shared\maven-common-artifact-filters\3.0.1\maven-common-artifact-filters-3.0.1.jar;C:\Users\lipel\.m2\repository\org\sonatype\sisu\sisu-inject-plexus\1.4.2\sisu-inject-plexus-1.4.2.jar;C:\Users\lipel\.m2\repository\org\sonatype\sisu\sisu-inject-bean\1.4.2\sisu-inject-bean-1.4.2.jar;C:\Users\lipel\.m2\repository\org\sonatype\sisu\sisu-guice\2.1.7\sisu-guice-2.1.7-noaop.jar;C:\Users\lipel\.m2\repository\org\apache\maven\shared\maven-shared-utils\3.1.0\maven-shared-utils-3.1.0.jar;C:\Users\lipel\.m2\repository\commons-io\commons-io\2.5\commons-io-2.5.jar;C:\Users\lipel\.m2\repository\commons-codec\commons-codec\1.11\commons-codec-1.11.jar;C:\Users\lipel\.m2\repository\org\codehaus\plexus\plexus-java\1.0.5\plexus-java-1.0.5.jar;C:\Users\lipel\.m2\repository\org\ow2\asm\asm\7.2\asm-7.2.jar;C:\Users\lipel\.m2\repository\com\thoughtworks\qdox\qdox\2.0-M9\qdox-2.0-M9.jar;C:\Users\lipel\.m2\repository\org\apache\maven\surefire\surefire-shared-utils\3.0.0-M4\surefire-shared-utils-3.0.0-M4.jar;"/>
    <property name="java.vm.vendor" value="Oracle Corporation"/>
    <property name="sun.arch.data.model" value="64"/>
    <property name="user.variant" value=""/>
    <property name="java.vendor.url" value="http://java.oracle.com/"/>
    <property name="user.timezone" value="America/Sao_Paulo"/>
    <property name="java.vm.specification.version" value="1.8"/>
    <property name="os.name" value="Windows 10"/>
    <property name="user.country" value="BR"/>
    <property name="sun.java.launcher" value="SUN_STANDARD"/>
    <property name="sun.boot.library.path" value="C:\Program Files\Java\jdk1.8.0_202\jre\bin"/>
    <property name="sun.java.command" value="C:\Users\lipel\AppData\Local\Temp\surefire2935727381691182143\surefirebooter7503397582349402047.jar C:\Users\lipel\AppData\Local\Temp\surefire2935727381691182143 2023-12-16T16-33-18_921-jvmRun1 surefire4666448425269119796tmp surefire_09020269835745676166tmp"/>
    <property name="test" value="RunCucumberTest"/>
    <property name="surefire.test.class.path" value="C:\Users\lipel\WORKSPACE\NTTDATA-DesafioTecnico\target\test-classes;C:\Users\lipel\WORKSPACE\NTTDATA-DesafioTecnico\target\classes;C:\Users\lipel\.m2\repository\info\cukes\cucumber-junit\1.2.5\cucumber-junit-1.2.5.jar;C:\Users\lipel\.m2\repository\info\cukes\cucumber-core\1.2.5\cucumber-core-1.2.5.jar;C:\Users\lipel\.m2\repository\info\cukes\cucumber-html\0.2.3\cucumber-html-0.2.3.jar;C:\Users\lipel\.m2\repository\info\cukes\cucumber-jvm-deps\1.0.5\cucumber-jvm-deps-1.0.5.jar;C:\Users\lipel\.m2\repository\info\cukes\gherkin\2.12.2\gherkin-2.12.2.jar;C:\Users\lipel\.m2\repository\junit\junit\4.12\junit-4.12.jar;C:\Users\lipel\.m2\repository\org\hamcrest\hamcrest-core\1.3\hamcrest-core-1.3.jar;C:\Users\lipel\.m2\repository\info\cukes\cucumber-java\1.2.5\cucumber-java-1.2.5.jar;C:\Users\lipel\.m2\repository\org\seleniumhq\selenium\selenium-java\3.141.59\selenium-java-3.141.59.jar;C:\Users\lipel\.m2\repository\org\seleniumhq\selenium\selenium-api\3.141.59\selenium-api-3.141.59.jar;C:\Users\lipel\.m2\repository\org\seleniumhq\selenium\selenium-chrome-driver\3.141.59\selenium-chrome-driver-3.141.59.jar;C:\Users\lipel\.m2\repository\org\seleniumhq\selenium\selenium-edge-driver\3.141.59\selenium-edge-driver-3.141.59.jar;C:\Users\lipel\.m2\repository\org\seleniumhq\selenium\selenium-firefox-driver\3.141.59\selenium-firefox-driver-3.141.59.jar;C:\Users\lipel\.m2\repository\org\seleniumhq\selenium\selenium-ie-driver\3.141.59\selenium-ie-driver-3.141.59.jar;C:\Users\lipel\.m2\repository\org\seleniumhq\selenium\selenium-opera-driver\3.141.59\selenium-opera-driver-3.141.59.jar;C:\Users\lipel\.m2\repository\org\seleniumhq\selenium\selenium-remote-driver\3.141.59\selenium-remote-driver-3.141.59.jar;C:\Users\lipel\.m2\repository\org\seleniumhq\selenium\selenium-safari-driver\3.141.59\selenium-safari-driver-3.141.59.jar;C:\Users\lipel\.m2\repository\org\seleniumhq\selenium\selenium-support\3.141.59\selenium-support-3.141.59.jar;C:\Users\lipel\.m2\repository\net\bytebuddy\byte-buddy\1.8.15\byte-buddy-1.8.15.jar;C:\Users\lipel\.m2\repository\org\apache\commons\commons-exec\1.3\commons-exec-1.3.jar;C:\Users\lipel\.m2\repository\com\google\guava\guava\25.0-jre\guava-25.0-jre.jar;C:\Users\lipel\.m2\repository\com\google\code\findbugs\jsr305\1.3.9\jsr305-1.3.9.jar;C:\Users\lipel\.m2\repository\org\checkerframework\checker-compat-qual\2.0.0\checker-compat-qual-2.0.0.jar;C:\Users\lipel\.m2\repository\com\google\errorprone\error_prone_annotations\2.1.3\error_prone_annotations-2.1.3.jar;C:\Users\lipel\.m2\repository\com\google\j2objc\j2objc-annotations\1.1\j2objc-annotations-1.1.jar;C:\Users\lipel\.m2\repository\org\codehaus\mojo\animal-sniffer-annotations\1.14\animal-sniffer-annotations-1.14.jar;C:\Users\lipel\.m2\repository\com\squareup\okhttp3\okhttp\3.11.0\okhttp-3.11.0.jar;C:\Users\lipel\.m2\repository\com\squareup\okio\okio\1.14.0\okio-1.14.0.jar;C:\Users\lipel\.m2\repository\org\seleniumhq\selenium\selenium-http-jdk-client\4.8.1\selenium-http-jdk-client-4.8.1.jar;C:\Users\lipel\.m2\repository\com\google\auto\service\auto-service-annotations\1.0.1\auto-service-annotations-1.0.1.jar;C:\Users\lipel\.m2\repository\com\google\auto\service\auto-service\1.0.1\auto-service-1.0.1.jar;C:\Users\lipel\.m2\repository\com\google\auto\auto-common\1.2\auto-common-1.2.jar;C:\Users\lipel\.m2\repository\org\seleniumhq\selenium\selenium-http\4.8.1\selenium-http-4.8.1.jar;C:\Users\lipel\.m2\repository\dev\failsafe\failsafe\3.3.0\failsafe-3.3.0.jar;C:\Users\lipel\.m2\repository\org\seleniumhq\selenium\selenium-json\4.8.1\selenium-json-4.8.1.jar;C:\Users\lipel\.m2\repository\com\trivago\rta\cluecumber-report-plugin\2.9.4\cluecumber-report-plugin-2.9.4.jar;C:\Users\lipel\.m2\repository\javax\inject\javax.inject\1\javax.inject-1.jar;C:\Users\lipel\.m2\repository\org\apache\maven\maven-plugin-api\3.8.5\maven-plugin-api-3.8.5.jar;C:\Users\lipel\.m2\repository\org\apache\maven\maven-model\3.8.5\maven-model-3.8.5.jar;C:\Users\lipel\.m2\repository\org\apache\maven\maven-artifact\3.8.5\maven-artifact-3.8.5.jar;C:\Users\lipel\.m2\repository\org\apache\commons\commons-lang3\3.8.1\commons-lang3-3.8.1.jar;C:\Users\lipel\.m2\repository\org\eclipse\sisu\org.eclipse.sisu.plexus\0.3.5\org.eclipse.sisu.plexus-0.3.5.jar;C:\Users\lipel\.m2\repository\javax\annotation\javax.annotation-api\1.2\javax.annotation-api-1.2.jar;C:\Users\lipel\.m2\repository\org\eclipse\sisu\org.eclipse.sisu.inject\0.3.5\org.eclipse.sisu.inject-0.3.5.jar;C:\Users\lipel\.m2\repository\org\codehaus\plexus\plexus-component-annotations\1.5.5\plexus-component-annotations-1.5.5.jar;C:\Users\lipel\.m2\repository\org\codehaus\plexus\plexus-classworlds\2.6.0\plexus-classworlds-2.6.0.jar;C:\Users\lipel\.m2\repository\com\google\code\gson\gson\2.9.0\gson-2.9.0.jar;C:\Users\lipel\.m2\repository\io\gsonfire\gson-fire\1.9.0-alpha2\gson-fire-1.9.0-alpha2.jar;C:\Users\lipel\.m2\repository\org\freemarker\freemarker\2.3.31\freemarker-2.3.31.jar;C:\Users\lipel\.m2\repository\org\codehaus\plexus\plexus-utils\3.4.2\plexus-utils-3.4.2.jar;C:\Users\lipel\.m2\repository\org\apache\maven\plugins\maven-surefire-plugin\3.0.0-M5\maven-surefire-plugin-3.0.0-M5.jar;C:\Users\lipel\.m2\repository\org\apache\maven\surefire\maven-surefire-common\3.0.0-M5\maven-surefire-common-3.0.0-M5.jar;C:\Users\lipel\.m2\repository\org\apache\maven\surefire\surefire-api\3.0.0-M5\surefire-api-3.0.0-M5.jar;C:\Users\lipel\.m2\repository\org\apache\maven\surefire\surefire-logger-api\3.0.0-M5\surefire-logger-api-3.0.0-M5.jar;C:\Users\lipel\.m2\repository\org\apache\maven\surefire\surefire-extensions-api\3.0.0-M5\surefire-extensions-api-3.0.0-M5.jar;C:\Users\lipel\.m2\repository\org\apache\maven\surefire\surefire-booter\3.0.0-M5\surefire-booter-3.0.0-M5.jar;C:\Users\lipel\.m2\repository\org\apache\maven\surefire\surefire-extensions-spi\3.0.0-M5\surefire-extensions-spi-3.0.0-M5.jar;C:\Users\lipel\.m2\repository\org\apache\maven\maven-toolchain\3.0-alpha-2\maven-toolchain-3.0-alpha-2.jar;C:\Users\lipel\.m2\repository\org\apache\maven\shared\maven-artifact-transfer\0.11.0\maven-artifact-transfer-0.11.0.jar;C:\Users\lipel\.m2\repository\org\apache\maven\shared\maven-common-artifact-filters\3.0.1\maven-common-artifact-filters-3.0.1.jar;C:\Users\lipel\.m2\repository\org\sonatype\sisu\sisu-inject-plexus\1.4.2\sisu-inject-plexus-1.4.2.jar;C:\Users\lipel\.m2\repository\org\sonatype\sisu\sisu-inject-bean\1.4.2\sisu-inject-bean-1.4.2.jar;C:\Users\lipel\.m2\repository\org\sonatype\sisu\sisu-guice\2.1.7\sisu-guice-2.1.7-noaop.jar;C:\Users\lipel\.m2\repository\org\apache\maven\shared\maven-shared-utils\3.1.0\maven-shared-utils-3.1.0.jar;C:\Users\lipel\.m2\repository\commons-io\commons-io\2.5\commons-io-2.5.jar;C:\Users\lipel\.m2\repository\commons-codec\commons-codec\1.11\commons-codec-1.11.jar;C:\Users\lipel\.m2\repository\org\codehaus\plexus\plexus-java\1.0.5\plexus-java-1.0.5.jar;C:\Users\lipel\.m2\repository\org\ow2\asm\asm\7.2\asm-7.2.jar;C:\Users\lipel\.m2\repository\com\thoughtworks\qdox\qdox\2.0-M9\qdox-2.0-M9.jar;C:\Users\lipel\.m2\repository\org\apache\maven\surefire\surefire-shared-utils\3.0.0-M4\surefire-shared-utils-3.0.0-M4.jar;"/>
    <property name="sun.cpu.endian" value="little"/>
    <property name="user.home" value="C:\Users\lipel"/>
    <property name="user.language" value="pt"/>
    <property name="java.specification.vendor" value="Oracle Corporation"/>
    <property name="java.home" value="C:\Program Files\Java\jdk1.8.0_202\jre"/>
    <property name="basedir" value="C:\Users\lipel\WORKSPACE\NTTDATA-DesafioTecnico"/>
    <property name="file.separator" value="\"/>
    <property name="line.separator" value="&#10;"/>
    <property name="java.vm.specification.vendor" value="Oracle Corporation"/>
    <property name="java.specification.name" value="Java Platform API Specification"/>
    <property name="java.awt.graphicsenv" value="sun.awt.Win32GraphicsEnvironment"/>
    <property name="surefire.real.class.path" value="C:\Users\lipel\AppData\Local\Temp\surefire2935727381691182143\surefirebooter7503397582349402047.jar"/>
    <property name="sun.boot.class.path" value="C:\Program Files\Java\jdk1.8.0_202\jre\lib\resources.jar;C:\Program Files\Java\jdk1.8.0_202\jre\lib\rt.jar;C:\Program Files\Java\jdk1.8.0_202\jre\lib\sunrsasign.jar;C:\Program Files\Java\jdk1.8.0_202\jre\lib\jsse.jar;C:\Program Files\Java\jdk1.8.0_202\jre\lib\jce.jar;C:\Program Files\Java\jdk1.8.0_202\jre\lib\charsets.jar;C:\Program Files\Java\jdk1.8.0_202\jre\lib\jfr.jar;C:\Program Files\Java\jdk1.8.0_202\jre\classes"/>
    <property name="user.script" value=""/>
    <property name="sun.management.compiler" value="HotSpot 64-Bit Tiered Compilers"/>
    <property name="java.runtime.version" value="1.8.0_202-b08"/>
    <property name="user.name" value="lipel"/>
    <property name="path.separator" value=";"/>
    <property name="os.version" value="10.0"/>
    <property name="java.endorsed.dirs" value="C:\Program Files\Java\jdk1.8.0_202\jre\lib\endorsed"/>
    <property name="java.runtime.name" value="Java(TM) SE Runtime Environment"/>
    <property name="file.encoding" value="Cp1252"/>
    <property name="browser" value="chrome"/>
    <property name="java.vm.name" value="Java HotSpot(TM) 64-Bit Server VM"/>
    <property name="localRepository" value="C:\Users\lipel\.m2\repository"/>
    <property name="java.vendor.url.bug" value="http://bugreport.sun.com/bugreport/"/>
    <property name="java.io.tmpdir" value="C:\Users\lipel\AppData\Local\Temp\"/>
    <property name="java.version" value="1.8.0_202"/>
    <property name="user.dir" value="C:\Users\lipel\WORKSPACE\NTTDATA-DesafioTecnico"/>
    <property name="os.arch" value="amd64"/>
    <property name="java.vm.specification.name" value="Java Virtual Machine Specification"/>
    <property name="java.awt.printerjob" value="sun.awt.windows.WPrinterJob"/>
    <property name="sun.os.patch.level" value=""/>
    <property name="java.library.path" value="C:\Program Files\Java\jdk1.8.0_202\jre\bin;C:\WINDOWS\Sun\Java\bin;C:\WINDOWS\system32;C:\WINDOWS;C:\Program Files (x86)\Common Files\Oracle\Java\javapath;C:\Program Files\Common Files\Oracle\Java\javapath;C:\Windows\system32;C:\Windows;C:\Windows\System32\Wbem;C:\Windows\System32\WindowsPowerShell\v1.0\;C:\Windows\System32\OpenSSH\;C:\Program Files (x86)\NVIDIA Corporation\PhysX\Common;C:\Program Files\NVIDIA Corporation\NVIDIA NvDLISR;C:\Program Files\dotnet\;C:\Program Files\Java\jdk-19\bin;C:\Program Files\Java\jdk-18.0.2.1\bin;C:\Program Files\apache-maven-3.8.6-bin\apache-maven-3.8.6\bin;C:\WINDOWS\system32;C:\WINDOWS;C:\WINDOWS\System32\Wbem;C:\WINDOWS\System32\WindowsPowerShell\v1.0\;C:\WINDOWS\System32\OpenSSH\;C:\Program Files\Git\cmd;C:\Program Files\gradle-6.3\bin;C:\Program Files\Java\jdk-17\bin;C:\Program Files\MySQL\MySQL Server 8.0\bin;C:\ProgramData\chocolatey\bin;C:\Program Files\nodejs\;C:\Program Files\MySQL\MySQL Shell 8.0\bin\;C:\Users\lipel\AppData\Local\Microsoft\WindowsApps;C:\Users\lipel\AppData\Local\Programs\Microsoft VS Code\bin;C:\Users\lipel\AppData\Local\GitHubDesktop\bin;C:\Program Files\apache-maven-3.8.6-bin\apache-maven-3.8.6\bin;C:\Program Files\Java\jdk1.8.0_202\bin;C:\Program Files\MySQL\MySQL Server 8.0\bin;C:\Program Files\Java\jdk-17\bin;C:\Users\lipel\AppData\Roaming\npm;."/>
    <property name="java.vm.info" value="mixed mode"/>
    <property name="java.vendor" value="Oracle Corporation"/>
    <property name="java.vm.version" value="25.202-b08"/>
    <property name="java.ext.dirs" value="C:\Program Files\Java\jdk1.8.0_202\jre\lib\ext;C:\WINDOWS\Sun\Java\lib\ext"/>
    <property name="sun.io.unicode.encoding" value="UnicodeLittle"/>
    <property name="java.class.version" value="52.0"/>
  </properties>
  <testcase name="Dado Que eu acessei a aplicacao" classname="| standard_user | secret_sauce | 1 |" time="0.001">
    <system-err><![CDATA[Starting ChromeDriver 120.0.6099.71 (9729082fe6174c0a371fc66501f5efc5d69d3d2b-refs/branch-heads/6099_56@{#13}) on port 43484
Only local connections are allowed.
Please see https://chromedriver.chromium.org/security-considerations for suggestions on keeping ChromeDriver safe.
ChromeDriver was started successfully.
dez 16, 2023 4:33:21 PM org.openqa.selenium.remote.ProtocolHandshake createSession
INFORMAÇÕES: Detected dialect: W3C
]]></system-err>
  </testcase>
  <testcase name="Dado Que o usuario efetuou login incluindo &quot;standard_user&quot; e &quot;secret_sauce&quot;" classname="| standard_user | secret_sauce | 1 |" time="0">
    <system-out><![CDATA[######################################
Preencheu o campo By.id: user-name
######################################
######################################
Preencheu o campo By.id: password
######################################
######################################
Clicou no elemento By.id: login-button
######################################
]]></system-out>
  </testcase>
  <testcase name="Quando um item &quot;1&quot;e adicionado ao carrinho" classname="| standard_user | secret_sauce | 1 |" time="0">
    <system-out><![CDATA[######################################
Clicou no elemento By.xpath: //div[@class="inventory_item"][1]//button
######################################
######################################
Validou a mensagem Remove
######################################
]]></system-out>
  </testcase>
  <testcase name="E o carrinho e acessado" classname="| standard_user | secret_sauce | 1 |" time="0">
    <system-out><![CDATA[######################################
Clicou no elemento By.id: shopping_cart_container
######################################
]]></system-out>
  </testcase>
  <testcase name="Entao o produto e adicionado ao carrinho" classname="| standard_user | secret_sauce | 1 |" time="0">
    <system-out><![CDATA[######################################
Validou a mensagem $29.99
######################################
######################################
Validou a mensagem Sauce Labs Backpack
######################################
]]></system-out>
  </testcase>
  <testcase name="E e feito logout" classname="| standard_user | secret_sauce | 1 |" time="0">
    <system-out><![CDATA[######################################
Clicou no elemento By.id: react-burger-menu-btn
######################################
######################################
Clicou no elemento By.id: logout_sidebar_link
######################################
]]></system-out>
  </testcase>
  <testcase name="" classname="| standard_user | secret_sauce | 1 |" time="0.379">
    <system-out><![CDATA[+++++++++++++
Teste sendo exectado: Validar valor do item adicionado ao carrinho
Status: passed
Tag: [@Carrinho]
+++++++++++++
Teste sendo exectado: Validar valor do item adicionado ao carrinho
Status: passed
Tag: [@Carrinho]
+++++++++++++
Teste sendo exectado: Validar valor do item adicionado ao carrinho
Status: passed
Tag: [@Carrinho]
]]></system-out>
  </testcase>
  <testcase name="Dado Que eu acessei a aplicacao" classname="| standard_user | secret_sauce | 2 |" time="0">
    <system-err><![CDATA[Starting ChromeDriver 120.0.6099.71 (9729082fe6174c0a371fc66501f5efc5d69d3d2b-refs/branch-heads/6099_56@{#13}) on port 30602
Only local connections are allowed.
Please see https://chromedriver.chromium.org/security-considerations for suggestions on keeping ChromeDriver safe.
ChromeDriver was started successfully.
dez 16, 2023 4:33:26 PM org.openqa.selenium.remote.ProtocolHandshake createSession
INFORMAÇÕES: Detected dialect: W3C
]]></system-err>
  </testcase>
  <testcase name="Dado Que o usuario efetuou login incluindo &quot;standard_user&quot; e &quot;secret_sauce&quot;" classname="| standard_user | secret_sauce | 2 |" time="0">
    <system-out><![CDATA[######################################
Preencheu o campo By.id: user-name
######################################
######################################
Preencheu o campo By.id: password
######################################
######################################
Clicou no elemento By.id: login-button
######################################
]]></system-out>
  </testcase>
  <testcase name="Quando um item &quot;2&quot;e adicionado ao carrinho" classname="| standard_user | secret_sauce | 2 |" time="0">
    <system-out><![CDATA[######################################
Clicou no elemento By.xpath: //div[@class="inventory_item"][2]//button
######################################
######################################
Validou a mensagem Remove
######################################
]]></system-out>
  </testcase>
  <testcase name="E o carrinho e acessado" classname="| standard_user | secret_sauce | 2 |" time="0">
    <system-out><![CDATA[######################################
Clicou no elemento By.id: shopping_cart_container
######################################
]]></system-out>
  </testcase>
  <testcase name="Entao o produto e adicionado ao carrinho" classname="| standard_user | secret_sauce | 2 |" time="0">
    <system-out><![CDATA[######################################
Validou a mensagem $9.99
######################################
######################################
Validou a mensagem Sauce Labs Bike Light
######################################
]]></system-out>
  </testcase>
  <testcase name="E e feito logout" classname="| standard_user | secret_sauce | 2 |" time="0">
    <system-out><![CDATA[######################################
Clicou no elemento By.id: react-burger-menu-btn
######################################
######################################
Clicou no elemento By.id: logout_sidebar_link
######################################
]]></system-out>
  </testcase>
  <testcase name="" classname="| standard_user | secret_sauce | 2 |" time="0.441">
    <system-out><![CDATA[+++++++++++++
Teste sendo exectado: Validar valor do item adicionado ao carrinho
Status: passed
Tag: [@Carrinho]
+++++++++++++
Teste sendo exectado: Validar valor do item adicionado ao carrinho
Status: passed
Tag: [@Carrinho]
+++++++++++++
Teste sendo exectado: Validar valor do item adicionado ao carrinho
Status: passed
Tag: [@Carrinho]
]]></system-out>
  </testcase>
  <testcase name="Dado Que eu acessei a aplicacao" classname="| standard_user | secret_sauce | 1 | Felipe | Matos | 54400220 |" time="0">
    <system-err><![CDATA[Starting ChromeDriver 120.0.6099.71 (9729082fe6174c0a371fc66501f5efc5d69d3d2b-refs/branch-heads/6099_56@{#13}) on port 36877
Only local connections are allowed.
Please see https://chromedriver.chromium.org/security-considerations for suggestions on keeping ChromeDriver safe.
ChromeDriver was started successfully.
dez 16, 2023 4:33:30 PM org.openqa.selenium.remote.ProtocolHandshake createSession
INFORMAÇÕES: Detected dialect: W3C
]]></system-err>
  </testcase>
  <testcase name="Dado Que o usuario efetuou login incluindo &quot;standard_user&quot; e &quot;secret_sauce&quot;" classname="| standard_user | secret_sauce | 1 | Felipe | Matos | 54400220 |" time="0">
    <system-out><![CDATA[######################################
Preencheu o campo By.id: user-name
######################################
######################################
Preencheu o campo By.id: password
######################################
######################################
Clicou no elemento By.id: login-button
######################################
]]></system-out>
  </testcase>
  <testcase name="E selecionou um produto &quot;1&quot;" classname="| standard_user | secret_sauce | 1 | Felipe | Matos | 54400220 |" time="0">
    <system-out><![CDATA[######################################
Clicou no elemento By.xpath: //div[@class="inventory_item"][1]//button
######################################
######################################
Validou a mensagem Remove
######################################
######################################
Clicou no elemento By.id: shopping_cart_container
######################################
######################################
Validou a mensagem Sauce Labs Backpack
######################################
######################################
Validou a mensagem $29.99
######################################
######################################
Clicou no elemento By.id: checkout
######################################
]]></system-out>
  </testcase>
  <testcase name="Quando feito o checkout e preenchido &quot;Felipe&quot; &quot;Matos&quot; &quot;54400220&quot;" classname="| standard_user | secret_sauce | 1 | Felipe | Matos | 54400220 |" time="0">
    <system-out><![CDATA[######################################
Preencheu o campo By.id: first-name
######################################
######################################
Preencheu o campo By.id: last-name
######################################
######################################
Preencheu o campo By.id: postal-code
######################################
######################################
Clicou no elemento By.id: continue
######################################
]]></system-out>
  </testcase>
  <testcase name="E as informacoes de checkou sao exibidas" classname="| standard_user | secret_sauce | 1 | Felipe | Matos | 54400220 |" time="0">
    <system-out><![CDATA[######################################
Validou a mensagem Sauce Labs Backpack
######################################
]]></system-out>
  </testcase>
  <testcase name="E clicado em Finish" classname="| standard_user | secret_sauce | 1 | Felipe | Matos | 54400220 |" time="0">
    <system-out><![CDATA[######################################
Clicou no elemento By.id: finish
######################################
]]></system-out>
  </testcase>
  <testcase name="Entao a compra e efetuada" classname="| standard_user | secret_sauce | 1 | Felipe | Matos | 54400220 |" time="0">
    <system-out><![CDATA[######################################
Validou a mensagem Checkout: Complete!
######################################
######################################
Validou a mensagem Thank you for your order!
######################################
######################################
Validou a mensagem Your order has been dispatched, and will arrive just as fast as the pony can get there!
######################################
]]></system-out>
  </testcase>
  <testcase name="E e feito logout" classname="| standard_user | secret_sauce | 1 | Felipe | Matos | 54400220 |" time="0">
    <system-out><![CDATA[######################################
Clicou no elemento By.id: react-burger-menu-btn
######################################
######################################
Clicou no elemento By.id: logout_sidebar_link
######################################
]]></system-out>
  </testcase>
  <testcase name="" classname="| standard_user | secret_sauce | 1 | Felipe | Matos | 54400220 |" time="0.408">
    <system-out><![CDATA[+++++++++++++
Teste sendo exectado: Efetuar compra e validar valor total
Status: passed
Tag: [@Compra]
+++++++++++++
Teste sendo exectado: Efetuar compra e validar valor total
Status: passed
Tag: [@Compra]
+++++++++++++
Teste sendo exectado: Efetuar compra e validar valor total
Status: passed
Tag: [@Compra]
]]></system-out>
  </testcase>
  <testcase name="Dado Que eu acessei a aplicacao" classname="| standard_user | secret_sauce | 2 | Filomena | Eduarda | 44455221 |" time="0">
    <system-err><![CDATA[Starting ChromeDriver 120.0.6099.71 (9729082fe6174c0a371fc66501f5efc5d69d3d2b-refs/branch-heads/6099_56@{#13}) on port 10163
Only local connections are allowed.
Please see https://chromedriver.chromium.org/security-considerations for suggestions on keeping ChromeDriver safe.
ChromeDriver was started successfully.
dez 16, 2023 4:33:36 PM org.openqa.selenium.remote.ProtocolHandshake createSession
INFORMAÇÕES: Detected dialect: W3C
]]></system-err>
  </testcase>
  <testcase name="Dado Que o usuario efetuou login incluindo &quot;standard_user&quot; e &quot;secret_sauce&quot;" classname="| standard_user | secret_sauce | 2 | Filomena | Eduarda | 44455221 |" time="0">
    <system-out><![CDATA[######################################
Preencheu o campo By.id: user-name
######################################
######################################
Preencheu o campo By.id: password
######################################
######################################
Clicou no elemento By.id: login-button
######################################
]]></system-out>
  </testcase>
  <testcase name="E selecionou um produto &quot;2&quot;" classname="| standard_user | secret_sauce | 2 | Filomena | Eduarda | 44455221 |" time="0">
    <system-out><![CDATA[######################################
Clicou no elemento By.xpath: //div[@class="inventory_item"][2]//button
######################################
######################################
Validou a mensagem Remove
######################################
######################################
Clicou no elemento By.id: shopping_cart_container
######################################
######################################
Validou a mensagem Sauce Labs Bike Light
######################################
######################################
Validou a mensagem $9.99
######################################
######################################
Clicou no elemento By.id: checkout
######################################
]]></system-out>
  </testcase>
  <testcase name="Quando feito o checkout e preenchido &quot;Filomena&quot; &quot;Eduarda&quot; &quot;44455221&quot;" classname="| standard_user | secret_sauce | 2 | Filomena | Eduarda | 44455221 |" time="0">
    <system-out><![CDATA[######################################
Preencheu o campo By.id: first-name
######################################
######################################
Preencheu o campo By.id: last-name
######################################
######################################
Preencheu o campo By.id: postal-code
######################################
######################################
Clicou no elemento By.id: continue
######################################
]]></system-out>
  </testcase>
  <testcase name="E as informacoes de checkou sao exibidas" classname="| standard_user | secret_sauce | 2 | Filomena | Eduarda | 44455221 |" time="0">
    <system-out><![CDATA[######################################
Validou a mensagem Sauce Labs Bike Light
######################################
]]></system-out>
  </testcase>
  <testcase name="E clicado em Finish" classname="| standard_user | secret_sauce | 2 | Filomena | Eduarda | 44455221 |" time="0">
    <system-out><![CDATA[######################################
Clicou no elemento By.id: finish
######################################
]]></system-out>
  </testcase>
  <testcase name="Entao a compra e efetuada" classname="| standard_user | secret_sauce | 2 | Filomena | Eduarda | 44455221 |" time="0">
    <system-out><![CDATA[######################################
Validou a mensagem Checkout: Complete!
######################################
######################################
Validou a mensagem Thank you for your order!
######################################
######################################
Validou a mensagem Your order has been dispatched, and will arrive just as fast as the pony can get there!
######################################
]]></system-out>
  </testcase>
  <testcase name="E e feito logout" classname="| standard_user | secret_sauce | 2 | Filomena | Eduarda | 44455221 |" time="0">
    <system-out><![CDATA[######################################
Clicou no elemento By.id: react-burger-menu-btn
######################################
######################################
Clicou no elemento By.id: logout_sidebar_link
######################################
]]></system-out>
  </testcase>
  <testcase name="" classname="| standard_user | secret_sauce | 2 | Filomena | Eduarda | 44455221 |" time="0.415">
    <system-out><![CDATA[+++++++++++++
Teste sendo exectado: Efetuar compra e validar valor total
Status: passed
Tag: [@Compra]
+++++++++++++
Teste sendo exectado: Efetuar compra e validar valor total
Status: passed
Tag: [@Compra]
+++++++++++++
Teste sendo exectado: Efetuar compra e validar valor total
Status: passed
Tag: [@Compra]
]]></system-out>
  </testcase>
  <testcase name="Dado Que eu acessei a aplicacao" classname="| standard_user | secret_sauce | 3 | Filomena | Juquinha | 44455222 |" time="0">
    <system-err><![CDATA[Starting ChromeDriver 120.0.6099.71 (9729082fe6174c0a371fc66501f5efc5d69d3d2b-refs/branch-heads/6099_56@{#13}) on port 33938
Only local connections are allowed.
Please see https://chromedriver.chromium.org/security-considerations for suggestions on keeping ChromeDriver safe.
ChromeDriver was started successfully.
dez 16, 2023 4:33:41 PM org.openqa.selenium.remote.ProtocolHandshake createSession
INFORMAÇÕES: Detected dialect: W3C
]]></system-err>
  </testcase>
  <testcase name="Dado Que o usuario efetuou login incluindo &quot;standard_user&quot; e &quot;secret_sauce&quot;" classname="| standard_user | secret_sauce | 3 | Filomena | Juquinha | 44455222 |" time="0">
    <system-out><![CDATA[######################################
Preencheu o campo By.id: user-name
######################################
######################################
Preencheu o campo By.id: password
######################################
######################################
Clicou no elemento By.id: login-button
######################################
]]></system-out>
  </testcase>
  <testcase name="E selecionou um produto &quot;3&quot;" classname="| standard_user | secret_sauce | 3 | Filomena | Juquinha | 44455222 |" time="0">
    <system-out><![CDATA[######################################
Clicou no elemento By.xpath: //div[@class="inventory_item"][3]//button
######################################
######################################
Validou a mensagem Remove
######################################
######################################
Clicou no elemento By.id: shopping_cart_container
######################################
######################################
Validou a mensagem Sauce Labs Bolt T-Shirt
######################################
######################################
Validou a mensagem $15.99
######################################
######################################
Clicou no elemento By.id: checkout
######################################
]]></system-out>
  </testcase>
  <testcase name="Quando feito o checkout e preenchido &quot;Filomena&quot; &quot;Juquinha&quot; &quot;44455222&quot;" classname="| standard_user | secret_sauce | 3 | Filomena | Juquinha | 44455222 |" time="0">
    <system-out><![CDATA[######################################
Preencheu o campo By.id: first-name
######################################
######################################
Preencheu o campo By.id: last-name
######################################
######################################
Preencheu o campo By.id: postal-code
######################################
######################################
Clicou no elemento By.id: continue
######################################
]]></system-out>
  </testcase>
  <testcase name="E as informacoes de checkou sao exibidas" classname="| standard_user | secret_sauce | 3 | Filomena | Juquinha | 44455222 |" time="0">
    <system-out><![CDATA[######################################
Validou a mensagem Sauce Labs Bolt T-Shirt
######################################
]]></system-out>
  </testcase>
  <testcase name="E clicado em Finish" classname="| standard_user | secret_sauce | 3 | Filomena | Juquinha | 44455222 |" time="0">
    <system-out><![CDATA[######################################
Clicou no elemento By.id: finish
######################################
]]></system-out>
  </testcase>
  <testcase name="Entao a compra e efetuada" classname="| standard_user | secret_sauce | 3 | Filomena | Juquinha | 44455222 |" time="0">
    <system-out><![CDATA[######################################
Validou a mensagem Checkout: Complete!
######################################
######################################
Validou a mensagem Thank you for your order!
######################################
######################################
Validou a mensagem Your order has been dispatched, and will arrive just as fast as the pony can get there!
######################################
]]></system-out>
  </testcase>
  <testcase name="E e feito logout" classname="| standard_user | secret_sauce | 3 | Filomena | Juquinha | 44455222 |" time="0">
    <system-out><![CDATA[######################################
Clicou no elemento By.id: react-burger-menu-btn
######################################
######################################
Clicou no elemento By.id: logout_sidebar_link
######################################
]]></system-out>
  </testcase>
  <testcase name="" classname="| standard_user | secret_sauce | 3 | Filomena | Juquinha | 44455222 |" time="0.394">
    <system-out><![CDATA[+++++++++++++
Teste sendo exectado: Efetuar compra e validar valor total
Status: passed
Tag: [@Compra]
+++++++++++++
Teste sendo exectado: Efetuar compra e validar valor total
Status: passed
Tag: [@Compra]
+++++++++++++
Teste sendo exectado: Efetuar compra e validar valor total
Status: passed
Tag: [@Compra]
]]></system-out>
  </testcase>
  <testcase name="Dado Que eu acessei a aplicacao" classname="| standard_user | secret_sauce | 4 | Felipe | Matos | 54400220 |" time="0">
    <system-err><![CDATA[Starting ChromeDriver 120.0.6099.71 (9729082fe6174c0a371fc66501f5efc5d69d3d2b-refs/branch-heads/6099_56@{#13}) on port 8101
Only local connections are allowed.
Please see https://chromedriver.chromium.org/security-considerations for suggestions on keeping ChromeDriver safe.
ChromeDriver was started successfully.
dez 16, 2023 4:33:46 PM org.openqa.selenium.remote.ProtocolHandshake createSession
INFORMAÇÕES: Detected dialect: W3C
]]></system-err>
  </testcase>
  <testcase name="Dado Que o usuario efetuou login incluindo &quot;standard_user&quot; e &quot;secret_sauce&quot;" classname="| standard_user | secret_sauce | 4 | Felipe | Matos | 54400220 |" time="0">
    <system-out><![CDATA[######################################
Preencheu o campo By.id: user-name
######################################
######################################
Preencheu o campo By.id: password
######################################
######################################
Clicou no elemento By.id: login-button
######################################
]]></system-out>
  </testcase>
  <testcase name="E selecionou um produto &quot;4&quot;" classname="| standard_user | secret_sauce | 4 | Felipe | Matos | 54400220 |" time="0">
    <system-out><![CDATA[######################################
Clicou no elemento By.xpath: //div[@class="inventory_item"][4]//button
######################################
######################################
Validou a mensagem Remove
######################################
######################################
Clicou no elemento By.id: shopping_cart_container
######################################
######################################
Validou a mensagem Sauce Labs Fleece Jacket
######################################
######################################
Validou a mensagem $49.99
######################################
######################################
Clicou no elemento By.id: checkout
######################################
]]></system-out>
  </testcase>
  <testcase name="Quando feito o checkout e preenchido &quot;Felipe&quot; &quot;Matos&quot; &quot;54400220&quot;" classname="| standard_user | secret_sauce | 4 | Felipe | Matos | 54400220 |" time="0">
    <system-out><![CDATA[######################################
Preencheu o campo By.id: first-name
######################################
######################################
Preencheu o campo By.id: last-name
######################################
######################################
Preencheu o campo By.id: postal-code
######################################
######################################
Clicou no elemento By.id: continue
######################################
]]></system-out>
  </testcase>
  <testcase name="E as informacoes de checkou sao exibidas" classname="| standard_user | secret_sauce | 4 | Felipe | Matos | 54400220 |" time="0">
    <system-out><![CDATA[######################################
Validou a mensagem Sauce Labs Fleece Jacket
######################################
]]></system-out>
  </testcase>
  <testcase name="E clicado em Finish" classname="| standard_user | secret_sauce | 4 | Felipe | Matos | 54400220 |" time="0">
    <system-out><![CDATA[######################################
Clicou no elemento By.id: finish
######################################
]]></system-out>
  </testcase>
  <testcase name="Entao a compra e efetuada" classname="| standard_user | secret_sauce | 4 | Felipe | Matos | 54400220 |" time="0">
    <system-out><![CDATA[######################################
Validou a mensagem Checkout: Complete!
######################################
######################################
Validou a mensagem Thank you for your order!
######################################
######################################
Validou a mensagem Your order has been dispatched, and will arrive just as fast as the pony can get there!
######################################
]]></system-out>
  </testcase>
  <testcase name="E e feito logout" classname="| standard_user | secret_sauce | 4 | Felipe | Matos | 54400220 |" time="0">
    <system-out><![CDATA[######################################
Clicou no elemento By.id: react-burger-menu-btn
######################################
######################################
Clicou no elemento By.id: logout_sidebar_link
######################################
]]></system-out>
  </testcase>
  <testcase name="" classname="| standard_user | secret_sauce | 4 | Felipe | Matos | 54400220 |" time="0.432">
    <system-out><![CDATA[+++++++++++++
Teste sendo exectado: Efetuar compra com multiplos usuarios com fluxo nao impeditivo e validar valor total
Status: passed
Tag: [@Compra-multi-user]
+++++++++++++
Teste sendo exectado: Efetuar compra com multiplos usuarios com fluxo nao impeditivo e validar valor total
Status: passed
Tag: [@Compra-multi-user]
+++++++++++++
Teste sendo exectado: Efetuar compra com multiplos usuarios com fluxo nao impeditivo e validar valor total
Status: passed
Tag: [@Compra-multi-user]
]]></system-out>
  </testcase>
  <testcase name="Dado Que eu acessei a aplicacao" classname="| standard_user | secret_sauce | 3 | Eduardo | Vicente | 54376450 |" time="0">
    <system-err><![CDATA[Starting ChromeDriver 120.0.6099.71 (9729082fe6174c0a371fc66501f5efc5d69d3d2b-refs/branch-heads/6099_56@{#13}) on port 19304
Only local connections are allowed.
Please see https://chromedriver.chromium.org/security-considerations for suggestions on keeping ChromeDriver safe.
ChromeDriver was started successfully.
dez 16, 2023 4:33:52 PM org.openqa.selenium.remote.ProtocolHandshake createSession
INFORMAÇÕES: Detected dialect: W3C
]]></system-err>
  </testcase>
  <testcase name="Dado Que o usuario efetuou login incluindo &quot;standard_user&quot; e &quot;secret_sauce&quot;" classname="| standard_user | secret_sauce | 3 | Eduardo | Vicente | 54376450 |" time="0">
    <system-out><![CDATA[######################################
Preencheu o campo By.id: user-name
######################################
######################################
Preencheu o campo By.id: password
######################################
######################################
Clicou no elemento By.id: login-button
######################################
]]></system-out>
  </testcase>
  <testcase name="E selecionou um produto &quot;3&quot;" classname="| standard_user | secret_sauce | 3 | Eduardo | Vicente | 54376450 |" time="0">
    <system-out><![CDATA[######################################
Clicou no elemento By.xpath: //div[@class="inventory_item"][3]//button
######################################
######################################
Validou a mensagem Remove
######################################
######################################
Clicou no elemento By.id: shopping_cart_container
######################################
######################################
Validou a mensagem Sauce Labs Bolt T-Shirt
######################################
######################################
Validou a mensagem $15.99
######################################
######################################
Clicou no elemento By.id: checkout
######################################
]]></system-out>
  </testcase>
  <testcase name="Quando feito o checkout e preenchido &quot;Eduardo&quot; &quot;Vicente&quot; &quot;54376450&quot;" classname="| standard_user | secret_sauce | 3 | Eduardo | Vicente | 54376450 |" time="0">
    <system-out><![CDATA[######################################
Preencheu o campo By.id: first-name
######################################
######################################
Preencheu o campo By.id: last-name
######################################
######################################
Preencheu o campo By.id: postal-code
######################################
######################################
Clicou no elemento By.id: continue
######################################
]]></system-out>
  </testcase>
  <testcase name="E as informacoes de checkou sao exibidas" classname="| standard_user | secret_sauce | 3 | Eduardo | Vicente | 54376450 |" time="0">
    <system-out><![CDATA[######################################
Validou a mensagem Sauce Labs Bolt T-Shirt
######################################
]]></system-out>
  </testcase>
  <testcase name="E clicado em Finish" classname="| standard_user | secret_sauce | 3 | Eduardo | Vicente | 54376450 |" time="0.001">
    <system-out><![CDATA[######################################
Clicou no elemento By.id: finish
######################################
]]></system-out>
  </testcase>
  <testcase name="Entao a compra e efetuada" classname="| standard_user | secret_sauce | 3 | Eduardo | Vicente | 54376450 |" time="0">
    <system-out><![CDATA[######################################
Validou a mensagem Checkout: Complete!
######################################
######################################
Validou a mensagem Thank you for your order!
######################################
######################################
Validou a mensagem Your order has been dispatched, and will arrive just as fast as the pony can get there!
######################################
]]></system-out>
  </testcase>
  <testcase name="E e feito logout" classname="| standard_user | secret_sauce | 3 | Eduardo | Vicente | 54376450 |" time="0">
    <system-out><![CDATA[######################################
Clicou no elemento By.id: react-burger-menu-btn
######################################
######################################
Clicou no elemento By.id: logout_sidebar_link
######################################
]]></system-out>
  </testcase>
  <testcase name="" classname="| standard_user | secret_sauce | 3 | Eduardo | Vicente | 54376450 |" time="0.363">
    <system-out><![CDATA[+++++++++++++
Teste sendo exectado: Efetuar compra com multiplos usuarios com fluxo nao impeditivo e validar valor total
Status: passed
Tag: [@Compra-multi-user]
+++++++++++++
Teste sendo exectado: Efetuar compra com multiplos usuarios com fluxo nao impeditivo e validar valor total
Status: passed
Tag: [@Compra-multi-user]
+++++++++++++
Teste sendo exectado: Efetuar compra com multiplos usuarios com fluxo nao impeditivo e validar valor total
Status: passed
Tag: [@Compra-multi-user]
]]></system-out>
  </testcase>
  <testcase name="Dado Que eu acessei a aplicacao" classname="| performance_glitch_user | secret_sauce | 2 | Filomena | Santos | 56675220 |" time="0">
    <system-err><![CDATA[Starting ChromeDriver 120.0.6099.71 (9729082fe6174c0a371fc66501f5efc5d69d3d2b-refs/branch-heads/6099_56@{#13}) on port 31176
Only local connections are allowed.
Please see https://chromedriver.chromium.org/security-considerations for suggestions on keeping ChromeDriver safe.
ChromeDriver was started successfully.
dez 16, 2023 4:33:57 PM org.openqa.selenium.remote.ProtocolHandshake createSession
INFORMAÇÕES: Detected dialect: W3C
]]></system-err>
  </testcase>
  <testcase name="Dado Que o usuario efetuou login incluindo &quot;performance_glitch_user&quot; e &quot;secret_sauce&quot;" classname="| performance_glitch_user | secret_sauce | 2 | Filomena | Santos | 56675220 |" time="0">
    <system-out><![CDATA[######################################
Preencheu o campo By.id: user-name
######################################
######################################
Preencheu o campo By.id: password
######################################
######################################
Clicou no elemento By.id: login-button
######################################
]]></system-out>
  </testcase>
  <testcase name="E selecionou um produto &quot;2&quot;" classname="| performance_glitch_user | secret_sauce | 2 | Filomena | Santos | 56675220 |" time="0">
    <system-out><![CDATA[######################################
Clicou no elemento By.xpath: //div[@class="inventory_item"][2]//button
######################################
######################################
Validou a mensagem Remove
######################################
######################################
Clicou no elemento By.id: shopping_cart_container
######################################
######################################
Validou a mensagem Sauce Labs Bike Light
######################################
######################################
Validou a mensagem $9.99
######################################
######################################
Clicou no elemento By.id: checkout
######################################
]]></system-out>
  </testcase>
  <testcase name="Quando feito o checkout e preenchido &quot;Filomena&quot; &quot;Santos&quot; &quot;56675220&quot;" classname="| performance_glitch_user | secret_sauce | 2 | Filomena | Santos | 56675220 |" time="0">
    <system-out><![CDATA[######################################
Preencheu o campo By.id: first-name
######################################
######################################
Preencheu o campo By.id: last-name
######################################
######################################
Preencheu o campo By.id: postal-code
######################################
######################################
Clicou no elemento By.id: continue
######################################
]]></system-out>
  </testcase>
  <testcase name="E as informacoes de checkou sao exibidas" classname="| performance_glitch_user | secret_sauce | 2 | Filomena | Santos | 56675220 |" time="0">
    <system-out><![CDATA[######################################
Validou a mensagem Sauce Labs Bike Light
######################################
]]></system-out>
  </testcase>
  <testcase name="E clicado em Finish" classname="| performance_glitch_user | secret_sauce | 2 | Filomena | Santos | 56675220 |" time="0">
    <system-out><![CDATA[######################################
Clicou no elemento By.id: finish
######################################
]]></system-out>
  </testcase>
  <testcase name="Entao a compra e efetuada" classname="| performance_glitch_user | secret_sauce | 2 | Filomena | Santos | 56675220 |" time="0">
    <system-out><![CDATA[######################################
Validou a mensagem Checkout: Complete!
######################################
######################################
Validou a mensagem Thank you for your order!
######################################
######################################
Validou a mensagem Your order has been dispatched, and will arrive just as fast as the pony can get there!
######################################
]]></system-out>
  </testcase>
  <testcase name="E e feito logout" classname="| performance_glitch_user | secret_sauce | 2 | Filomena | Santos | 56675220 |" time="0">
    <system-out><![CDATA[######################################
Clicou no elemento By.id: react-burger-menu-btn
######################################
######################################
Clicou no elemento By.id: logout_sidebar_link
######################################
]]></system-out>
  </testcase>
  <testcase name="" classname="| performance_glitch_user | secret_sauce | 2 | Filomena | Santos | 56675220 |" time="0.374">
    <system-out><![CDATA[+++++++++++++
Teste sendo exectado: Efetuar compra com multiplos usuarios com fluxo nao impeditivo e validar valor total
Status: passed
Tag: [@Compra-multi-user]
+++++++++++++
Teste sendo exectado: Efetuar compra com multiplos usuarios com fluxo nao impeditivo e validar valor total
Status: passed
Tag: [@Compra-multi-user]
+++++++++++++
Teste sendo exectado: Efetuar compra com multiplos usuarios com fluxo nao impeditivo e validar valor total
Status: passed
Tag: [@Compra-multi-user]
]]></system-out>
  </testcase>
  <testcase name="Dado Que eu acessei a aplicacao" classname="| performance_glitch_user | secret_sauce | 4 | Eduardo | Claudio | 54377750 |" time="0">
    <system-err><![CDATA[Starting ChromeDriver 120.0.6099.71 (9729082fe6174c0a371fc66501f5efc5d69d3d2b-refs/branch-heads/6099_56@{#13}) on port 8967
Only local connections are allowed.
Please see https://chromedriver.chromium.org/security-considerations for suggestions on keeping ChromeDriver safe.
ChromeDriver was started successfully.
dez 16, 2023 4:34:07 PM org.openqa.selenium.remote.ProtocolHandshake createSession
INFORMAÇÕES: Detected dialect: W3C
]]></system-err>
  </testcase>
  <testcase name="Dado Que o usuario efetuou login incluindo &quot;performance_glitch_user&quot; e &quot;secret_sauce&quot;" classname="| performance_glitch_user | secret_sauce | 4 | Eduardo | Claudio | 54377750 |" time="0">
    <system-out><![CDATA[######################################
Preencheu o campo By.id: user-name
######################################
######################################
Preencheu o campo By.id: password
######################################
######################################
Clicou no elemento By.id: login-button
######################################
]]></system-out>
  </testcase>
  <testcase name="E selecionou um produto &quot;4&quot;" classname="| performance_glitch_user | secret_sauce | 4 | Eduardo | Claudio | 54377750 |" time="0">
    <system-out><![CDATA[######################################
Clicou no elemento By.xpath: //div[@class="inventory_item"][4]//button
######################################
######################################
Validou a mensagem Remove
######################################
######################################
Clicou no elemento By.id: shopping_cart_container
######################################
######################################
Validou a mensagem Sauce Labs Fleece Jacket
######################################
######################################
Validou a mensagem $49.99
######################################
######################################
Clicou no elemento By.id: checkout
######################################
]]></system-out>
  </testcase>
  <testcase name="Quando feito o checkout e preenchido &quot;Eduardo&quot; &quot;Claudio&quot; &quot;54377750&quot;" classname="| performance_glitch_user | secret_sauce | 4 | Eduardo | Claudio | 54377750 |" time="0">
    <system-out><![CDATA[######################################
Preencheu o campo By.id: first-name
######################################
######################################
Preencheu o campo By.id: last-name
######################################
######################################
Preencheu o campo By.id: postal-code
######################################
######################################
Clicou no elemento By.id: continue
######################################
]]></system-out>
  </testcase>
  <testcase name="E as informacoes de checkou sao exibidas" classname="| performance_glitch_user | secret_sauce | 4 | Eduardo | Claudio | 54377750 |" time="0">
    <system-out><![CDATA[######################################
Validou a mensagem Sauce Labs Fleece Jacket
######################################
]]></system-out>
  </testcase>
  <testcase name="E clicado em Finish" classname="| performance_glitch_user | secret_sauce | 4 | Eduardo | Claudio | 54377750 |" time="0">
    <system-out><![CDATA[######################################
Clicou no elemento By.id: finish
######################################
]]></system-out>
  </testcase>
  <testcase name="Entao a compra e efetuada" classname="| performance_glitch_user | secret_sauce | 4 | Eduardo | Claudio | 54377750 |" time="0">
    <system-out><![CDATA[######################################
Validou a mensagem Checkout: Complete!
######################################
######################################
Validou a mensagem Thank you for your order!
######################################
######################################
Validou a mensagem Your order has been dispatched, and will arrive just as fast as the pony can get there!
######################################
]]></system-out>
  </testcase>
  <testcase name="E e feito logout" classname="| performance_glitch_user | secret_sauce | 4 | Eduardo | Claudio | 54377750 |" time="0">
    <system-out><![CDATA[######################################
Clicou no elemento By.id: react-burger-menu-btn
######################################
######################################
Clicou no elemento By.id: logout_sidebar_link
######################################
]]></system-out>
  </testcase>
  <testcase name="" classname="| performance_glitch_user | secret_sauce | 4 | Eduardo | Claudio | 54377750 |" time="0.407">
    <system-out><![CDATA[+++++++++++++
Teste sendo exectado: Efetuar compra com multiplos usuarios com fluxo nao impeditivo e validar valor total
Status: passed
Tag: [@Compra-multi-user]
+++++++++++++
Teste sendo exectado: Efetuar compra com multiplos usuarios com fluxo nao impeditivo e validar valor total
Status: passed
Tag: [@Compra-multi-user]
+++++++++++++
Teste sendo exectado: Efetuar compra com multiplos usuarios com fluxo nao impeditivo e validar valor total
Status: passed
Tag: [@Compra-multi-user]
]]></system-out>
  </testcase>
  <testcase name="Dado Que eu acessei a aplicacao" classname="| visual_user | secret_sauce | 1 | Heberth | Silva | 99864436 |" time="0">
    <system-err><![CDATA[Starting ChromeDriver 120.0.6099.71 (9729082fe6174c0a371fc66501f5efc5d69d3d2b-refs/branch-heads/6099_56@{#13}) on port 45473
Only local connections are allowed.
Please see https://chromedriver.chromium.org/security-considerations for suggestions on keeping ChromeDriver safe.
ChromeDriver was started successfully.
dez 16, 2023 4:34:18 PM org.openqa.selenium.remote.ProtocolHandshake createSession
INFORMAÇÕES: Detected dialect: W3C
]]></system-err>
  </testcase>
  <testcase name="Dado Que o usuario efetuou login incluindo &quot;visual_user&quot; e &quot;secret_sauce&quot;" classname="| visual_user | secret_sauce | 1 | Heberth | Silva | 99864436 |" time="0">
    <system-out><![CDATA[######################################
Preencheu o campo By.id: user-name
######################################
######################################
Preencheu o campo By.id: password
######################################
######################################
Clicou no elemento By.id: login-button
######################################
]]></system-out>
  </testcase>
  <testcase name="E selecionou um produto &quot;1&quot;" classname="| visual_user | secret_sauce | 1 | Heberth | Silva | 99864436 |" time="0">
    <system-out><![CDATA[######################################
Clicou no elemento By.xpath: //div[@class="inventory_item"][1]//button
######################################
######################################
Validou a mensagem Remove
######################################
######################################
Clicou no elemento By.id: shopping_cart_container
######################################
######################################
Validou a mensagem Sauce Labs Backpack
######################################
######################################
Validou a mensagem $29.99
######################################
######################################
Clicou no elemento By.id: checkout
######################################
]]></system-out>
  </testcase>
  <testcase name="Quando feito o checkout e preenchido &quot;Heberth&quot; &quot;Silva&quot; &quot;99864436&quot;" classname="| visual_user | secret_sauce | 1 | Heberth | Silva | 99864436 |" time="0">
    <system-out><![CDATA[######################################
Preencheu o campo By.id: first-name
######################################
######################################
Preencheu o campo By.id: last-name
######################################
######################################
Preencheu o campo By.id: postal-code
######################################
######################################
Clicou no elemento By.id: continue
######################################
]]></system-out>
  </testcase>
  <testcase name="E as informacoes de checkou sao exibidas" classname="| visual_user | secret_sauce | 1 | Heberth | Silva | 99864436 |" time="0">
    <system-out><![CDATA[######################################
Validou a mensagem Sauce Labs Backpack
######################################
]]></system-out>
  </testcase>
  <testcase name="E clicado em Finish" classname="| visual_user | secret_sauce | 1 | Heberth | Silva | 99864436 |" time="0">
    <system-out><![CDATA[######################################
Clicou no elemento By.id: finish
######################################
]]></system-out>
  </testcase>
  <testcase name="Entao a compra e efetuada" classname="| visual_user | secret_sauce | 1 | Heberth | Silva | 99864436 |" time="0">
    <system-out><![CDATA[######################################
Validou a mensagem Checkout: Complete!
######################################
######################################
Validou a mensagem Thank you for your order!
######################################
######################################
Validou a mensagem Your order has been dispatched, and will arrive just as fast as the pony can get there!
######################################
]]></system-out>
  </testcase>
  <testcase name="E e feito logout" classname="| visual_user | secret_sauce | 1 | Heberth | Silva | 99864436 |" time="0">
    <system-out><![CDATA[######################################
Clicou no elemento By.id: react-burger-menu-btn
######################################
######################################
Clicou no elemento By.id: logout_sidebar_link
######################################
]]></system-out>
  </testcase>
  <testcase name="" classname="| visual_user | secret_sauce | 1 | Heberth | Silva | 99864436 |" time="0.406">
    <system-out><![CDATA[+++++++++++++
Teste sendo exectado: Efetuar compra com multiplos usuarios com fluxo nao impeditivo e validar valor total
Status: passed
Tag: [@Compra-multi-user]
+++++++++++++
Teste sendo exectado: Efetuar compra com multiplos usuarios com fluxo nao impeditivo e validar valor total
Status: passed
Tag: [@Compra-multi-user]
+++++++++++++
Teste sendo exectado: Efetuar compra com multiplos usuarios com fluxo nao impeditivo e validar valor total
Status: passed
Tag: [@Compra-multi-user]
]]></system-out>
  </testcase>
  <testcase name="Dado Que eu acessei a aplicacao" classname="| visual_user | secret_sauce | 2 | Talita | Nascimento | 99633551 |" time="0">
    <system-err><![CDATA[Starting ChromeDriver 120.0.6099.71 (9729082fe6174c0a371fc66501f5efc5d69d3d2b-refs/branch-heads/6099_56@{#13}) on port 25125
Only local connections are allowed.
Please see https://chromedriver.chromium.org/security-considerations for suggestions on keeping ChromeDriver safe.
ChromeDriver was started successfully.
dez 16, 2023 4:34:23 PM org.openqa.selenium.remote.ProtocolHandshake createSession
INFORMAÇÕES: Detected dialect: W3C
]]></system-err>
  </testcase>
  <testcase name="Dado Que o usuario efetuou login incluindo &quot;visual_user&quot; e &quot;secret_sauce&quot;" classname="| visual_user | secret_sauce | 2 | Talita | Nascimento | 99633551 |" time="0">
    <system-out><![CDATA[######################################
Preencheu o campo By.id: user-name
######################################
######################################
Preencheu o campo By.id: password
######################################
######################################
Clicou no elemento By.id: login-button
######################################
]]></system-out>
  </testcase>
  <testcase name="E selecionou um produto &quot;2&quot;" classname="| visual_user | secret_sauce | 2 | Talita | Nascimento | 99633551 |" time="0">
    <system-out><![CDATA[######################################
Clicou no elemento By.xpath: //div[@class="inventory_item"][2]//button
######################################
######################################
Validou a mensagem Remove
######################################
######################################
Clicou no elemento By.id: shopping_cart_container
######################################
######################################
Validou a mensagem Sauce Labs Bike Light
######################################
######################################
Validou a mensagem $9.99
######################################
######################################
Clicou no elemento By.id: checkout
######################################
]]></system-out>
  </testcase>
  <testcase name="Quando feito o checkout e preenchido &quot;Talita&quot; &quot;Nascimento&quot; &quot;99633551&quot;" classname="| visual_user | secret_sauce | 2 | Talita | Nascimento | 99633551 |" time="0">
    <system-out><![CDATA[######################################
Preencheu o campo By.id: first-name
######################################
######################################
Preencheu o campo By.id: last-name
######################################
######################################
Preencheu o campo By.id: postal-code
######################################
######################################
Clicou no elemento By.id: continue
######################################
]]></system-out>
  </testcase>
  <testcase name="E as informacoes de checkou sao exibidas" classname="| visual_user | secret_sauce | 2 | Talita | Nascimento | 99633551 |" time="0">
    <system-out><![CDATA[######################################
Validou a mensagem Sauce Labs Bike Light
######################################
]]></system-out>
  </testcase>
  <testcase name="E clicado em Finish" classname="| visual_user | secret_sauce | 2 | Talita | Nascimento | 99633551 |" time="0">
    <system-out><![CDATA[######################################
Clicou no elemento By.id: finish
######################################
]]></system-out>
  </testcase>
  <testcase name="Entao a compra e efetuada" classname="| visual_user | secret_sauce | 2 | Talita | Nascimento | 99633551 |" time="0">
    <system-out><![CDATA[######################################
Validou a mensagem Checkout: Complete!
######################################
######################################
Validou a mensagem Thank you for your order!
######################################
######################################
Validou a mensagem Your order has been dispatched, and will arrive just as fast as the pony can get there!
######################################
]]></system-out>
  </testcase>
  <testcase name="E e feito logout" classname="| visual_user | secret_sauce | 2 | Talita | Nascimento | 99633551 |" time="0">
    <system-out><![CDATA[######################################
Clicou no elemento By.id: react-burger-menu-btn
######################################
######################################
Clicou no elemento By.id: logout_sidebar_link
######################################
]]></system-out>
  </testcase>
  <testcase name="" classname="| visual_user | secret_sauce | 2 | Talita | Nascimento | 99633551 |" time="0.355">
    <system-out><![CDATA[+++++++++++++
Teste sendo exectado: Efetuar compra com multiplos usuarios com fluxo nao impeditivo e validar valor total
Status: passed
Tag: [@Compra-multi-user]
+++++++++++++
Teste sendo exectado: Efetuar compra com multiplos usuarios com fluxo nao impeditivo e validar valor total
Status: passed
Tag: [@Compra-multi-user]
+++++++++++++
Teste sendo exectado: Efetuar compra com multiplos usuarios com fluxo nao impeditivo e validar valor total
Status: passed
Tag: [@Compra-multi-user]
]]></system-out>
  </testcase>
  <testcase name="Dado Que eu acessei a aplicacao" classname="| locked_out_user | secret_sauce | Epic sadface: Sorry, this user has been locked out. |" time="0">
    <system-err><![CDATA[Starting ChromeDriver 120.0.6099.71 (9729082fe6174c0a371fc66501f5efc5d69d3d2b-refs/branch-heads/6099_56@{#13}) on port 26023
Only local connections are allowed.
Please see https://chromedriver.chromium.org/security-considerations for suggestions on keeping ChromeDriver safe.
ChromeDriver was started successfully.
dez 16, 2023 4:34:28 PM org.openqa.selenium.remote.ProtocolHandshake createSession
INFORMAÇÕES: Detected dialect: W3C
]]></system-err>
  </testcase>
  <testcase name="Dado que foi incluido &quot;locked_out_user&quot; e &quot;secret_sauce&quot;" classname="| locked_out_user | secret_sauce | Epic sadface: Sorry, this user has been locked out. |" time="0">
    <system-out><![CDATA[######################################
Preencheu o campo By.id: user-name
######################################
######################################
Preencheu o campo By.id: password
######################################
]]></system-out>
  </testcase>
  <testcase name="Quando clicar em Login" classname="| locked_out_user | secret_sauce | Epic sadface: Sorry, this user has been locked out. |" time="0.001">
    <system-out><![CDATA[######################################
Clicou no elemento By.id: login-button
######################################
]]></system-out>
  </testcase>
  <testcase name="Entao sera exibido &quot;Epic sadface: Sorry, this user has been locked out.&quot;" classname="| locked_out_user | secret_sauce | Epic sadface: Sorry, this user has been locked out. |" time="0">
    <system-out><![CDATA[######################################
Validou a mensagem Epic sadface: Sorry, this user has been locked out.
######################################
]]></system-out>
  </testcase>
  <testcase name="" classname="| locked_out_user | secret_sauce | Epic sadface: Sorry, this user has been locked out. |" time="0.37">
    <system-out><![CDATA[+++++++++++++
Teste sendo exectadoEfetuar login com usuario locked-out-user
Status: passed
Tag: [@Locked-out-user]
+++++++++++++
Teste sendo exectadoEfetuar login com usuario locked-out-user
Status: passed
Tag: [@Locked-out-user]
+++++++++++++
Teste sendo exectadoEfetuar login com usuario locked-out-user
Status: passed
Tag: [@Locked-out-user]
]]></system-out>
  </testcase>
  <testcase name="Dado Que eu acessei a aplicacao" classname="| problem_user | secret_sauce | 1 | Luana | Flores | 86364895 | Error: Last Name is required |" time="0">
    <system-err><![CDATA[Starting ChromeDriver 120.0.6099.71 (9729082fe6174c0a371fc66501f5efc5d69d3d2b-refs/branch-heads/6099_56@{#13}) on port 46717
Only local connections are allowed.
Please see https://chromedriver.chromium.org/security-considerations for suggestions on keeping ChromeDriver safe.
ChromeDriver was started successfully.
dez 16, 2023 4:34:32 PM org.openqa.selenium.remote.ProtocolHandshake createSession
INFORMAÇÕES: Detected dialect: W3C
]]></system-err>
  </testcase>
  <testcase name="Dado Que o usuario efetuou login incluindo &quot;problem_user&quot; e &quot;secret_sauce&quot;" classname="| problem_user | secret_sauce | 1 | Luana | Flores | 86364895 | Error: Last Name is required |" time="0">
    <system-out><![CDATA[######################################
Preencheu o campo By.id: user-name
######################################
######################################
Preencheu o campo By.id: password
######################################
######################################
Clicou no elemento By.id: login-button
######################################
]]></system-out>
  </testcase>
  <testcase name="E selecionou um produto &quot;1&quot;" classname="| problem_user | secret_sauce | 1 | Luana | Flores | 86364895 | Error: Last Name is required |" time="0">
    <system-out><![CDATA[######################################
Clicou no elemento By.xpath: //div[@class="inventory_item"][1]//button
######################################
######################################
Validou a mensagem Remove
######################################
######################################
Clicou no elemento By.id: shopping_cart_container
######################################
######################################
Validou a mensagem Sauce Labs Backpack
######################################
######################################
Validou a mensagem $29.99
######################################
######################################
Clicou no elemento By.id: checkout
######################################
]]></system-out>
  </testcase>
  <testcase name="Quando feito o checkout e preenchido &quot;Luana&quot; &quot;Flores&quot; &quot;86364895&quot;" classname="| problem_user | secret_sauce | 1 | Luana | Flores | 86364895 | Error: Last Name is required |" time="0">
    <system-out><![CDATA[######################################
Preencheu o campo By.id: first-name
######################################
######################################
Preencheu o campo By.id: last-name
######################################
######################################
Preencheu o campo By.id: postal-code
######################################
######################################
Clicou no elemento By.id: continue
######################################
]]></system-out>
  </testcase>
  <testcase name="Entao e exibido &quot;Error: Last Name is required&quot; de erro" classname="| problem_user | secret_sauce | 1 | Luana | Flores | 86364895 | Error: Last Name is required |" time="0">
    <system-out><![CDATA[######################################
Validou a mensagem Error: Last Name is required
######################################
]]></system-out>
  </testcase>
  <testcase name="E e feito logout" classname="| problem_user | secret_sauce | 1 | Luana | Flores | 86364895 | Error: Last Name is required |" time="0">
    <system-out><![CDATA[######################################
Clicou no elemento By.id: react-burger-menu-btn
######################################
######################################
Clicou no elemento By.id: logout_sidebar_link
######################################
]]></system-out>
  </testcase>
  <testcase name="" classname="| problem_user | secret_sauce | 1 | Luana | Flores | 86364895 | Error: Last Name is required |" time="0.413">
    <system-out><![CDATA[+++++++++++++
Teste sendo exectadoFluxo de compra com usuario com problema
Status: passed
Tag: [@Problem-user]
+++++++++++++
Teste sendo exectadoFluxo de compra com usuario com problema
Status: passed
Tag: [@Problem-user]
+++++++++++++
Teste sendo exectadoFluxo de compra com usuario com problema
Status: passed
Tag: [@Problem-user]
]]></system-out>
  </testcase>
  <testcase name="Dado Que eu acessei a aplicacao" classname="| problem_user | secret_sauce | 2 | Viviane | Macedo | 18264976 | Error: Last Name is required |" time="0">
    <system-err><![CDATA[Starting ChromeDriver 120.0.6099.71 (9729082fe6174c0a371fc66501f5efc5d69d3d2b-refs/branch-heads/6099_56@{#13}) on port 3861
Only local connections are allowed.
Please see https://chromedriver.chromium.org/security-considerations for suggestions on keeping ChromeDriver safe.
ChromeDriver was started successfully.
dez 16, 2023 4:34:37 PM org.openqa.selenium.remote.ProtocolHandshake createSession
INFORMAÇÕES: Detected dialect: W3C
]]></system-err>
  </testcase>
  <testcase name="Dado Que o usuario efetuou login incluindo &quot;problem_user&quot; e &quot;secret_sauce&quot;" classname="| problem_user | secret_sauce | 2 | Viviane | Macedo | 18264976 | Error: Last Name is required |" time="0">
    <system-out><![CDATA[######################################
Preencheu o campo By.id: user-name
######################################
######################################
Preencheu o campo By.id: password
######################################
######################################
Clicou no elemento By.id: login-button
######################################
]]></system-out>
  </testcase>
  <testcase name="E selecionou um produto &quot;2&quot;" classname="| problem_user | secret_sauce | 2 | Viviane | Macedo | 18264976 | Error: Last Name is required |" time="0">
    <system-out><![CDATA[######################################
Clicou no elemento By.xpath: //div[@class="inventory_item"][2]//button
######################################
######################################
Validou a mensagem Remove
######################################
######################################
Clicou no elemento By.id: shopping_cart_container
######################################
######################################
Validou a mensagem Sauce Labs Bike Light
######################################
######################################
Validou a mensagem $9.99
######################################
######################################
Clicou no elemento By.id: checkout
######################################
]]></system-out>
  </testcase>
  <testcase name="Quando feito o checkout e preenchido &quot;Viviane&quot; &quot;Macedo&quot; &quot;18264976&quot;" classname="| problem_user | secret_sauce | 2 | Viviane | Macedo | 18264976 | Error: Last Name is required |" time="0">
    <system-out><![CDATA[######################################
Preencheu o campo By.id: first-name
######################################
######################################
Preencheu o campo By.id: last-name
######################################
######################################
Preencheu o campo By.id: postal-code
######################################
######################################
Clicou no elemento By.id: continue
######################################
]]></system-out>
  </testcase>
  <testcase name="Entao e exibido &quot;Error: Last Name is required&quot; de erro" classname="| problem_user | secret_sauce | 2 | Viviane | Macedo | 18264976 | Error: Last Name is required |" time="0">
    <system-out><![CDATA[######################################
Validou a mensagem Error: Last Name is required
######################################
]]></system-out>
  </testcase>
  <testcase name="E e feito logout" classname="| problem_user | secret_sauce | 2 | Viviane | Macedo | 18264976 | Error: Last Name is required |" time="0">
    <system-out><![CDATA[######################################
Clicou no elemento By.id: react-burger-menu-btn
######################################
######################################
Clicou no elemento By.id: logout_sidebar_link
######################################
]]></system-out>
  </testcase>
  <testcase name="" classname="| problem_user | secret_sauce | 2 | Viviane | Macedo | 18264976 | Error: Last Name is required |" time="0.398">
    <system-out><![CDATA[+++++++++++++
Teste sendo exectadoFluxo de compra com usuario com problema
Status: passed
Tag: [@Problem-user]
+++++++++++++
Teste sendo exectadoFluxo de compra com usuario com problema
Status: passed
Tag: [@Problem-user]
+++++++++++++
Teste sendo exectadoFluxo de compra com usuario com problema
Status: passed
Tag: [@Problem-user]
]]></system-out>
  </testcase>
  <testcase name="Dado Que eu acessei a aplicacao" classname="| error_user | secret_sauce | 1 | Luana | Flores | 86364895 |" time="0">
    <system-err><![CDATA[Starting ChromeDriver 120.0.6099.71 (9729082fe6174c0a371fc66501f5efc5d69d3d2b-refs/branch-heads/6099_56@{#13}) on port 27865
Only local connections are allowed.
Please see https://chromedriver.chromium.org/security-considerations for suggestions on keeping ChromeDriver safe.
ChromeDriver was started successfully.
dez 16, 2023 4:34:42 PM org.openqa.selenium.remote.ProtocolHandshake createSession
INFORMAÇÕES: Detected dialect: W3C
]]></system-err>
  </testcase>
  <testcase name="Dado Que o usuario efetuou login incluindo &quot;error_user&quot; e &quot;secret_sauce&quot;" classname="| error_user | secret_sauce | 1 | Luana | Flores | 86364895 |" time="0">
    <system-out><![CDATA[######################################
Preencheu o campo By.id: user-name
######################################
######################################
Preencheu o campo By.id: password
######################################
######################################
Clicou no elemento By.id: login-button
######################################
]]></system-out>
  </testcase>
  <testcase name="E selecionou um produto &quot;1&quot;" classname="| error_user | secret_sauce | 1 | Luana | Flores | 86364895 |" time="0">
    <system-out><![CDATA[######################################
Clicou no elemento By.xpath: //div[@class="inventory_item"][1]//button
######################################
######################################
Validou a mensagem Remove
######################################
######################################
Clicou no elemento By.id: shopping_cart_container
######################################
######################################
Validou a mensagem Sauce Labs Backpack
######################################
######################################
Validou a mensagem $29.99
######################################
######################################
Clicou no elemento By.id: checkout
######################################
]]></system-out>
  </testcase>
  <testcase name="Quando feito o checkout e preenchido &quot;Luana&quot; &quot;Flores&quot; &quot;86364895&quot;" classname="| error_user | secret_sauce | 1 | Luana | Flores | 86364895 |" time="0">
    <system-out><![CDATA[######################################
Preencheu o campo By.id: first-name
######################################
######################################
Preencheu o campo By.id: last-name
######################################
######################################
Preencheu o campo By.id: postal-code
######################################
######################################
Clicou no elemento By.id: continue
######################################
]]></system-out>
  </testcase>
  <testcase name="E as informacoes de checkou sao exibidas" classname="| error_user | secret_sauce | 1 | Luana | Flores | 86364895 |" time="0">
    <system-out><![CDATA[######################################
Validou a mensagem Sauce Labs Backpack
######################################
]]></system-out>
  </testcase>
  <testcase name="E clicado em Finish" classname="| error_user | secret_sauce | 1 | Luana | Flores | 86364895 |" time="0">
    <system-out><![CDATA[######################################
Clicou no elemento By.id: finish
######################################
]]></system-out>
  </testcase>
  <testcase name="Entao a compra nao foi efetuada" classname="| error_user | secret_sauce | 1 | Luana | Flores | 86364895 |" time="0"/>
  <testcase name="" classname="| error_user | secret_sauce | 1 | Luana | Flores | 86364895 |" time="0.37">
    <system-out><![CDATA[+++++++++++++
Teste sendo exectadoFluxo de compra com usuario com erro
Status: passed
Tag: [@Error-user]
+++++++++++++
Teste sendo exectadoFluxo de compra com usuario com erro
Status: passed
Tag: [@Error-user]
+++++++++++++
Teste sendo exectadoFluxo de compra com usuario com erro
Status: passed
Tag: [@Error-user]
]]></system-out>
  </testcase>
  <testcase name="Dado Que eu acessei a aplicacao" classname="| error_user | secret_sauce | 2 | Valmir | Cleiton | 76567895 |" time="0">
    <system-err><![CDATA[Starting ChromeDriver 120.0.6099.71 (9729082fe6174c0a371fc66501f5efc5d69d3d2b-refs/branch-heads/6099_56@{#13}) on port 42496
Only local connections are allowed.
Please see https://chromedriver.chromium.org/security-considerations for suggestions on keeping ChromeDriver safe.
ChromeDriver was started successfully.
dez 16, 2023 4:34:46 PM org.openqa.selenium.remote.ProtocolHandshake createSession
INFORMAÇÕES: Detected dialect: W3C
]]></system-err>
  </testcase>
  <testcase name="Dado Que o usuario efetuou login incluindo &quot;error_user&quot; e &quot;secret_sauce&quot;" classname="| error_user | secret_sauce | 2 | Valmir | Cleiton | 76567895 |" time="0">
    <system-out><![CDATA[######################################
Preencheu o campo By.id: user-name
######################################
######################################
Preencheu o campo By.id: password
######################################
######################################
Clicou no elemento By.id: login-button
######################################
]]></system-out>
  </testcase>
  <testcase name="E selecionou um produto &quot;2&quot;" classname="| error_user | secret_sauce | 2 | Valmir | Cleiton | 76567895 |" time="0">
    <system-out><![CDATA[######################################
Clicou no elemento By.xpath: //div[@class="inventory_item"][2]//button
######################################
######################################
Validou a mensagem Remove
######################################
######################################
Clicou no elemento By.id: shopping_cart_container
######################################
######################################
Validou a mensagem Sauce Labs Bike Light
######################################
######################################
Validou a mensagem $9.99
######################################
######################################
Clicou no elemento By.id: checkout
######################################
]]></system-out>
  </testcase>
  <testcase name="Quando feito o checkout e preenchido &quot;Valmir&quot; &quot;Cleiton&quot; &quot;76567895&quot;" classname="| error_user | secret_sauce | 2 | Valmir | Cleiton | 76567895 |" time="0">
    <system-out><![CDATA[######################################
Preencheu o campo By.id: first-name
######################################
######################################
Preencheu o campo By.id: last-name
######################################
######################################
Preencheu o campo By.id: postal-code
######################################
######################################
Clicou no elemento By.id: continue
######################################
]]></system-out>
  </testcase>
  <testcase name="E as informacoes de checkou sao exibidas" classname="| error_user | secret_sauce | 2 | Valmir | Cleiton | 76567895 |" time="0">
    <system-out><![CDATA[######################################
Validou a mensagem Sauce Labs Bike Light
######################################
]]></system-out>
  </testcase>
  <testcase name="E clicado em Finish" classname="| error_user | secret_sauce | 2 | Valmir | Cleiton | 76567895 |" time="0">
    <system-out><![CDATA[######################################
Clicou no elemento By.id: finish
######################################
]]></system-out>
  </testcase>
  <testcase name="Entao a compra nao foi efetuada" classname="| error_user | secret_sauce | 2 | Valmir | Cleiton | 76567895 |" time="0"/>
  <testcase name="" classname="| error_user | secret_sauce | 2 | Valmir | Cleiton | 76567895 |" time="0.385">
    <system-out><![CDATA[+++++++++++++
Teste sendo exectadoFluxo de compra com usuario com erro
Status: passed
Tag: [@Error-user]
+++++++++++++
Teste sendo exectadoFluxo de compra com usuario com erro
Status: passed
Tag: [@Error-user]
+++++++++++++
Teste sendo exectadoFluxo de compra com usuario com erro
Status: passed
Tag: [@Error-user]
]]></system-out>
  </testcase>
</testsuite>