<?xml version="1.0" encoding="UTF-8"?>
<testsuite xmlns:xsi="http://www.w3.org/2001/XMLSchema-instance" xsi:noNamespaceSchemaLocation="https://maven.apache.org/surefire/maven-surefire-plugin/xsd/surefire-test-report-3.0.xsd" version="3.0" name="Runner.RunCucumberTest" time="177.932" tests="174" errors="0" skipped="0" failures="0">
  <properties>
    <property name="sun.desktop" value="windows"/>
    <property name="awt.toolkit" value="sun.awt.windows.WToolkit"/>
    <property name="file.encoding.pkg" value="sun.io"/>
    <property name="java.specification.version" value="1.8"/>
    <property name="sun.cpu.isalist" value="amd64"/>
    <property name="sun.jnu.encoding" value="Cp1252"/>
    <property name="java.class.path" value="C:\Users\lipel\WORKSPACE\NTTDATA-DesafioTecnico\target\test-classes;C:\Users\lipel\WORKSPACE\NTTDATA-DesafioTecnico\target\classes;C:\Users\lipel\.m2\repository\info\cukes\cucumber-junit\1.2.5\cucumber-junit-1.2.5.jar;C:\Users\lipel\.m2\repository\info\cukes\cucumber-core\1.2.5\cucumber-core-1.2.5.jar;C:\Users\lipel\.m2\repository\info\cukes\cucumber-html\0.2.3\cucumber-html-0.2.3.jar;C:\Users\lipel\.m2\repository\info\cukes\cucumber-jvm-deps\1.0.5\cucumber-jvm-deps-1.0.5.jar;C:\Users\lipel\.m2\repository\info\cukes\gherkin\2.12.2\gherkin-2.12.2.jar;C:\Users\lipel\.m2\repository\junit\junit\4.12\junit-4.12.jar;C:\Users\lipel\.m2\repository\org\hamcrest\hamcrest-core\1.3\hamcrest-core-1.3.jar;C:\Users\lipel\.m2\repository\info\cukes\cucumber-java\1.2.5\cucumber-java-1.2.5.jar;C:\Users\lipel\.m2\repository\org\seleniumhq\selenium\selenium-java\3.141.59\selenium-java-3.141.59.jar;C:\Users\lipel\.m2\repository\org\seleniumhq\selenium\selenium-api\3.141.59\selenium-api-3.141.59.jar;C:\Users\lipel\.m2\repository\org\seleniumhq\selenium\selenium-chrome-driver\3.141.59\selenium-chrome-driver-3.141.59.jar;C:\Users\lipel\.m2\repository\org\seleniumhq\selenium\selenium-edge-driver\3.141.59\selenium-edge-driver-3.141.59.jar;C:\Users\lipel\.m2\repository\org\seleniumhq\selenium\selenium-firefox-driver\3.141.59\selenium-firefox-driver-3.141.59.jar;C:\Users\lipel\.m2\repository\org\seleniumhq\selenium\selenium-ie-driver\3.141.59\selenium-ie-driver-3.141.59.jar;C:\Users\lipel\.m2\repository\org\seleniumhq\selenium\selenium-opera-driver\3.141.59\selenium-opera-driver-3.141.59.jar;C:\Users\lipel\.m2\repository\org\seleniumhq\selenium\selenium-remote-driver\3.141.59\selenium-remote-driver-3.141.59.jar;C:\Users\lipel\.m2\repository\org\seleniumhq\selenium\selenium-safari-driver\3.141.59\selenium-safari-driver-3.141.59.jar;C:\Users\lipel\.m2\repository\org\seleniumhq\selenium\selenium-support\3.141.59\selenium-support-3.141.59.jar;C:\Users\lipel\.m2\repository\net\bytebuddy\byte-buddy\1.8.15\byte-buddy-1.8.15.jar;C:\Users\lipel\.m2\repository\org\apache\commons\commons-exec\1.3\commons-exec-1.3.jar;C:\Users\lipel\.m2\repository\com\google\guava\guava\25.0-jre\guava-25.0-jre.jar;C:\Users\lipel\.m2\repository\com\google\code\findbugs\jsr305\1.3.9\jsr305-1.3.9.jar;C:\Users\lipel\.m2\repository\org\checkerframework\checker-compat-qual\2.0.0\checker-compat-qual-2.0.0.jar;C:\Users\lipel\.m2\repository\com\google\errorprone\error_prone_annotations\2.1.3\error_prone_annotations-2.1.3.jar;C:\Users\lipel\.m2\repository\com\google\j2objc\j2objc-annotations\1.1\j2objc-annotations-1.1.jar;C:\Users\lipel\.m2\repository\org\codehaus\mojo\animal-sniffer-annotations\1.14\animal-sniffer-annotations-1.14.jar;C:\Users\lipel\.m2\repository\com\squareup\okhttp3\okhttp\3.11.0\okhttp-3.11.0.jar;C:\Users\lipel\.m2\repository\com\squareup\okio\okio\1.14.0\okio-1.14.0.jar;C:\Users\lipel\.m2\repository\org\seleniumhq\selenium\selenium-http-jdk-client\4.8.1\selenium-http-jdk-client-4.8.1.jar;C:\Users\lipel\.m2\repository\com\google\auto\service\auto-service-annotations\1.0.1\auto-service-annotations-1.0.1.jar;C:\Users\lipel\.m2\repository\com\google\auto\service\auto-service\1.0.1\auto-service-1.0.1.jar;C:\Users\lipel\.m2\repository\com\google\auto\auto-common\1.2\auto-common-1.2.jar;C:\Users\lipel\.m2\repository\org\seleniumhq\selenium\selenium-http\4.8.1\selenium-http-4.8.1.jar;C:\Users\lipel\.m2\repository\dev\failsafe\failsafe\3.3.0\failsafe-3.3.0.jar;C:\Users\lipel\.m2\repository\org\seleniumhq\selenium\selenium-json\4.8.1\selenium-json-4.8.1.jar;C:\Users\lipel\.m2\repository\com\trivago\rta\cluecumber-report-plugin\2.9.4\cluecumber-report-plugin-2.9.4.jar;C:\Users\lipel\.m2\repository\javax\inject\javax.inject\1\javax.inject-1.jar;C:\Users\lipel\.m2\repository\org\apache\maven\maven-plugin-api\3.8.5\maven-plugin-api-3.8.5.jar;C:\Users\lipel\.m2\repository\org\apache\maven\maven-model\3.8.5\maven-model-3.8.5.jar;C:\Users\lipel\.m2\repository\org\apache\maven\maven-artifact\3.8.5\maven-artifact-3.8.5.jar;C:\Users\lipel\.m2\repository\org\apache\commons\commons-lang3\3.8.1\commons-lang3-3.8.1.jar;C:\Users\lipel\.m2\repository\org\eclipse\sisu\org.eclipse.sisu.plexus\0.3.5\org.eclipse.sisu.plexus-0.3.5.jar;C:\Users\lipel\.m2\repository\javax\annotation\javax.annotation-api\1.2\javax.annotation-api-1.2.jar;C:\Users\lipel\.m2\repository\org\eclipse\sisu\org.eclipse.sisu.inject\0.3.5\org.eclipse.sisu.inject-0.3.5.jar;C:\Users\lipel\.m2\repository\org\codehaus\plexus\plexus-component-annotations\1.5.5\plexus-component-annotations-1.5.5.jar;C:\Users\lipel\.m2\repository\org\codehaus\plexus\plexus-classworlds\2.6.0\plexus-classworlds-2.6.0.jar;C:\Users\lipel\.m2\repository\com\google\code\gson\gson\2.9.0\gson-2.9.0.jar;C:\Users\lipel\.m2\repository\io\gsonfire\gson-fire\1.9.0-alpha2\gson-fire-1.9.0-alpha2.jar;C:\Users\lipel\.m2\repository\org\freemarker\freemarker\2.3.31\freemarker-2.3.31.jar;C:\Users\lipel\.m2\repository\org\codehaus\plexus\plexus-utils\3.4.2\plexus-utils-3.4.2.jar;C:\Users\lipel\.m2\repository\org\apache\maven\plugins\maven-surefire-plugin\3.0.0-M5\maven-surefire-plugin-3.0.0-M5.jar;C:\Users\lipel\.m2\repository\org\apache\maven\surefire\maven-surefire-common\3.0.0-M5\maven-surefire-common-3.0.0-M5.jar;C:\Users\lipel\.m2\repository\org\apache\maven\surefire\surefire-api\3.0.0-M5\surefire-api-3.0.0-M5.jar;C:\Users\lipel\.m2\repository\org\apache\maven\surefire\surefire-logger-api\3.0.0-M5\surefire-logger-api-3.0.0-M5.jar;C:\Users\lipel\.m2\repository\org\apache\maven\surefire\surefire-extensions-api\3.0.0-M5\surefire-extensions-api-3.0.0-M5.jar;C:\Users\lipel\.m2\repository\org\apache\maven\surefire\surefire-booter\3.0.0-M5\surefire-booter-3.0.0-M5.jar;C:\Users\lipel\.m2\repository\org\apache\maven\surefire\surefire-extensions-spi\3.0.0-M5\surefire-extensions-spi-3.0.0-M5.jar;C:\Users\lipel\.m2\repository\org\apache\maven\maven-toolchain\3.0-alpha-2\maven-toolchain-3.0-alpha-2.jar;C:\Users\lipel\.m2\repository\org\apache\maven\shared\maven-artifact-transfer\0.11.0\maven-artifact-transfer-0.11.0.jar;C:\Users\lipel\.m2\repository\org\apache\maven\shared\maven-common-artifact-filters\3.0.1\maven-common-artifact-filters-3.0.1.jar;C:\Users\lipel\.m2\repository\org\sonatype\sisu\sisu-inject-plexus\1.4.2\sisu-inject-plexus-1.4.2.jar;C:\Users\lipel\.m2\repository\org\sonatype\sisu\sisu-inject-bean\1.4.2\sisu-inject-bean-1.4.2.jar;C:\Users\lipel\.m2\repository\org\sonatype\sisu\sisu-guice\2.1.7\sisu-guice-2.1.7-noaop.jar;C:\Users\lipel\.m2\repository\org\apache\maven\shared\maven-shared-utils\3.1.0\maven-shared-utils-3.1.0.jar;C:\Users\lipel\.m2\repository\commons-io\commons-io\2.5\commons-io-2.5.jar;C:\Users\lipel\.m2\repository\commons-codec\commons-codec\1.11\commons-codec-1.11.jar;C:\Users\lipel\.m2\repository\org\codehaus\plexus\plexus-java\1.0.5\plexus-java-1.0.5.jar;C:\Users\lipel\.m2\repository\org\ow2\asm\asm\7.2\asm-7.2.jar;C:\Users\lipel\.m2\repository\com\thoughtworks\qdox\qdox\2.0-M9\qdox-2.0-M9.jar;C:\Users\lipel\.m2\repository\org\apache\maven\surefire\surefire-shared-utils\3.0.0-M4\surefire-shared-utils-3.0.0-M4.jar;"/>
    <property name="java.vm.vendor" value="Oracle Corporation"/>
    <property name="sun.arch.data.model" value="64"/>
    <property name="user.variant" value=""/>
    <property name="java.vendor.url" value="http://java.oracle.com/"/>
    <property name="user.timezone" value="America/Sao_Paulo"/>
    <property name="java.vm.specification.version" value="1.8"/>
    <property name="os.name" value="Windows 10"/>
    <property name="user.country" value="BR"/>
    <property name="sun.java.launcher" value="SUN_STANDARD"/>
    <property name="sun.boot.library.path" value="C:\Program Files\Java\jdk1.8.0_202\jre\bin"/>
    <property name="sun.java.command" value="C:\Users\lipel\AppData\Local\Temp\surefire7026699275067085545\surefirebooter3721912192821503867.jar C:\Users\lipel\AppData\Local\Temp\surefire7026699275067085545 2023-12-16T22-11-58_646-jvmRun1 surefire3218822936998376473tmp surefire_08129830766213791635tmp"/>
    <property name="test" value="RunCucumberTest"/>
    <property name="surefire.test.class.path" value="C:\Users\lipel\WORKSPACE\NTTDATA-DesafioTecnico\target\test-classes;C:\Users\lipel\WORKSPACE\NTTDATA-DesafioTecnico\target\classes;C:\Users\lipel\.m2\repository\info\cukes\cucumber-junit\1.2.5\cucumber-junit-1.2.5.jar;C:\Users\lipel\.m2\repository\info\cukes\cucumber-core\1.2.5\cucumber-core-1.2.5.jar;C:\Users\lipel\.m2\repository\info\cukes\cucumber-html\0.2.3\cucumber-html-0.2.3.jar;C:\Users\lipel\.m2\repository\info\cukes\cucumber-jvm-deps\1.0.5\cucumber-jvm-deps-1.0.5.jar;C:\Users\lipel\.m2\repository\info\cukes\gherkin\2.12.2\gherkin-2.12.2.jar;C:\Users\lipel\.m2\repository\junit\junit\4.12\junit-4.12.jar;C:\Users\lipel\.m2\repository\org\hamcrest\hamcrest-core\1.3\hamcrest-core-1.3.jar;C:\Users\lipel\.m2\repository\info\cukes\cucumber-java\1.2.5\cucumber-java-1.2.5.jar;C:\Users\lipel\.m2\repository\org\seleniumhq\selenium\selenium-java\3.141.59\selenium-java-3.141.59.jar;C:\Users\lipel\.m2\repository\org\seleniumhq\selenium\selenium-api\3.141.59\selenium-api-3.141.59.jar;C:\Users\lipel\.m2\repository\org\seleniumhq\selenium\selenium-chrome-driver\3.141.59\selenium-chrome-driver-3.141.59.jar;C:\Users\lipel\.m2\repository\org\seleniumhq\selenium\selenium-edge-driver\3.141.59\selenium-edge-driver-3.141.59.jar;C:\Users\lipel\.m2\repository\org\seleniumhq\selenium\selenium-firefox-driver\3.141.59\selenium-firefox-driver-3.141.59.jar;C:\Users\lipel\.m2\repository\org\seleniumhq\selenium\selenium-ie-driver\3.141.59\selenium-ie-driver-3.141.59.jar;C:\Users\lipel\.m2\repository\org\seleniumhq\selenium\selenium-opera-driver\3.141.59\selenium-opera-driver-3.141.59.jar;C:\Users\lipel\.m2\repository\org\seleniumhq\selenium\selenium-remote-driver\3.141.59\selenium-remote-driver-3.141.59.jar;C:\Users\lipel\.m2\repository\org\seleniumhq\selenium\selenium-safari-driver\3.141.59\selenium-safari-driver-3.141.59.jar;C:\Users\lipel\.m2\repository\org\seleniumhq\selenium\selenium-support\3.141.59\selenium-support-3.141.59.jar;C:\Users\lipel\.m2\repository\net\bytebuddy\byte-buddy\1.8.15\byte-buddy-1.8.15.jar;C:\Users\lipel\.m2\repository\org\apache\commons\commons-exec\1.3\commons-exec-1.3.jar;C:\Users\lipel\.m2\repository\com\google\guava\guava\25.0-jre\guava-25.0-jre.jar;C:\Users\lipel\.m2\repository\com\google\code\findbugs\jsr305\1.3.9\jsr305-1.3.9.jar;C:\Users\lipel\.m2\repository\org\checkerframework\checker-compat-qual\2.0.0\checker-compat-qual-2.0.0.jar;C:\Users\lipel\.m2\repository\com\google\errorprone\error_prone_annotations\2.1.3\error_prone_annotations-2.1.3.jar;C:\Users\lipel\.m2\repository\com\google\j2objc\j2objc-annotations\1.1\j2objc-annotations-1.1.jar;C:\Users\lipel\.m2\repository\org\codehaus\mojo\animal-sniffer-annotations\1.14\animal-sniffer-annotations-1.14.jar;C:\Users\lipel\.m2\repository\com\squareup\okhttp3\okhttp\3.11.0\okhttp-3.11.0.jar;C:\Users\lipel\.m2\repository\com\squareup\okio\okio\1.14.0\okio-1.14.0.jar;C:\Users\lipel\.m2\repository\org\seleniumhq\selenium\selenium-http-jdk-client\4.8.1\selenium-http-jdk-client-4.8.1.jar;C:\Users\lipel\.m2\repository\com\google\auto\service\auto-service-annotations\1.0.1\auto-service-annotations-1.0.1.jar;C:\Users\lipel\.m2\repository\com\google\auto\service\auto-service\1.0.1\auto-service-1.0.1.jar;C:\Users\lipel\.m2\repository\com\google\auto\auto-common\1.2\auto-common-1.2.jar;C:\Users\lipel\.m2\repository\org\seleniumhq\selenium\selenium-http\4.8.1\selenium-http-4.8.1.jar;C:\Users\lipel\.m2\repository\dev\failsafe\failsafe\3.3.0\failsafe-3.3.0.jar;C:\Users\lipel\.m2\repository\org\seleniumhq\selenium\selenium-json\4.8.1\selenium-json-4.8.1.jar;C:\Users\lipel\.m2\repository\com\trivago\rta\cluecumber-report-plugin\2.9.4\cluecumber-report-plugin-2.9.4.jar;C:\Users\lipel\.m2\repository\javax\inject\javax.inject\1\javax.inject-1.jar;C:\Users\lipel\.m2\repository\org\apache\maven\maven-plugin-api\3.8.5\maven-plugin-api-3.8.5.jar;C:\Users\lipel\.m2\repository\org\apache\maven\maven-model\3.8.5\maven-model-3.8.5.jar;C:\Users\lipel\.m2\repository\org\apache\maven\maven-artifact\3.8.5\maven-artifact-3.8.5.jar;C:\Users\lipel\.m2\repository\org\apache\commons\commons-lang3\3.8.1\commons-lang3-3.8.1.jar;C:\Users\lipel\.m2\repository\org\eclipse\sisu\org.eclipse.sisu.plexus\0.3.5\org.eclipse.sisu.plexus-0.3.5.jar;C:\Users\lipel\.m2\repository\javax\annotation\javax.annotation-api\1.2\javax.annotation-api-1.2.jar;C:\Users\lipel\.m2\repository\org\eclipse\sisu\org.eclipse.sisu.inject\0.3.5\org.eclipse.sisu.inject-0.3.5.jar;C:\Users\lipel\.m2\repository\org\codehaus\plexus\plexus-component-annotations\1.5.5\plexus-component-annotations-1.5.5.jar;C:\Users\lipel\.m2\repository\org\codehaus\plexus\plexus-classworlds\2.6.0\plexus-classworlds-2.6.0.jar;C:\Users\lipel\.m2\repository\com\google\code\gson\gson\2.9.0\gson-2.9.0.jar;C:\Users\lipel\.m2\repository\io\gsonfire\gson-fire\1.9.0-alpha2\gson-fire-1.9.0-alpha2.jar;C:\Users\lipel\.m2\repository\org\freemarker\freemarker\2.3.31\freemarker-2.3.31.jar;C:\Users\lipel\.m2\repository\org\codehaus\plexus\plexus-utils\3.4.2\plexus-utils-3.4.2.jar;C:\Users\lipel\.m2\repository\org\apache\maven\plugins\maven-surefire-plugin\3.0.0-M5\maven-surefire-plugin-3.0.0-M5.jar;C:\Users\lipel\.m2\repository\org\apache\maven\surefire\maven-surefire-common\3.0.0-M5\maven-surefire-common-3.0.0-M5.jar;C:\Users\lipel\.m2\repository\org\apache\maven\surefire\surefire-api\3.0.0-M5\surefire-api-3.0.0-M5.jar;C:\Users\lipel\.m2\repository\org\apache\maven\surefire\surefire-logger-api\3.0.0-M5\surefire-logger-api-3.0.0-M5.jar;C:\Users\lipel\.m2\repository\org\apache\maven\surefire\surefire-extensions-api\3.0.0-M5\surefire-extensions-api-3.0.0-M5.jar;C:\Users\lipel\.m2\repository\org\apache\maven\surefire\surefire-booter\3.0.0-M5\surefire-booter-3.0.0-M5.jar;C:\Users\lipel\.m2\repository\org\apache\maven\surefire\surefire-extensions-spi\3.0.0-M5\surefire-extensions-spi-3.0.0-M5.jar;C:\Users\lipel\.m2\repository\org\apache\maven\maven-toolchain\3.0-alpha-2\maven-toolchain-3.0-alpha-2.jar;C:\Users\lipel\.m2\repository\org\apache\maven\shared\maven-artifact-transfer\0.11.0\maven-artifact-transfer-0.11.0.jar;C:\Users\lipel\.m2\repository\org\apache\maven\shared\maven-common-artifact-filters\3.0.1\maven-common-artifact-filters-3.0.1.jar;C:\Users\lipel\.m2\repository\org\sonatype\sisu\sisu-inject-plexus\1.4.2\sisu-inject-plexus-1.4.2.jar;C:\Users\lipel\.m2\repository\org\sonatype\sisu\sisu-inject-bean\1.4.2\sisu-inject-bean-1.4.2.jar;C:\Users\lipel\.m2\repository\org\sonatype\sisu\sisu-guice\2.1.7\sisu-guice-2.1.7-noaop.jar;C:\Users\lipel\.m2\repository\org\apache\maven\shared\maven-shared-utils\3.1.0\maven-shared-utils-3.1.0.jar;C:\Users\lipel\.m2\repository\commons-io\commons-io\2.5\commons-io-2.5.jar;C:\Users\lipel\.m2\repository\commons-codec\commons-codec\1.11\commons-codec-1.11.jar;C:\Users\lipel\.m2\repository\org\codehaus\plexus\plexus-java\1.0.5\plexus-java-1.0.5.jar;C:\Users\lipel\.m2\repository\org\ow2\asm\asm\7.2\asm-7.2.jar;C:\Users\lipel\.m2\repository\com\thoughtworks\qdox\qdox\2.0-M9\qdox-2.0-M9.jar;C:\Users\lipel\.m2\repository\org\apache\maven\surefire\surefire-shared-utils\3.0.0-M4\surefire-shared-utils-3.0.0-M4.jar;"/>
    <property name="sun.cpu.endian" value="little"/>
    <property name="user.home" value="C:\Users\lipel"/>
    <property name="user.language" value="pt"/>
    <property name="java.specification.vendor" value="Oracle Corporation"/>
    <property name="java.home" value="C:\Program Files\Java\jdk1.8.0_202\jre"/>
    <property name="basedir" value="C:\Users\lipel\WORKSPACE\NTTDATA-DesafioTecnico"/>
    <property name="file.separator" value="\"/>
    <property name="line.separator" value="&#10;"/>
    <property name="java.vm.specification.vendor" value="Oracle Corporation"/>
    <property name="java.specification.name" value="Java Platform API Specification"/>
    <property name="java.awt.graphicsenv" value="sun.awt.Win32GraphicsEnvironment"/>
    <property name="surefire.real.class.path" value="C:\Users\lipel\AppData\Local\Temp\surefire7026699275067085545\surefirebooter3721912192821503867.jar"/>
    <property name="sun.boot.class.path" value="C:\Program Files\Java\jdk1.8.0_202\jre\lib\resources.jar;C:\Program Files\Java\jdk1.8.0_202\jre\lib\rt.jar;C:\Program Files\Java\jdk1.8.0_202\jre\lib\sunrsasign.jar;C:\Program Files\Java\jdk1.8.0_202\jre\lib\jsse.jar;C:\Program Files\Java\jdk1.8.0_202\jre\lib\jce.jar;C:\Program Files\Java\jdk1.8.0_202\jre\lib\charsets.jar;C:\Program Files\Java\jdk1.8.0_202\jre\lib\jfr.jar;C:\Program Files\Java\jdk1.8.0_202\jre\classes"/>
    <property name="user.script" value=""/>
    <property name="sun.management.compiler" value="HotSpot 64-Bit Tiered Compilers"/>
    <property name="java.runtime.version" value="1.8.0_202-b08"/>
    <property name="user.name" value="lipel"/>
    <property name="path.separator" value=";"/>
    <property name="os.version" value="10.0"/>
    <property name="java.endorsed.dirs" value="C:\Program Files\Java\jdk1.8.0_202\jre\lib\endorsed"/>
    <property name="java.runtime.name" value="Java(TM) SE Runtime Environment"/>
    <property name="file.encoding" value="Cp1252"/>
    <property name="browser" value="firefox"/>
    <property name="java.vm.name" value="Java HotSpot(TM) 64-Bit Server VM"/>
    <property name="localRepository" value="C:\Users\lipel\.m2\repository"/>
    <property name="java.vendor.url.bug" value="http://bugreport.sun.com/bugreport/"/>
    <property name="java.io.tmpdir" value="C:\Users\lipel\AppData\Local\Temp\"/>
    <property name="java.version" value="1.8.0_202"/>
    <property name="user.dir" value="C:\Users\lipel\WORKSPACE\NTTDATA-DesafioTecnico"/>
    <property name="os.arch" value="amd64"/>
    <property name="java.vm.specification.name" value="Java Virtual Machine Specification"/>
    <property name="java.awt.printerjob" value="sun.awt.windows.WPrinterJob"/>
    <property name="sun.os.patch.level" value=""/>
    <property name="java.library.path" value="C:\Program Files\Java\jdk1.8.0_202\jre\bin;C:\WINDOWS\Sun\Java\bin;C:\WINDOWS\system32;C:\WINDOWS;C:\Program Files (x86)\Common Files\Oracle\Java\javapath;C:\Program Files\Common Files\Oracle\Java\javapath;C:\Windows\system32;C:\Windows;C:\Windows\System32\Wbem;C:\Windows\System32\WindowsPowerShell\v1.0\;C:\Windows\System32\OpenSSH\;C:\Program Files (x86)\NVIDIA Corporation\PhysX\Common;C:\Program Files\NVIDIA Corporation\NVIDIA NvDLISR;C:\Program Files\dotnet\;C:\Program Files\Java\jdk-19\bin;C:\Program Files\Java\jdk-18.0.2.1\bin;C:\Program Files\apache-maven-3.8.6-bin\apache-maven-3.8.6\bin;C:\WINDOWS\system32;C:\WINDOWS;C:\WINDOWS\System32\Wbem;C:\WINDOWS\System32\WindowsPowerShell\v1.0\;C:\WINDOWS\System32\OpenSSH\;C:\Program Files\Git\cmd;C:\Program Files\gradle-6.3\bin;C:\Program Files\Java\jdk-17\bin;C:\Program Files\MySQL\MySQL Server 8.0\bin;C:\ProgramData\chocolatey\bin;C:\Program Files\nodejs\;C:\Program Files\MySQL\MySQL Shell 8.0\bin\;C:\Users\lipel\AppData\Local\Microsoft\WindowsApps;C:\Users\lipel\AppData\Local\Programs\Microsoft VS Code\bin;C:\Users\lipel\AppData\Local\GitHubDesktop\bin;C:\Program Files\apache-maven-3.8.6-bin\apache-maven-3.8.6\bin;C:\Program Files\Java\jdk1.8.0_202\bin;C:\Program Files\MySQL\MySQL Server 8.0\bin;C:\Program Files\Java\jdk-17\bin;C:\Users\lipel\AppData\Roaming\npm;."/>
    <property name="java.vm.info" value="mixed mode"/>
    <property name="java.vendor" value="Oracle Corporation"/>
    <property name="java.vm.version" value="25.202-b08"/>
    <property name="java.ext.dirs" value="C:\Program Files\Java\jdk1.8.0_202\jre\lib\ext;C:\WINDOWS\Sun\Java\lib\ext"/>
    <property name="sun.io.unicode.encoding" value="UnicodeLittle"/>
    <property name="java.class.version" value="52.0"/>
  </properties>
  <testcase name="Dado Que eu acessei a aplicacao" classname="| 1 |" time="0">
    <system-err><![CDATA[1702771920228	geckodriver	INFO	Listening on 127.0.0.1:7709
1702771920858	mozrunner::runner	INFO	Running command: "C:\\Program Files\\Mozilla Firefox\\firefox.exe" "--marionette" "-no-remote" "-profile" "C:\\Users\\lipel\\AppData\\Local\\Temp\\rust_mozprofilewySqZL"
console.warn: services.settings: Ignoring preference override of remote settings server
console.warn: services.settings: Allow by setting MOZ_REMOTE_SETTINGS_DEVTOOLS=1 in the environment
1702771921342	Marionette	INFO	Marionette enabled
Dynamically enable window occlusion 0
1702771921971	Marionette	INFO	Listening on port 62747
Read port: 62747
1702771922151	RemoteAgent	WARN	TLS certificate errors will be ignored for this session
dez 16, 2023 10:12:03 PM org.openqa.selenium.remote.ProtocolHandshake createSession
INFORMAÇÕES: Detected dialect: W3C
]]></system-err>
  </testcase>
  <testcase name="Dado Que o usuario efetuou login incluindo &quot;standard_user&quot; e &quot;secret_sauce&quot;" classname="| 1 |" time="0">
    <system-out><![CDATA[######################################
Preencheu o campo By.id: user-name
######################################
######################################
Preencheu o campo By.id: password
######################################
######################################
Clicou no elemento By.id: login-button
######################################
######################################
######################################
Validou os valores https://www.saucedemo.com/inventory.html e https://www.saucedemo.com/inventory.html
######################################
Validou a url https://www.saucedemo.com/inventory.html
######################################
]]></system-out>
    <system-err><![CDATA[console.warn: LoginRecipes: "Falling back to a synchronous message for: https://www.saucedemo.com."
console.warn: LoginRecipes: "Falling back to a synchronous message for: https://www.saucedemo.com."
]]></system-err>
  </testcase>
  <testcase name="Quando um item &quot;1&quot;e adicionado ao carrinho" classname="| 1 |" time="0">
    <system-out><![CDATA[######################################
Clicou no elemento By.xpath: //div[@class="inventory_item"][1]//button
######################################
######################################
Validou a mensagem Remove
######################################
name item 1 = Sauce Labs Backpack
price item 1 = $29.99
]]></system-out>
  </testcase>
  <testcase name="E o carrinho e acessado" classname="| 1 |" time="0">
    <system-out><![CDATA[######################################
Clicou no elemento By.id: shopping_cart_container
######################################
]]></system-out>
  </testcase>
  <testcase name="Entao o produto e adicionado ao carrinho" classname="| 1 |" time="0">
    <system-out><![CDATA[######################################
Validou a mensagem $29.99
######################################
######################################
Validou a mensagem Sauce Labs Backpack
######################################
]]></system-out>
  </testcase>
  <testcase name="E e feito logout" classname="| 1 |" time="0">
    <system-out><![CDATA[######################################
Clicou no elemento By.id: react-burger-menu-btn
######################################
######################################
Clicou no elemento By.id: logout_sidebar_link
######################################
######################################
######################################
Validou os valores https://www.saucedemo.com/ e https://www.saucedemo.com/
######################################
Validou a url https://www.saucedemo.com/
######################################
]]></system-out>
  </testcase>
  <testcase name="" classname="| 1 |" time="0.103">
    <system-out><![CDATA[+++++++++++++
Teste sendo exectado: Validar nome e valor do item adicionado ao carrinho
Status: passed
Tag: [@Item-1, @Id-1, @Carrinho]
+++++++++++++
Teste sendo exectado: Validar nome e valor do item adicionado ao carrinho
Status: passed
Tag: [@Item-1, @Id-1, @Carrinho]
]]></system-out>
  </testcase>
  <testcase name="Dado Que eu acessei a aplicacao" classname="| 2 |" time="0">
    <system-err><![CDATA[1702771927738	Marionette	INFO	Stopped listening on port 62747
Dynamically enable window occlusion 1
1702771928629	geckodriver	INFO	Listening on 127.0.0.1:41876
1702771929101	mozrunner::runner	INFO	Running command: "C:\\Program Files\\Mozilla Firefox\\firefox.exe" "--marionette" "-no-remote" "-profile" "C:\\Users\\lipel\\AppData\\Local\\Temp\\rust_mozprofileO7IkeB"
console.warn: services.settings: Ignoring preference override of remote settings server
console.warn: services.settings: Allow by setting MOZ_REMOTE_SETTINGS_DEVTOOLS=1 in the environment
1702771929361	Marionette	INFO	Marionette enabled
Dynamically enable window occlusion 0
1702771929812	Marionette	INFO	Listening on port 62795
Read port: 62795
1702771929957	RemoteAgent	WARN	TLS certificate errors will be ignored for this session
dez 16, 2023 10:12:11 PM org.openqa.selenium.remote.ProtocolHandshake createSession
INFORMAÇÕES: Detected dialect: W3C
]]></system-err>
  </testcase>
  <testcase name="Dado Que o usuario efetuou login incluindo &quot;standard_user&quot; e &quot;secret_sauce&quot;" classname="| 2 |" time="0">
    <system-out><![CDATA[######################################
Preencheu o campo By.id: user-name
######################################
######################################
Preencheu o campo By.id: password
######################################
######################################
Clicou no elemento By.id: login-button
######################################
######################################
######################################
Validou os valores https://www.saucedemo.com/inventory.html e https://www.saucedemo.com/inventory.html
######################################
Validou a url https://www.saucedemo.com/inventory.html
######################################
]]></system-out>
    <system-err><![CDATA[console.warn: LoginRecipes: "Falling back to a synchronous message for: https://www.saucedemo.com."
console.warn: LoginRecipes: "Falling back to a synchronous message for: https://www.saucedemo.com."
]]></system-err>
  </testcase>
  <testcase name="Quando um item &quot;2&quot;e adicionado ao carrinho" classname="| 2 |" time="0">
    <system-out><![CDATA[######################################
Clicou no elemento By.xpath: //div[@class="inventory_item"][2]//button
######################################
######################################
Validou a mensagem Remove
######################################
name item 1 = Sauce Labs Bike Light
price item 1 = $9.99
]]></system-out>
  </testcase>
  <testcase name="E o carrinho e acessado" classname="| 2 |" time="0">
    <system-out><![CDATA[######################################
Clicou no elemento By.id: shopping_cart_container
######################################
]]></system-out>
  </testcase>
  <testcase name="Entao o produto e adicionado ao carrinho" classname="| 2 |" time="0">
    <system-out><![CDATA[######################################
Validou a mensagem $9.99
######################################
######################################
Validou a mensagem Sauce Labs Bike Light
######################################
]]></system-out>
  </testcase>
  <testcase name="E e feito logout" classname="| 2 |" time="0">
    <system-out><![CDATA[######################################
Clicou no elemento By.id: react-burger-menu-btn
######################################
######################################
Clicou no elemento By.id: logout_sidebar_link
######################################
######################################
######################################
Validou os valores https://www.saucedemo.com/ e https://www.saucedemo.com/
######################################
Validou a url https://www.saucedemo.com/
######################################
]]></system-out>
  </testcase>
  <testcase name="" classname="| 2 |" time="0.075">
    <system-out><![CDATA[+++++++++++++
Teste sendo exectado: Validar nome e valor do item adicionado ao carrinho
Status: passed
Tag: [@Item-1, @Id-1, @Carrinho]
+++++++++++++
Teste sendo exectado: Validar nome e valor do item adicionado ao carrinho
Status: passed
Tag: [@Item-1, @Id-1, @Carrinho]
]]></system-out>
  </testcase>
  <testcase name="Dado Que eu acessei a aplicacao" classname="| 1 | 2 |" time="0">
    <system-err><![CDATA[1702771934645	Marionette	INFO	Stopped listening on port 62795
Dynamically enable window occlusion 1
1702771935438	geckodriver	INFO	Listening on 127.0.0.1:28292
1702771935937	mozrunner::runner	INFO	Running command: "C:\\Program Files\\Mozilla Firefox\\firefox.exe" "--marionette" "-no-remote" "-profile" "C:\\Users\\lipel\\AppData\\Local\\Temp\\rust_mozprofilejc7wtF"
console.warn: services.settings: Ignoring preference override of remote settings server
console.warn: services.settings: Allow by setting MOZ_REMOTE_SETTINGS_DEVTOOLS=1 in the environment
1702771936203	Marionette	INFO	Marionette enabled
Dynamically enable window occlusion 0
1702771936659	Marionette	INFO	Listening on port 62840
Read port: 62840
1702771936802	RemoteAgent	WARN	TLS certificate errors will be ignored for this session
dez 16, 2023 10:12:17 PM org.openqa.selenium.remote.ProtocolHandshake createSession
INFORMAÇÕES: Detected dialect: W3C
]]></system-err>
  </testcase>
  <testcase name="Dado Que eu acessei a aplicacao" classname="| 1 | 2 |" time="0">
    <system-err><![CDATA[1702771948959	Marionette	INFO	Stopped listening on port 62887
Dynamically enable window occlusion 1
1702771949723	geckodriver	INFO	Listening on 127.0.0.1:30205
1702771950200	mozrunner::runner	INFO	Running command: "C:\\Program Files\\Mozilla Firefox\\firefox.exe" "--marionette" "-no-remote" "-profile" "C:\\Users\\lipel\\AppData\\Local\\Temp\\rust_mozprofileXLYmSC"
console.warn: services.settings: Ignoring preference override of remote settings server
console.warn: services.settings: Allow by setting MOZ_REMOTE_SETTINGS_DEVTOOLS=1 in the environment
1702771950462	Marionette	INFO	Marionette enabled
Dynamically enable window occlusion 0
1702771950912	Marionette	INFO	Listening on port 62934
Read port: 62934
1702771951058	RemoteAgent	WARN	TLS certificate errors will be ignored for this session
dez 16, 2023 10:12:32 PM org.openqa.selenium.remote.ProtocolHandshake createSession
INFORMAÇÕES: Detected dialect: W3C
]]></system-err>
  </testcase>
  <testcase name="Dado Que eu acessei a aplicacao" classname="| 1 | 2 |" time="0">
    <system-err><![CDATA[1702771963045	Marionette	INFO	Stopped listening on port 62980
Dynamically enable window occlusion 1
1702771963884	geckodriver	INFO	Listening on 127.0.0.1:13725
1702771964369	mozrunner::runner	INFO	Running command: "C:\\Program Files\\Mozilla Firefox\\firefox.exe" "--marionette" "-no-remote" "-profile" "C:\\Users\\lipel\\AppData\\Local\\Temp\\rust_mozprofilebhn8GP"
console.warn: services.settings: Ignoring preference override of remote settings server
console.warn: services.settings: Allow by setting MOZ_REMOTE_SETTINGS_DEVTOOLS=1 in the environment
1702771964632	Marionette	INFO	Marionette enabled
Dynamically enable window occlusion 0
1702771965073	Marionette	INFO	Listening on port 63024
Read port: 63024
1702771965218	RemoteAgent	WARN	TLS certificate errors will be ignored for this session
dez 16, 2023 10:12:46 PM org.openqa.selenium.remote.ProtocolHandshake createSession
INFORMAÇÕES: Detected dialect: W3C
]]></system-err>
  </testcase>
  <testcase name="Dado Que o usuario efetuou login incluindo &quot;standard_user&quot; e &quot;secret_sauce&quot;" classname="| 1 | 2 |" time="0">
    <system-out><![CDATA[######################################
Preencheu o campo By.id: user-name
######################################
######################################
Preencheu o campo By.id: password
######################################
######################################
Clicou no elemento By.id: login-button
######################################
######################################
######################################
Validou os valores https://www.saucedemo.com/inventory.html e https://www.saucedemo.com/inventory.html
######################################
Validou a url https://www.saucedemo.com/inventory.html
######################################
]]></system-out>
    <system-err><![CDATA[console.warn: LoginRecipes: "Falling back to a synchronous message for: https://www.saucedemo.com."
console.warn: LoginRecipes: "Falling back to a synchronous message for: https://www.saucedemo.com."
]]></system-err>
  </testcase>
  <testcase name="Dado Que o usuario efetuou login incluindo &quot;standard_user&quot; e &quot;secret_sauce&quot;" classname="| 1 | 2 |" time="0">
    <system-out><![CDATA[######################################
Preencheu o campo By.id: user-name
######################################
######################################
Preencheu o campo By.id: password
######################################
######################################
Clicou no elemento By.id: login-button
######################################
######################################
######################################
Validou os valores https://www.saucedemo.com/inventory.html e https://www.saucedemo.com/inventory.html
######################################
Validou a url https://www.saucedemo.com/inventory.html
######################################
]]></system-out>
    <system-err><![CDATA[console.warn: LoginRecipes: "Falling back to a synchronous message for: https://www.saucedemo.com."
console.warn: LoginRecipes: "Falling back to a synchronous message for: https://www.saucedemo.com."
]]></system-err>
  </testcase>
  <testcase name="Dado Que o usuario efetuou login incluindo &quot;standard_user&quot; e &quot;secret_sauce&quot;" classname="| 1 | 2 |" time="0">
    <system-out><![CDATA[######################################
Preencheu o campo By.id: user-name
######################################
######################################
Preencheu o campo By.id: password
######################################
######################################
Clicou no elemento By.id: login-button
######################################
######################################
######################################
Validou os valores https://www.saucedemo.com/inventory.html e https://www.saucedemo.com/inventory.html
######################################
Validou a url https://www.saucedemo.com/inventory.html
######################################
]]></system-out>
    <system-err><![CDATA[console.warn: LoginRecipes: "Falling back to a synchronous message for: https://www.saucedemo.com."
console.warn: LoginRecipes: "Falling back to a synchronous message for: https://www.saucedemo.com."
]]></system-err>
  </testcase>
  <testcase name="Quando multiplos itens&quot;1&quot; &quot;2&quot; sao adicionados ao carrinho" classname="| 1 | 2 |" time="0">
    <system-out><![CDATA[######################################
Clicou no elemento By.xpath: //div[@class="inventory_item"][1]//button
######################################
######################################
Validou a mensagem Remove
######################################
name item 1 = Sauce Labs Backpack
price item 1 = $29.99
######################################
Clicou no elemento By.xpath: //div[@class="inventory_item"][2]//button
######################################
######################################
Validou a mensagem Remove
######################################
name item 2 = Sauce Labs Bike Light
price item 2 = $9.99
]]></system-out>
  </testcase>
  <testcase name="Quando multiplos itens&quot;1&quot; &quot;2&quot; sao adicionados ao carrinho" classname="| 1 | 2 |" time="0">
    <system-out><![CDATA[######################################
Clicou no elemento By.xpath: //div[@class="inventory_item"][1]//button
######################################
######################################
Validou a mensagem Remove
######################################
name item 1 = Sauce Labs Backpack
price item 1 = $29.99
######################################
Clicou no elemento By.xpath: //div[@class="inventory_item"][2]//button
######################################
######################################
Validou a mensagem Remove
######################################
name item 2 = Sauce Labs Bike Light
price item 2 = $9.99
]]></system-out>
  </testcase>
  <testcase name="E o carrinho e acessado" classname="| 1 | 2 |" time="0">
    <system-out><![CDATA[######################################
Clicou no elemento By.id: shopping_cart_container
######################################
]]></system-out>
  </testcase>
  <testcase name="Entao os produtos sao adicionados ao carrinho" classname="| 1 | 2 |" time="0">
    <system-out><![CDATA[######################################
Validou a mensagem $29.99
######################################
######################################
Validou a mensagem $9.99
######################################
]]></system-out>
  </testcase>
  <testcase name="E e feito logout" classname="| 1 | 2 |" time="0">
    <system-out><![CDATA[######################################
Clicou no elemento By.id: react-burger-menu-btn
######################################
######################################
Clicou no elemento By.id: logout_sidebar_link
######################################
######################################
######################################
Validou os valores https://www.saucedemo.com/ e https://www.saucedemo.com/
######################################
Validou a url https://www.saucedemo.com/
######################################
]]></system-out>
  </testcase>
  <testcase name="E e feito logout" classname="| 1 | 2 |" time="0">
    <system-out><![CDATA[######################################
Clicou no elemento By.id: react-burger-menu-btn
######################################
######################################
Clicou no elemento By.id: logout_sidebar_link
######################################
######################################
######################################
Validou os valores https://www.saucedemo.com/ e https://www.saucedemo.com/
######################################
Validou a url https://www.saucedemo.com/
######################################
]]></system-out>
  </testcase>
  <testcase name="E e feito logout" classname="| 1 | 2 |" time="0">
    <system-out><![CDATA[######################################
Clicou no elemento By.id: react-burger-menu-btn
######################################
######################################
Clicou no elemento By.id: logout_sidebar_link
######################################
######################################
######################################
Validou os valores https://www.saucedemo.com/ e https://www.saucedemo.com/
######################################
Validou a url https://www.saucedemo.com/
######################################
]]></system-out>
  </testcase>
  <testcase name="" classname="| 1 | 2 |" time="0.088">
    <system-out><![CDATA[+++++++++++++
Teste sendo exectadoValidar valores de multiplos itens no carrinho
Status: passed
Tag: [@Item-1, @Id-2, @Carrinho]
+++++++++++++
Teste sendo exectadoValidar valores de multiplos itens no carrinho
Status: passed
Tag: [@Item-1, @Id-2, @Carrinho]
]]></system-out>
  </testcase>
  <testcase name="" classname="| 1 | 2 |" time="0.077">
    <system-out><![CDATA[+++++++++++++
Teste sendo exectadoValidar remocao de itens no carrinho pelo icone
Status: passed
Tag: [@Id-3, @Extra, @Carrinho]
+++++++++++++
Teste sendo exectadoValidar remocao de itens no carrinho pelo icone
Status: passed
Tag: [@Id-3, @Extra, @Carrinho]
]]></system-out>
  </testcase>
  <testcase name="" classname="| 1 | 2 |" time="0.089">
    <system-out><![CDATA[+++++++++++++
Teste sendo exectadoValidar contagem de itens no carrinho pelo icone
Status: passed
Tag: [@Id-4, @Extra, @Carrinho]
+++++++++++++
Teste sendo exectadoValidar contagem de itens no carrinho pelo icone
Status: passed
Tag: [@Id-4, @Extra, @Carrinho]
]]></system-out>
  </testcase>
  <testcase name="Dado que multiplos itens&quot;1&quot; &quot;2&quot; sao adicionados ao carrinho" classname="| 1 | 2 |" time="0">
    <system-out><![CDATA[######################################
Clicou no elemento By.xpath: //div[@class="inventory_item"][1]//button
######################################
######################################
Validou a mensagem Remove
######################################
name item 1 = Sauce Labs Backpack
price item 1 = $29.99
######################################
Clicou no elemento By.xpath: //div[@class="inventory_item"][2]//button
######################################
######################################
Validou a mensagem Remove
######################################
name item 2 = Sauce Labs Bike Light
price item 2 = $9.99
]]></system-out>
  </testcase>
  <testcase name="E o icone do carrinho deve ser alterado com a quantidade de itens" classname="| 1 | 2 |" time="0">
    <system-out><![CDATA[######################################
Validou a mensagem 2
######################################
]]></system-out>
  </testcase>
  <testcase name="Quando o botao remover e clicado" classname="| 1 | 2 |" time="0">
    <system-out><![CDATA[######################################
Clicou no elemento By.id: remove-sauce-labs-backpack
######################################
]]></system-out>
  </testcase>
  <testcase name="Entao o icone do carrinho deve ser subtraido" classname="| 1 | 2 |" time="0">
    <system-out><![CDATA[######################################
Validou a mensagem 1
######################################
]]></system-out>
  </testcase>
  <testcase name="Entao o icone do carrinho deve ser alterado com a quantidade de itens" classname="| 1 | 2 |" time="0">
    <system-out><![CDATA[######################################
Validou a mensagem 2
######################################
]]></system-out>
  </testcase>
  <testcase name="Dado Que eu acessei a aplicacao" classname="| 3 | 4 |" time="0">
    <system-err><![CDATA[1702771941756	Marionette	INFO	Stopped listening on port 62840
Dynamically enable window occlusion 1
JavaScript error: resource://gre/modules/UrlClassifierListManager.sys.mjs, line 720: TypeError: this.tablesData[table] is undefined
1702771942542	geckodriver	INFO	Listening on 127.0.0.1:27074
1702771943023	mozrunner::runner	INFO	Running command: "C:\\Program Files\\Mozilla Firefox\\firefox.exe" "--marionette" "-no-remote" "-profile" "C:\\Users\\lipel\\AppData\\Local\\Temp\\rust_mozprofileaBeSMl"
console.warn: services.settings: Ignoring preference override of remote settings server
console.warn: services.settings: Allow by setting MOZ_REMOTE_SETTINGS_DEVTOOLS=1 in the environment
1702771943282	Marionette	INFO	Marionette enabled
Dynamically enable window occlusion 0
1702771943723	Marionette	INFO	Listening on port 62887
Read port: 62887
1702771943863	RemoteAgent	WARN	TLS certificate errors will be ignored for this session
dez 16, 2023 10:12:25 PM org.openqa.selenium.remote.ProtocolHandshake createSession
INFORMAÇÕES: Detected dialect: W3C
]]></system-err>
  </testcase>
  <testcase name="Dado Que eu acessei a aplicacao" classname="| 3 | 4 |" time="0">
    <system-err><![CDATA[1702771969544	Marionette	INFO	Stopped listening on port 63024
Dynamically enable window occlusion 1
1702771970347	geckodriver	INFO	Listening on 127.0.0.1:11954
1702771970851	mozrunner::runner	INFO	Running command: "C:\\Program Files\\Mozilla Firefox\\firefox.exe" "--marionette" "-no-remote" "-profile" "C:\\Users\\lipel\\AppData\\Local\\Temp\\rust_mozprofileDoIZKH"
console.warn: services.settings: Ignoring preference override of remote settings server
console.warn: services.settings: Allow by setting MOZ_REMOTE_SETTINGS_DEVTOOLS=1 in the environment
1702771971107	Marionette	INFO	Marionette enabled
Dynamically enable window occlusion 0
1702771971551	Marionette	INFO	Listening on port 63067
Read port: 63067
1702771971694	RemoteAgent	WARN	TLS certificate errors will be ignored for this session
dez 16, 2023 10:12:53 PM org.openqa.selenium.remote.ProtocolHandshake createSession
INFORMAÇÕES: Detected dialect: W3C
]]></system-err>
  </testcase>
  <testcase name="Dado Que o usuario efetuou login incluindo &quot;standard_user&quot; e &quot;secret_sauce&quot;" classname="| 3 | 4 |" time="0">
    <system-out><![CDATA[######################################
Preencheu o campo By.id: user-name
######################################
######################################
Preencheu o campo By.id: password
######################################
######################################
Clicou no elemento By.id: login-button
######################################
######################################
######################################
Validou os valores https://www.saucedemo.com/inventory.html e https://www.saucedemo.com/inventory.html
######################################
Validou a url https://www.saucedemo.com/inventory.html
######################################
]]></system-out>
    <system-err><![CDATA[console.warn: LoginRecipes: "Falling back to a synchronous message for: https://www.saucedemo.com."
console.warn: LoginRecipes: "Falling back to a synchronous message for: https://www.saucedemo.com."
]]></system-err>
  </testcase>
  <testcase name="Dado Que o usuario efetuou login incluindo &quot;standard_user&quot; e &quot;secret_sauce&quot;" classname="| 3 | 4 |" time="0">
    <system-out><![CDATA[######################################
Preencheu o campo By.id: user-name
######################################
######################################
Preencheu o campo By.id: password
######################################
######################################
Clicou no elemento By.id: login-button
######################################
######################################
######################################
Validou os valores https://www.saucedemo.com/inventory.html e https://www.saucedemo.com/inventory.html
######################################
Validou a url https://www.saucedemo.com/inventory.html
######################################
]]></system-out>
    <system-err><![CDATA[console.warn: LoginRecipes: "Falling back to a synchronous message for: https://www.saucedemo.com."
console.warn: LoginRecipes: "Falling back to a synchronous message for: https://www.saucedemo.com."
]]></system-err>
  </testcase>
  <testcase name="Quando multiplos itens&quot;3&quot; &quot;4&quot; sao adicionados ao carrinho" classname="| 3 | 4 |" time="0">
    <system-out><![CDATA[######################################
Clicou no elemento By.xpath: //div[@class="inventory_item"][3]//button
######################################
######################################
Validou a mensagem Remove
######################################
name item 1 = Sauce Labs Bolt T-Shirt
price item 1 = $15.99
######################################
Clicou no elemento By.xpath: //div[@class="inventory_item"][4]//button
######################################
######################################
Validou a mensagem Remove
######################################
name item 2 = Sauce Labs Fleece Jacket
price item 2 = $49.99
]]></system-out>
  </testcase>
  <testcase name="Quando multiplos itens&quot;3&quot; &quot;4&quot; sao adicionados ao carrinho" classname="| 3 | 4 |" time="0">
    <system-out><![CDATA[######################################
Clicou no elemento By.xpath: //div[@class="inventory_item"][3]//button
######################################
######################################
Validou a mensagem Remove
######################################
name item 1 = Sauce Labs Bolt T-Shirt
price item 1 = $15.99
######################################
Clicou no elemento By.xpath: //div[@class="inventory_item"][4]//button
######################################
######################################
Validou a mensagem Remove
######################################
name item 2 = Sauce Labs Fleece Jacket
price item 2 = $49.99
]]></system-out>
  </testcase>
  <testcase name="E o carrinho e acessado" classname="| 3 | 4 |" time="0">
    <system-out><![CDATA[######################################
Clicou no elemento By.id: shopping_cart_container
######################################
]]></system-out>
  </testcase>
  <testcase name="Entao os produtos sao adicionados ao carrinho" classname="| 3 | 4 |" time="0">
    <system-out><![CDATA[######################################
Validou a mensagem $15.99
######################################
######################################
Validou a mensagem $49.99
######################################
]]></system-out>
  </testcase>
  <testcase name="E e feito logout" classname="| 3 | 4 |" time="0">
    <system-out><![CDATA[######################################
Clicou no elemento By.id: react-burger-menu-btn
######################################
######################################
Clicou no elemento By.id: logout_sidebar_link
######################################
######################################
######################################
Validou os valores https://www.saucedemo.com/ e https://www.saucedemo.com/
######################################
Validou a url https://www.saucedemo.com/
######################################
]]></system-out>
  </testcase>
  <testcase name="E e feito logout" classname="| 3 | 4 |" time="0">
    <system-out><![CDATA[######################################
Clicou no elemento By.id: react-burger-menu-btn
######################################
######################################
Clicou no elemento By.id: logout_sidebar_link
######################################
######################################
######################################
Validou os valores https://www.saucedemo.com/ e https://www.saucedemo.com/
######################################
Validou a url https://www.saucedemo.com/
######################################
]]></system-out>
  </testcase>
  <testcase name="" classname="| 3 | 4 |" time="0.085">
    <system-out><![CDATA[+++++++++++++
Teste sendo exectadoValidar valores de multiplos itens no carrinho
Status: passed
Tag: [@Item-1, @Id-2, @Carrinho]
+++++++++++++
Teste sendo exectadoValidar valores de multiplos itens no carrinho
Status: passed
Tag: [@Item-1, @Id-2, @Carrinho]
]]></system-out>
  </testcase>
  <testcase name="" classname="| 3 | 4 |" time="0.076">
    <system-out><![CDATA[+++++++++++++
Teste sendo exectadoValidar contagem de itens no carrinho pelo icone
Status: passed
Tag: [@Id-4, @Extra, @Carrinho]
+++++++++++++
Teste sendo exectadoValidar contagem de itens no carrinho pelo icone
Status: passed
Tag: [@Id-4, @Extra, @Carrinho]
]]></system-out>
  </testcase>
  <testcase name="Entao o icone do carrinho deve ser alterado com a quantidade de itens" classname="| 3 | 4 |" time="0">
    <system-out><![CDATA[######################################
Validou a mensagem 2
######################################
]]></system-out>
  </testcase>
  <testcase name="Dado Que eu acessei a aplicacao" classname="| 3 | 1 |" time="0">
    <system-err><![CDATA[1702771956212	Marionette	INFO	Stopped listening on port 62934
Dynamically enable window occlusion 1
1702771957037	geckodriver	INFO	Listening on 127.0.0.1:14857
1702771957550	mozrunner::runner	INFO	Running command: "C:\\Program Files\\Mozilla Firefox\\firefox.exe" "--marionette" "-no-remote" "-profile" "C:\\Users\\lipel\\AppData\\Local\\Temp\\rust_mozprofile481khM"
console.warn: services.settings: Ignoring preference override of remote settings server
console.warn: services.settings: Allow by setting MOZ_REMOTE_SETTINGS_DEVTOOLS=1 in the environment
1702771957836	Marionette	INFO	Marionette enabled
Dynamically enable window occlusion 0
1702771958279	Marionette	INFO	Listening on port 62980
Read port: 62980
1702771958461	RemoteAgent	WARN	TLS certificate errors will be ignored for this session
dez 16, 2023 10:12:39 PM org.openqa.selenium.remote.ProtocolHandshake createSession
INFORMAÇÕES: Detected dialect: W3C
]]></system-err>
  </testcase>
  <testcase name="Dado Que o usuario efetuou login incluindo &quot;standard_user&quot; e &quot;secret_sauce&quot;" classname="| 3 | 1 |" time="0">
    <system-out><![CDATA[######################################
Preencheu o campo By.id: user-name
######################################
######################################
Preencheu o campo By.id: password
######################################
######################################
Clicou no elemento By.id: login-button
######################################
######################################
######################################
Validou os valores https://www.saucedemo.com/inventory.html e https://www.saucedemo.com/inventory.html
######################################
Validou a url https://www.saucedemo.com/inventory.html
######################################
]]></system-out>
    <system-err><![CDATA[console.warn: LoginRecipes: "Falling back to a synchronous message for: https://www.saucedemo.com."
console.warn: LoginRecipes: "Falling back to a synchronous message for: https://www.saucedemo.com."
]]></system-err>
  </testcase>
  <testcase name="Dado que multiplos itens&quot;3&quot; &quot;1&quot; sao adicionados ao carrinho" classname="| 3 | 1 |" time="0">
    <system-out><![CDATA[######################################
Clicou no elemento By.xpath: //div[@class="inventory_item"][3]//button
######################################
######################################
Validou a mensagem Remove
######################################
name item 1 = Sauce Labs Bolt T-Shirt
price item 1 = $15.99
######################################
Clicou no elemento By.xpath: //div[@class="inventory_item"][1]//button
######################################
######################################
Validou a mensagem Remove
######################################
name item 2 = Sauce Labs Backpack
price item 2 = $29.99
]]></system-out>
  </testcase>
  <testcase name="E o icone do carrinho deve ser alterado com a quantidade de itens" classname="| 3 | 1 |" time="0">
    <system-out><![CDATA[######################################
Validou a mensagem 2
######################################
]]></system-out>
  </testcase>
  <testcase name="Quando o botao remover e clicado" classname="| 3 | 1 |" time="0">
    <system-out><![CDATA[######################################
Clicou no elemento By.id: remove-sauce-labs-backpack
######################################
]]></system-out>
  </testcase>
  <testcase name="Entao o icone do carrinho deve ser subtraido" classname="| 3 | 1 |" time="0">
    <system-out><![CDATA[######################################
Validou a mensagem 1
######################################
]]></system-out>
  </testcase>
  <testcase name="E e feito logout" classname="| 3 | 1 |" time="0">
    <system-out><![CDATA[######################################
Clicou no elemento By.id: react-burger-menu-btn
######################################
######################################
Clicou no elemento By.id: logout_sidebar_link
######################################
######################################
######################################
Validou os valores https://www.saucedemo.com/ e https://www.saucedemo.com/
######################################
Validou a url https://www.saucedemo.com/
######################################
]]></system-out>
  </testcase>
  <testcase name="" classname="| 3 | 1 |" time="0.079">
    <system-out><![CDATA[+++++++++++++
Teste sendo exectadoValidar remocao de itens no carrinho pelo icone
Status: passed
Tag: [@Id-3, @Extra, @Carrinho]
+++++++++++++
Teste sendo exectadoValidar remocao de itens no carrinho pelo icone
Status: passed
Tag: [@Id-3, @Extra, @Carrinho]
]]></system-out>
  </testcase>
  <testcase name="Dado Que eu acessei a aplicacao" classname="| 1 | Felipe | Matos | 54400220 |" time="0">
    <system-err><![CDATA[1702771976556	Marionette	INFO	Stopped listening on port 63067
Dynamically enable window occlusion 1
1702771977359	geckodriver	INFO	Listening on 127.0.0.1:23611
1702771977855	mozrunner::runner	INFO	Running command: "C:\\Program Files\\Mozilla Firefox\\firefox.exe" "--marionette" "-no-remote" "-profile" "C:\\Users\\lipel\\AppData\\Local\\Temp\\rust_mozprofilewtkKIv"
console.warn: services.settings: Ignoring preference override of remote settings server
console.warn: services.settings: Allow by setting MOZ_REMOTE_SETTINGS_DEVTOOLS=1 in the environment
1702771978109	Marionette	INFO	Marionette enabled
Dynamically enable window occlusion 0
1702771978562	Marionette	INFO	Listening on port 63111
Read port: 63111
1702771978714	RemoteAgent	WARN	TLS certificate errors will be ignored for this session
dez 16, 2023 10:12:59 PM org.openqa.selenium.remote.ProtocolHandshake createSession
INFORMAÇÕES: Detected dialect: W3C
]]></system-err>
  </testcase>
  <testcase name="Dado Que o usuario efetuou login incluindo &quot;standard_user&quot; e &quot;secret_sauce&quot;" classname="| 1 | Felipe | Matos | 54400220 |" time="0">
    <system-out><![CDATA[######################################
Preencheu o campo By.id: user-name
######################################
######################################
Preencheu o campo By.id: password
######################################
######################################
Clicou no elemento By.id: login-button
######################################
######################################
######################################
Validou os valores https://www.saucedemo.com/inventory.html e https://www.saucedemo.com/inventory.html
######################################
Validou a url https://www.saucedemo.com/inventory.html
######################################
]]></system-out>
    <system-err><![CDATA[console.warn: LoginRecipes: "Falling back to a synchronous message for: https://www.saucedemo.com."
console.warn: LoginRecipes: "Falling back to a synchronous message for: https://www.saucedemo.com."
]]></system-err>
  </testcase>
  <testcase name="E selecionou um produto &quot;1&quot;" classname="| 1 | Felipe | Matos | 54400220 |" time="0">
    <system-out><![CDATA[######################################
Clicou no elemento By.xpath: //div[@class="inventory_item"][1]//button
######################################
######################################
Validou a mensagem Remove
######################################
name item 1 = Sauce Labs Backpack
price item 1 = $29.99
######################################
Clicou no elemento By.id: shopping_cart_container
######################################
######################################
Validou a mensagem Sauce Labs Backpack
######################################
######################################
Validou a mensagem $29.99
######################################
######################################
Clicou no elemento By.id: checkout
######################################
]]></system-out>
  </testcase>
  <testcase name="Quando feito o checkout e preenchido &quot;Felipe&quot; &quot;Matos&quot; &quot;54400220&quot;" classname="| 1 | Felipe | Matos | 54400220 |" time="0">
    <system-out><![CDATA[######################################
Preencheu o campo By.id: first-name
######################################
######################################
Preencheu o campo By.id: last-name
######################################
######################################
Preencheu o campo By.id: postal-code
######################################
######################################
Clicou no elemento By.id: continue
######################################
]]></system-out>
  </testcase>
  <testcase name="E as informacoes de checkou sao exibidas" classname="| 1 | Felipe | Matos | 54400220 |" time="0">
    <system-out><![CDATA[######################################
Validou a mensagem Sauce Labs Backpack
######################################
######################################
Validou os valores 32.39 e 32.39
######################################
]]></system-out>
  </testcase>
  <testcase name="E clicado em Finish" classname="| 1 | Felipe | Matos | 54400220 |" time="0">
    <system-out><![CDATA[######################################
Clicou no elemento By.id: finish
######################################
]]></system-out>
  </testcase>
  <testcase name="Entao a compra e efetuada" classname="| 1 | Felipe | Matos | 54400220 |" time="0">
    <system-out><![CDATA[######################################
######################################
Validou os valores https://www.saucedemo.com/checkout-complete.html e https://www.saucedemo.com/checkout-complete.html
######################################
Validou a url https://www.saucedemo.com/checkout-complete.html
######################################
######################################
Validou a mensagem Checkout: Complete!
######################################
######################################
Validou a mensagem Thank you for your order!
######################################
######################################
Validou a mensagem Your order has been dispatched, and will arrive just as fast as the pony can get there!
######################################
]]></system-out>
  </testcase>
  <testcase name="E e feito logout" classname="| 1 | Felipe | Matos | 54400220 |" time="0">
    <system-out><![CDATA[######################################
Clicou no elemento By.id: react-burger-menu-btn
######################################
######################################
Clicou no elemento By.id: logout_sidebar_link
######################################
######################################
######################################
Validou os valores https://www.saucedemo.com/ e https://www.saucedemo.com/
######################################
Validou a url https://www.saucedemo.com/
######################################
]]></system-out>
  </testcase>
  <testcase name="" classname="| 1 | Felipe | Matos | 54400220 |" time="0.085">
    <system-out><![CDATA[+++++++++++++
Teste sendo exectado: Efetuar compra e validar valor total
Status: passed
Tag: [@Item-2, @Id-5, @Compra]
+++++++++++++
Teste sendo exectado: Efetuar compra e validar valor total
Status: passed
Tag: [@Item-2, @Id-5, @Compra]
]]></system-out>
  </testcase>
  <testcase name="Dado Que eu acessei a aplicacao" classname="| 2 | Filomena | Eduarda | 44455221 |" time="0">
    <system-err><![CDATA[1702771984518	Marionette	INFO	Stopped listening on port 63111
Dynamically enable window occlusion 1
1702771985328	geckodriver	INFO	Listening on 127.0.0.1:5190
1702771985810	mozrunner::runner	INFO	Running command: "C:\\Program Files\\Mozilla Firefox\\firefox.exe" "--marionette" "-no-remote" "-profile" "C:\\Users\\lipel\\AppData\\Local\\Temp\\rust_mozprofilejM61nQ"
console.warn: services.settings: Ignoring preference override of remote settings server
console.warn: services.settings: Allow by setting MOZ_REMOTE_SETTINGS_DEVTOOLS=1 in the environment
1702771986061	Marionette	INFO	Marionette enabled
Dynamically enable window occlusion 0
1702771986513	Marionette	INFO	Listening on port 63159
Read port: 63159
1702771986660	RemoteAgent	WARN	TLS certificate errors will be ignored for this session
dez 16, 2023 10:13:07 PM org.openqa.selenium.remote.ProtocolHandshake createSession
INFORMAÇÕES: Detected dialect: W3C
]]></system-err>
  </testcase>
  <testcase name="Dado Que o usuario efetuou login incluindo &quot;standard_user&quot; e &quot;secret_sauce&quot;" classname="| 2 | Filomena | Eduarda | 44455221 |" time="0">
    <system-out><![CDATA[######################################
Preencheu o campo By.id: user-name
######################################
######################################
Preencheu o campo By.id: password
######################################
######################################
Clicou no elemento By.id: login-button
######################################
######################################
######################################
Validou os valores https://www.saucedemo.com/inventory.html e https://www.saucedemo.com/inventory.html
######################################
Validou a url https://www.saucedemo.com/inventory.html
######################################
]]></system-out>
    <system-err><![CDATA[console.warn: LoginRecipes: "Falling back to a synchronous message for: https://www.saucedemo.com."
console.warn: LoginRecipes: "Falling back to a synchronous message for: https://www.saucedemo.com."
]]></system-err>
  </testcase>
  <testcase name="E selecionou um produto &quot;2&quot;" classname="| 2 | Filomena | Eduarda | 44455221 |" time="0">
    <system-out><![CDATA[######################################
Clicou no elemento By.xpath: //div[@class="inventory_item"][2]//button
######################################
######################################
Validou a mensagem Remove
######################################
name item 1 = Sauce Labs Bike Light
price item 1 = $9.99
######################################
Clicou no elemento By.id: shopping_cart_container
######################################
######################################
Validou a mensagem Sauce Labs Bike Light
######################################
######################################
Validou a mensagem $9.99
######################################
######################################
Clicou no elemento By.id: checkout
######################################
]]></system-out>
  </testcase>
  <testcase name="Quando feito o checkout e preenchido &quot;Filomena&quot; &quot;Eduarda&quot; &quot;44455221&quot;" classname="| 2 | Filomena | Eduarda | 44455221 |" time="0">
    <system-out><![CDATA[######################################
Preencheu o campo By.id: first-name
######################################
######################################
Preencheu o campo By.id: last-name
######################################
######################################
Preencheu o campo By.id: postal-code
######################################
######################################
Clicou no elemento By.id: continue
######################################
]]></system-out>
  </testcase>
  <testcase name="E as informacoes de checkou sao exibidas" classname="| 2 | Filomena | Eduarda | 44455221 |" time="0">
    <system-out><![CDATA[######################################
Validou a mensagem Sauce Labs Bike Light
######################################
######################################
Validou os valores 10.79 e 10.79
######################################
]]></system-out>
  </testcase>
  <testcase name="E clicado em Finish" classname="| 2 | Filomena | Eduarda | 44455221 |" time="0">
    <system-out><![CDATA[######################################
Clicou no elemento By.id: finish
######################################
]]></system-out>
  </testcase>
  <testcase name="Entao a compra e efetuada" classname="| 2 | Filomena | Eduarda | 44455221 |" time="0">
    <system-out><![CDATA[######################################
######################################
Validou os valores https://www.saucedemo.com/checkout-complete.html e https://www.saucedemo.com/checkout-complete.html
######################################
Validou a url https://www.saucedemo.com/checkout-complete.html
######################################
######################################
Validou a mensagem Checkout: Complete!
######################################
######################################
Validou a mensagem Thank you for your order!
######################################
######################################
Validou a mensagem Your order has been dispatched, and will arrive just as fast as the pony can get there!
######################################
]]></system-out>
  </testcase>
  <testcase name="E e feito logout" classname="| 2 | Filomena | Eduarda | 44455221 |" time="0">
    <system-out><![CDATA[######################################
Clicou no elemento By.id: react-burger-menu-btn
######################################
######################################
Clicou no elemento By.id: logout_sidebar_link
######################################
######################################
######################################
Validou os valores https://www.saucedemo.com/ e https://www.saucedemo.com/
######################################
Validou a url https://www.saucedemo.com/
######################################
]]></system-out>
  </testcase>
  <testcase name="" classname="| 2 | Filomena | Eduarda | 44455221 |" time="0.079">
    <system-out><![CDATA[+++++++++++++
Teste sendo exectado: Efetuar compra e validar valor total
Status: passed
Tag: [@Item-2, @Id-5, @Compra]
+++++++++++++
Teste sendo exectado: Efetuar compra e validar valor total
Status: passed
Tag: [@Item-2, @Id-5, @Compra]
]]></system-out>
  </testcase>
  <testcase name="Dado Que eu acessei a aplicacao" classname="| 3 | Filomena | Juquinha | 44455222 |" time="0">
    <system-err><![CDATA[1702771992678	Marionette	INFO	Stopped listening on port 63159
Dynamically enable window occlusion 1
1702771993428	geckodriver	INFO	Listening on 127.0.0.1:45291
1702771993934	mozrunner::runner	INFO	Running command: "C:\\Program Files\\Mozilla Firefox\\firefox.exe" "--marionette" "-no-remote" "-profile" "C:\\Users\\lipel\\AppData\\Local\\Temp\\rust_mozprofileh6dvWF"
console.warn: services.settings: Ignoring preference override of remote settings server
console.warn: services.settings: Allow by setting MOZ_REMOTE_SETTINGS_DEVTOOLS=1 in the environment
1702771994203	Marionette	INFO	Marionette enabled
Dynamically enable window occlusion 0
1702771994652	Marionette	INFO	Listening on port 63205
Read port: 63205
1702771994799	RemoteAgent	WARN	TLS certificate errors will be ignored for this session
dez 16, 2023 10:13:15 PM org.openqa.selenium.remote.ProtocolHandshake createSession
INFORMAÇÕES: Detected dialect: W3C
]]></system-err>
  </testcase>
  <testcase name="Dado Que o usuario efetuou login incluindo &quot;standard_user&quot; e &quot;secret_sauce&quot;" classname="| 3 | Filomena | Juquinha | 44455222 |" time="0">
    <system-out><![CDATA[######################################
Preencheu o campo By.id: user-name
######################################
######################################
Preencheu o campo By.id: password
######################################
######################################
Clicou no elemento By.id: login-button
######################################
######################################
######################################
Validou os valores https://www.saucedemo.com/inventory.html e https://www.saucedemo.com/inventory.html
######################################
Validou a url https://www.saucedemo.com/inventory.html
######################################
]]></system-out>
    <system-err><![CDATA[console.warn: LoginRecipes: "Falling back to a synchronous message for: https://www.saucedemo.com."
console.warn: LoginRecipes: "Falling back to a synchronous message for: https://www.saucedemo.com."
]]></system-err>
  </testcase>
  <testcase name="E selecionou um produto &quot;3&quot;" classname="| 3 | Filomena | Juquinha | 44455222 |" time="0">
    <system-out><![CDATA[######################################
Clicou no elemento By.xpath: //div[@class="inventory_item"][3]//button
######################################
######################################
Validou a mensagem Remove
######################################
name item 1 = Sauce Labs Bolt T-Shirt
price item 1 = $15.99
######################################
Clicou no elemento By.id: shopping_cart_container
######################################
######################################
Validou a mensagem Sauce Labs Bolt T-Shirt
######################################
######################################
Validou a mensagem $15.99
######################################
######################################
Clicou no elemento By.id: checkout
######################################
]]></system-out>
  </testcase>
  <testcase name="Quando feito o checkout e preenchido &quot;Filomena&quot; &quot;Juquinha&quot; &quot;44455222&quot;" classname="| 3 | Filomena | Juquinha | 44455222 |" time="0">
    <system-out><![CDATA[######################################
Preencheu o campo By.id: first-name
######################################
######################################
Preencheu o campo By.id: last-name
######################################
######################################
Preencheu o campo By.id: postal-code
######################################
######################################
Clicou no elemento By.id: continue
######################################
]]></system-out>
  </testcase>
  <testcase name="E as informacoes de checkou sao exibidas" classname="| 3 | Filomena | Juquinha | 44455222 |" time="0">
    <system-out><![CDATA[######################################
Validou a mensagem Sauce Labs Bolt T-Shirt
######################################
######################################
Validou os valores 17.27 e 17.27
######################################
]]></system-out>
  </testcase>
  <testcase name="E clicado em Finish" classname="| 3 | Filomena | Juquinha | 44455222 |" time="0">
    <system-out><![CDATA[######################################
Clicou no elemento By.id: finish
######################################
]]></system-out>
  </testcase>
  <testcase name="Entao a compra e efetuada" classname="| 3 | Filomena | Juquinha | 44455222 |" time="0">
    <system-out><![CDATA[######################################
######################################
Validou os valores https://www.saucedemo.com/checkout-complete.html e https://www.saucedemo.com/checkout-complete.html
######################################
Validou a url https://www.saucedemo.com/checkout-complete.html
######################################
######################################
Validou a mensagem Checkout: Complete!
######################################
######################################
Validou a mensagem Thank you for your order!
######################################
######################################
Validou a mensagem Your order has been dispatched, and will arrive just as fast as the pony can get there!
######################################
]]></system-out>
  </testcase>
  <testcase name="E e feito logout" classname="| 3 | Filomena | Juquinha | 44455222 |" time="0">
    <system-out><![CDATA[######################################
Clicou no elemento By.id: react-burger-menu-btn
######################################
######################################
Clicou no elemento By.id: logout_sidebar_link
######################################
######################################
######################################
Validou os valores https://www.saucedemo.com/ e https://www.saucedemo.com/
######################################
Validou a url https://www.saucedemo.com/
######################################
]]></system-out>
  </testcase>
  <testcase name="" classname="| 3 | Filomena | Juquinha | 44455222 |" time="0.083">
    <system-out><![CDATA[+++++++++++++
Teste sendo exectado: Efetuar compra e validar valor total
Status: passed
Tag: [@Item-2, @Id-5, @Compra]
+++++++++++++
Teste sendo exectado: Efetuar compra e validar valor total
Status: passed
Tag: [@Item-2, @Id-5, @Compra]
]]></system-out>
  </testcase>
  <testcase name="Dado Que eu acessei a aplicacao" classname="| standard_user | secret_sauce | 4 | Felipe | Matos | 54400220 |" time="0">
    <system-err><![CDATA[1702772000519	Marionette	INFO	Stopped listening on port 63205
Dynamically enable window occlusion 1
1702772001317	geckodriver	INFO	Listening on 127.0.0.1:43963
1702772001820	mozrunner::runner	INFO	Running command: "C:\\Program Files\\Mozilla Firefox\\firefox.exe" "--marionette" "-no-remote" "-profile" "C:\\Users\\lipel\\AppData\\Local\\Temp\\rust_mozprofilettWQPJ"
console.warn: services.settings: Ignoring preference override of remote settings server
console.warn: services.settings: Allow by setting MOZ_REMOTE_SETTINGS_DEVTOOLS=1 in the environment
1702772002087	Marionette	INFO	Marionette enabled
Dynamically enable window occlusion 0
1702772002537	Marionette	INFO	Listening on port 63253
Read port: 63253
1702772002679	RemoteAgent	WARN	TLS certificate errors will be ignored for this session
dez 16, 2023 10:13:23 PM org.openqa.selenium.remote.ProtocolHandshake createSession
INFORMAÇÕES: Detected dialect: W3C
]]></system-err>
  </testcase>
  <testcase name="Dado Que o usuario efetuou login incluindo &quot;standard_user&quot; e &quot;secret_sauce&quot;" classname="| standard_user | secret_sauce | 4 | Felipe | Matos | 54400220 |" time="0">
    <system-out><![CDATA[######################################
Preencheu o campo By.id: user-name
######################################
######################################
Preencheu o campo By.id: password
######################################
######################################
Clicou no elemento By.id: login-button
######################################
######################################
######################################
Validou os valores https://www.saucedemo.com/inventory.html e https://www.saucedemo.com/inventory.html
######################################
Validou a url https://www.saucedemo.com/inventory.html
######################################
]]></system-out>
    <system-err><![CDATA[console.warn: LoginRecipes: "Falling back to a synchronous message for: https://www.saucedemo.com."
console.warn: LoginRecipes: "Falling back to a synchronous message for: https://www.saucedemo.com."
]]></system-err>
  </testcase>
  <testcase name="E selecionou um produto &quot;4&quot;" classname="| standard_user | secret_sauce | 4 | Felipe | Matos | 54400220 |" time="0">
    <system-out><![CDATA[######################################
Clicou no elemento By.xpath: //div[@class="inventory_item"][4]//button
######################################
######################################
Validou a mensagem Remove
######################################
name item 1 = Sauce Labs Fleece Jacket
price item 1 = $49.99
######################################
Clicou no elemento By.id: shopping_cart_container
######################################
######################################
Validou a mensagem Sauce Labs Fleece Jacket
######################################
######################################
Validou a mensagem $49.99
######################################
######################################
Clicou no elemento By.id: checkout
######################################
]]></system-out>
  </testcase>
  <testcase name="Quando feito o checkout e preenchido &quot;Felipe&quot; &quot;Matos&quot; &quot;54400220&quot;" classname="| standard_user | secret_sauce | 4 | Felipe | Matos | 54400220 |" time="0">
    <system-out><![CDATA[######################################
Preencheu o campo By.id: first-name
######################################
######################################
Preencheu o campo By.id: last-name
######################################
######################################
Preencheu o campo By.id: postal-code
######################################
######################################
Clicou no elemento By.id: continue
######################################
]]></system-out>
  </testcase>
  <testcase name="E as informacoes de checkou sao exibidas" classname="| standard_user | secret_sauce | 4 | Felipe | Matos | 54400220 |" time="0">
    <system-out><![CDATA[######################################
Validou a mensagem Sauce Labs Fleece Jacket
######################################
######################################
Validou os valores 53.99 e 53.99
######################################
]]></system-out>
  </testcase>
  <testcase name="E clicado em Finish" classname="| standard_user | secret_sauce | 4 | Felipe | Matos | 54400220 |" time="0.001">
    <system-out><![CDATA[######################################
Clicou no elemento By.id: finish
######################################
]]></system-out>
  </testcase>
  <testcase name="Entao a compra e efetuada" classname="| standard_user | secret_sauce | 4 | Felipe | Matos | 54400220 |" time="0">
    <system-out><![CDATA[######################################
######################################
Validou os valores https://www.saucedemo.com/checkout-complete.html e https://www.saucedemo.com/checkout-complete.html
######################################
Validou a url https://www.saucedemo.com/checkout-complete.html
######################################
######################################
Validou a mensagem Checkout: Complete!
######################################
######################################
Validou a mensagem Thank you for your order!
######################################
######################################
Validou a mensagem Your order has been dispatched, and will arrive just as fast as the pony can get there!
######################################
]]></system-out>
  </testcase>
  <testcase name="E e feito logout" classname="| standard_user | secret_sauce | 4 | Felipe | Matos | 54400220 |" time="0">
    <system-out><![CDATA[######################################
Clicou no elemento By.id: react-burger-menu-btn
######################################
######################################
Clicou no elemento By.id: logout_sidebar_link
######################################
######################################
######################################
Validou os valores https://www.saucedemo.com/ e https://www.saucedemo.com/
######################################
Validou a url https://www.saucedemo.com/
######################################
]]></system-out>
  </testcase>
  <testcase name="" classname="| standard_user | secret_sauce | 4 | Felipe | Matos | 54400220 |" time="0.085">
    <system-out><![CDATA[+++++++++++++
Teste sendo exectado: Efetuar compra com multiplos usuarios com fluxo nao impeditivo e validar valor total
Status: passed
Tag: [@Compra-multi-user, @Item-4, @Id-6]
+++++++++++++
Teste sendo exectado: Efetuar compra com multiplos usuarios com fluxo nao impeditivo e validar valor total
Status: passed
Tag: [@Compra-multi-user, @Item-4, @Id-6]
]]></system-out>
  </testcase>
  <testcase name="Dado Que eu acessei a aplicacao" classname="| standard_user | secret_sauce | 3 | Eduardo | Vicente | 54376450 |" time="0">
    <system-err><![CDATA[1702772008718	Marionette	INFO	Stopped listening on port 63253
Dynamically enable window occlusion 1
1702772009489	geckodriver	INFO	Listening on 127.0.0.1:38824
1702772009980	mozrunner::runner	INFO	Running command: "C:\\Program Files\\Mozilla Firefox\\firefox.exe" "--marionette" "-no-remote" "-profile" "C:\\Users\\lipel\\AppData\\Local\\Temp\\rust_mozprofilexhQb8B"
console.warn: services.settings: Ignoring preference override of remote settings server
console.warn: services.settings: Allow by setting MOZ_REMOTE_SETTINGS_DEVTOOLS=1 in the environment
1702772010244	Marionette	INFO	Marionette enabled
Dynamically enable window occlusion 0
1702772010688	Marionette	INFO	Listening on port 63302
Read port: 63302
1702772010829	RemoteAgent	WARN	TLS certificate errors will be ignored for this session
dez 16, 2023 10:13:32 PM org.openqa.selenium.remote.ProtocolHandshake createSession
INFORMAÇÕES: Detected dialect: W3C
]]></system-err>
  </testcase>
  <testcase name="Dado Que o usuario efetuou login incluindo &quot;standard_user&quot; e &quot;secret_sauce&quot;" classname="| standard_user | secret_sauce | 3 | Eduardo | Vicente | 54376450 |" time="0">
    <system-out><![CDATA[######################################
Preencheu o campo By.id: user-name
######################################
######################################
Preencheu o campo By.id: password
######################################
######################################
Clicou no elemento By.id: login-button
######################################
######################################
######################################
Validou os valores https://www.saucedemo.com/inventory.html e https://www.saucedemo.com/inventory.html
######################################
Validou a url https://www.saucedemo.com/inventory.html
######################################
]]></system-out>
    <system-err><![CDATA[console.warn: LoginRecipes: "Falling back to a synchronous message for: https://www.saucedemo.com."
console.warn: LoginRecipes: "Falling back to a synchronous message for: https://www.saucedemo.com."
]]></system-err>
  </testcase>
  <testcase name="E selecionou um produto &quot;3&quot;" classname="| standard_user | secret_sauce | 3 | Eduardo | Vicente | 54376450 |" time="0">
    <system-out><![CDATA[######################################
Clicou no elemento By.xpath: //div[@class="inventory_item"][3]//button
######################################
######################################
Validou a mensagem Remove
######################################
name item 1 = Sauce Labs Bolt T-Shirt
price item 1 = $15.99
######################################
Clicou no elemento By.id: shopping_cart_container
######################################
######################################
Validou a mensagem Sauce Labs Bolt T-Shirt
######################################
######################################
Validou a mensagem $15.99
######################################
######################################
Clicou no elemento By.id: checkout
######################################
]]></system-out>
  </testcase>
  <testcase name="Quando feito o checkout e preenchido &quot;Eduardo&quot; &quot;Vicente&quot; &quot;54376450&quot;" classname="| standard_user | secret_sauce | 3 | Eduardo | Vicente | 54376450 |" time="0.001">
    <system-out><![CDATA[######################################
Preencheu o campo By.id: first-name
######################################
######################################
Preencheu o campo By.id: last-name
######################################
######################################
Preencheu o campo By.id: postal-code
######################################
######################################
Clicou no elemento By.id: continue
######################################
]]></system-out>
  </testcase>
  <testcase name="E as informacoes de checkou sao exibidas" classname="| standard_user | secret_sauce | 3 | Eduardo | Vicente | 54376450 |" time="0">
    <system-out><![CDATA[######################################
Validou a mensagem Sauce Labs Bolt T-Shirt
######################################
######################################
Validou os valores 17.27 e 17.27
######################################
]]></system-out>
  </testcase>
  <testcase name="E clicado em Finish" classname="| standard_user | secret_sauce | 3 | Eduardo | Vicente | 54376450 |" time="0">
    <system-out><![CDATA[######################################
Clicou no elemento By.id: finish
######################################
]]></system-out>
  </testcase>
  <testcase name="Entao a compra e efetuada" classname="| standard_user | secret_sauce | 3 | Eduardo | Vicente | 54376450 |" time="0">
    <system-out><![CDATA[######################################
######################################
Validou os valores https://www.saucedemo.com/checkout-complete.html e https://www.saucedemo.com/checkout-complete.html
######################################
Validou a url https://www.saucedemo.com/checkout-complete.html
######################################
######################################
Validou a mensagem Checkout: Complete!
######################################
######################################
Validou a mensagem Thank you for your order!
######################################
######################################
Validou a mensagem Your order has been dispatched, and will arrive just as fast as the pony can get there!
######################################
]]></system-out>
  </testcase>
  <testcase name="E e feito logout" classname="| standard_user | secret_sauce | 3 | Eduardo | Vicente | 54376450 |" time="0">
    <system-out><![CDATA[######################################
Clicou no elemento By.id: react-burger-menu-btn
######################################
######################################
Clicou no elemento By.id: logout_sidebar_link
######################################
######################################
######################################
Validou os valores https://www.saucedemo.com/ e https://www.saucedemo.com/
######################################
Validou a url https://www.saucedemo.com/
######################################
]]></system-out>
  </testcase>
  <testcase name="" classname="| standard_user | secret_sauce | 3 | Eduardo | Vicente | 54376450 |" time="0.079">
    <system-out><![CDATA[+++++++++++++
Teste sendo exectado: Efetuar compra com multiplos usuarios com fluxo nao impeditivo e validar valor total
Status: passed
Tag: [@Compra-multi-user, @Item-4, @Id-6]
+++++++++++++
Teste sendo exectado: Efetuar compra com multiplos usuarios com fluxo nao impeditivo e validar valor total
Status: passed
Tag: [@Compra-multi-user, @Item-4, @Id-6]
]]></system-out>
  </testcase>
  <testcase name="Dado Que eu acessei a aplicacao" classname="| performance_glitch_user | secret_sauce | 2 | Filomena | Santos | 56675220 |" time="0">
    <system-err><![CDATA[1702772016873	Marionette	INFO	Stopped listening on port 63302
Dynamically enable window occlusion 1
1702772017709	geckodriver	INFO	Listening on 127.0.0.1:2596
1702772018201	mozrunner::runner	INFO	Running command: "C:\\Program Files\\Mozilla Firefox\\firefox.exe" "--marionette" "-no-remote" "-profile" "C:\\Users\\lipel\\AppData\\Local\\Temp\\rust_mozprofilepWWLVJ"
console.warn: services.settings: Ignoring preference override of remote settings server
console.warn: services.settings: Allow by setting MOZ_REMOTE_SETTINGS_DEVTOOLS=1 in the environment
1702772018469	Marionette	INFO	Marionette enabled
Dynamically enable window occlusion 0
1702772018918	Marionette	INFO	Listening on port 63350
Read port: 63350
1702772019060	RemoteAgent	WARN	TLS certificate errors will be ignored for this session
dez 16, 2023 10:13:40 PM org.openqa.selenium.remote.ProtocolHandshake createSession
INFORMAÇÕES: Detected dialect: W3C
]]></system-err>
  </testcase>
  <testcase name="Dado Que o usuario efetuou login incluindo &quot;performance_glitch_user&quot; e &quot;secret_sauce&quot;" classname="| performance_glitch_user | secret_sauce | 2 | Filomena | Santos | 56675220 |" time="0">
    <system-out><![CDATA[######################################
Preencheu o campo By.id: user-name
######################################
######################################
Preencheu o campo By.id: password
######################################
######################################
Clicou no elemento By.id: login-button
######################################
######################################
######################################
Validou os valores https://www.saucedemo.com/inventory.html e https://www.saucedemo.com/inventory.html
######################################
Validou a url https://www.saucedemo.com/inventory.html
######################################
]]></system-out>
    <system-err><![CDATA[console.warn: LoginRecipes: "Falling back to a synchronous message for: https://www.saucedemo.com."
console.warn: LoginRecipes: "Falling back to a synchronous message for: https://www.saucedemo.com."
]]></system-err>
  </testcase>
  <testcase name="E selecionou um produto &quot;2&quot;" classname="| performance_glitch_user | secret_sauce | 2 | Filomena | Santos | 56675220 |" time="0">
    <system-out><![CDATA[######################################
Clicou no elemento By.xpath: //div[@class="inventory_item"][2]//button
######################################
######################################
Validou a mensagem Remove
######################################
name item 1 = Sauce Labs Bike Light
price item 1 = $9.99
######################################
Clicou no elemento By.id: shopping_cart_container
######################################
######################################
Validou a mensagem Sauce Labs Bike Light
######################################
######################################
Validou a mensagem $9.99
######################################
######################################
Clicou no elemento By.id: checkout
######################################
]]></system-out>
  </testcase>
  <testcase name="Quando feito o checkout e preenchido &quot;Filomena&quot; &quot;Santos&quot; &quot;56675220&quot;" classname="| performance_glitch_user | secret_sauce | 2 | Filomena | Santos | 56675220 |" time="0">
    <system-out><![CDATA[######################################
Preencheu o campo By.id: first-name
######################################
######################################
Preencheu o campo By.id: last-name
######################################
######################################
Preencheu o campo By.id: postal-code
######################################
######################################
Clicou no elemento By.id: continue
######################################
]]></system-out>
  </testcase>
  <testcase name="E as informacoes de checkou sao exibidas" classname="| performance_glitch_user | secret_sauce | 2 | Filomena | Santos | 56675220 |" time="0">
    <system-out><![CDATA[######################################
Validou a mensagem Sauce Labs Bike Light
######################################
######################################
Validou os valores 10.79 e 10.79
######################################
]]></system-out>
  </testcase>
  <testcase name="E clicado em Finish" classname="| performance_glitch_user | secret_sauce | 2 | Filomena | Santos | 56675220 |" time="0">
    <system-out><![CDATA[######################################
Clicou no elemento By.id: finish
######################################
]]></system-out>
  </testcase>
  <testcase name="Entao a compra e efetuada" classname="| performance_glitch_user | secret_sauce | 2 | Filomena | Santos | 56675220 |" time="0">
    <system-out><![CDATA[######################################
######################################
Validou os valores https://www.saucedemo.com/checkout-complete.html e https://www.saucedemo.com/checkout-complete.html
######################################
Validou a url https://www.saucedemo.com/checkout-complete.html
######################################
######################################
Validou a mensagem Checkout: Complete!
######################################
######################################
Validou a mensagem Thank you for your order!
######################################
######################################
Validou a mensagem Your order has been dispatched, and will arrive just as fast as the pony can get there!
######################################
]]></system-out>
  </testcase>
  <testcase name="E e feito logout" classname="| performance_glitch_user | secret_sauce | 2 | Filomena | Santos | 56675220 |" time="0">
    <system-out><![CDATA[######################################
Clicou no elemento By.id: react-burger-menu-btn
######################################
######################################
Clicou no elemento By.id: logout_sidebar_link
######################################
######################################
######################################
Validou os valores https://www.saucedemo.com/ e https://www.saucedemo.com/
######################################
Validou a url https://www.saucedemo.com/
######################################
]]></system-out>
  </testcase>
  <testcase name="" classname="| performance_glitch_user | secret_sauce | 2 | Filomena | Santos | 56675220 |" time="0.082">
    <system-out><![CDATA[+++++++++++++
Teste sendo exectado: Efetuar compra com multiplos usuarios com fluxo nao impeditivo e validar valor total
Status: passed
Tag: [@Compra-multi-user, @Item-4, @Id-6]
+++++++++++++
Teste sendo exectado: Efetuar compra com multiplos usuarios com fluxo nao impeditivo e validar valor total
Status: passed
Tag: [@Compra-multi-user, @Item-4, @Id-6]
]]></system-out>
  </testcase>
  <testcase name="Dado Que eu acessei a aplicacao" classname="| performance_glitch_user | secret_sauce | 4 | Eduardo | Claudio | 54377750 |" time="0">
    <system-err><![CDATA[1702772030093	Marionette	INFO	Stopped listening on port 63350
Dynamically enable window occlusion 1
1702772030854	geckodriver	INFO	Listening on 127.0.0.1:30028
1702772031359	mozrunner::runner	INFO	Running command: "C:\\Program Files\\Mozilla Firefox\\firefox.exe" "--marionette" "-no-remote" "-profile" "C:\\Users\\lipel\\AppData\\Local\\Temp\\rust_mozprofile4cmldO"
console.warn: services.settings: Ignoring preference override of remote settings server
console.warn: services.settings: Allow by setting MOZ_REMOTE_SETTINGS_DEVTOOLS=1 in the environment
1702772031615	Marionette	INFO	Marionette enabled
Dynamically enable window occlusion 0
1702772032058	Marionette	INFO	Listening on port 63397
Read port: 63397
1702772032211	RemoteAgent	WARN	TLS certificate errors will be ignored for this session
dez 16, 2023 10:13:53 PM org.openqa.selenium.remote.ProtocolHandshake createSession
INFORMAÇÕES: Detected dialect: W3C
]]></system-err>
  </testcase>
  <testcase name="Dado Que o usuario efetuou login incluindo &quot;performance_glitch_user&quot; e &quot;secret_sauce&quot;" classname="| performance_glitch_user | secret_sauce | 4 | Eduardo | Claudio | 54377750 |" time="0">
    <system-out><![CDATA[######################################
Preencheu o campo By.id: user-name
######################################
######################################
Preencheu o campo By.id: password
######################################
######################################
Clicou no elemento By.id: login-button
######################################
######################################
######################################
Validou os valores https://www.saucedemo.com/inventory.html e https://www.saucedemo.com/inventory.html
######################################
Validou a url https://www.saucedemo.com/inventory.html
######################################
]]></system-out>
    <system-err><![CDATA[console.warn: LoginRecipes: "Falling back to a synchronous message for: https://www.saucedemo.com."
console.warn: LoginRecipes: "Falling back to a synchronous message for: https://www.saucedemo.com."
]]></system-err>
  </testcase>
  <testcase name="E selecionou um produto &quot;4&quot;" classname="| performance_glitch_user | secret_sauce | 4 | Eduardo | Claudio | 54377750 |" time="0">
    <system-out><![CDATA[######################################
Clicou no elemento By.xpath: //div[@class="inventory_item"][4]//button
######################################
######################################
Validou a mensagem Remove
######################################
name item 1 = Sauce Labs Fleece Jacket
price item 1 = $49.99
######################################
Clicou no elemento By.id: shopping_cart_container
######################################
######################################
Validou a mensagem Sauce Labs Fleece Jacket
######################################
######################################
Validou a mensagem $49.99
######################################
######################################
Clicou no elemento By.id: checkout
######################################
]]></system-out>
  </testcase>
  <testcase name="Quando feito o checkout e preenchido &quot;Eduardo&quot; &quot;Claudio&quot; &quot;54377750&quot;" classname="| performance_glitch_user | secret_sauce | 4 | Eduardo | Claudio | 54377750 |" time="0">
    <system-out><![CDATA[######################################
Preencheu o campo By.id: first-name
######################################
######################################
Preencheu o campo By.id: last-name
######################################
######################################
Preencheu o campo By.id: postal-code
######################################
######################################
Clicou no elemento By.id: continue
######################################
]]></system-out>
  </testcase>
  <testcase name="E as informacoes de checkou sao exibidas" classname="| performance_glitch_user | secret_sauce | 4 | Eduardo | Claudio | 54377750 |" time="0">
    <system-out><![CDATA[######################################
Validou a mensagem Sauce Labs Fleece Jacket
######################################
######################################
Validou os valores 53.99 e 53.99
######################################
]]></system-out>
  </testcase>
  <testcase name="E clicado em Finish" classname="| performance_glitch_user | secret_sauce | 4 | Eduardo | Claudio | 54377750 |" time="0">
    <system-out><![CDATA[######################################
Clicou no elemento By.id: finish
######################################
]]></system-out>
  </testcase>
  <testcase name="Entao a compra e efetuada" classname="| performance_glitch_user | secret_sauce | 4 | Eduardo | Claudio | 54377750 |" time="0">
    <system-out><![CDATA[######################################
######################################
Validou os valores https://www.saucedemo.com/checkout-complete.html e https://www.saucedemo.com/checkout-complete.html
######################################
Validou a url https://www.saucedemo.com/checkout-complete.html
######################################
######################################
Validou a mensagem Checkout: Complete!
######################################
######################################
Validou a mensagem Thank you for your order!
######################################
######################################
Validou a mensagem Your order has been dispatched, and will arrive just as fast as the pony can get there!
######################################
]]></system-out>
  </testcase>
  <testcase name="E e feito logout" classname="| performance_glitch_user | secret_sauce | 4 | Eduardo | Claudio | 54377750 |" time="0">
    <system-out><![CDATA[######################################
Clicou no elemento By.id: react-burger-menu-btn
######################################
######################################
Clicou no elemento By.id: logout_sidebar_link
######################################
######################################
######################################
Validou os valores https://www.saucedemo.com/ e https://www.saucedemo.com/
######################################
Validou a url https://www.saucedemo.com/
######################################
]]></system-out>
  </testcase>
  <testcase name="" classname="| performance_glitch_user | secret_sauce | 4 | Eduardo | Claudio | 54377750 |" time="0.075">
    <system-out><![CDATA[+++++++++++++
Teste sendo exectado: Efetuar compra com multiplos usuarios com fluxo nao impeditivo e validar valor total
Status: passed
Tag: [@Compra-multi-user, @Item-4, @Id-6]
+++++++++++++
Teste sendo exectado: Efetuar compra com multiplos usuarios com fluxo nao impeditivo e validar valor total
Status: passed
Tag: [@Compra-multi-user, @Item-4, @Id-6]
]]></system-out>
  </testcase>
  <testcase name="Dado Que eu acessei a aplicacao" classname="| visual_user | secret_sauce | 1 | Heberth | Silva | 99864436 |" time="0">
    <system-err><![CDATA[1702772043056	Marionette	INFO	Stopped listening on port 63397
Dynamically enable window occlusion 1
1702772043817	geckodriver	INFO	Listening on 127.0.0.1:6278
1702772044311	mozrunner::runner	INFO	Running command: "C:\\Program Files\\Mozilla Firefox\\firefox.exe" "--marionette" "-no-remote" "-profile" "C:\\Users\\lipel\\AppData\\Local\\Temp\\rust_mozprofileLZbr9s"
console.warn: services.settings: Ignoring preference override of remote settings server
console.warn: services.settings: Allow by setting MOZ_REMOTE_SETTINGS_DEVTOOLS=1 in the environment
1702772044567	Marionette	INFO	Marionette enabled
Dynamically enable window occlusion 0
1702772045021	Marionette	INFO	Listening on port 63442
Read port: 63442
1702772045162	RemoteAgent	WARN	TLS certificate errors will be ignored for this session
dez 16, 2023 10:14:06 PM org.openqa.selenium.remote.ProtocolHandshake createSession
INFORMAÇÕES: Detected dialect: W3C
]]></system-err>
  </testcase>
  <testcase name="Dado Que o usuario efetuou login incluindo &quot;visual_user&quot; e &quot;secret_sauce&quot;" classname="| visual_user | secret_sauce | 1 | Heberth | Silva | 99864436 |" time="0">
    <system-out><![CDATA[######################################
Preencheu o campo By.id: user-name
######################################
######################################
Preencheu o campo By.id: password
######################################
######################################
Clicou no elemento By.id: login-button
######################################
######################################
######################################
Validou os valores https://www.saucedemo.com/inventory.html e https://www.saucedemo.com/inventory.html
######################################
Validou a url https://www.saucedemo.com/inventory.html
######################################
]]></system-out>
    <system-err><![CDATA[console.warn: LoginRecipes: "Falling back to a synchronous message for: https://www.saucedemo.com."
console.warn: LoginRecipes: "Falling back to a synchronous message for: https://www.saucedemo.com."
]]></system-err>
  </testcase>
  <testcase name="E selecionou um produto &quot;1&quot;" classname="| visual_user | secret_sauce | 1 | Heberth | Silva | 99864436 |" time="0">
    <system-out><![CDATA[######################################
Clicou no elemento By.xpath: //div[@class="inventory_item"][1]//button
######################################
######################################
Validou a mensagem Remove
######################################
name item 1 = Sauce Labs Backpack
price item 1 = $29.99
######################################
Clicou no elemento By.id: shopping_cart_container
######################################
######################################
Validou a mensagem Sauce Labs Backpack
######################################
######################################
Validou a mensagem $29.99
######################################
######################################
Clicou no elemento By.id: checkout
######################################
]]></system-out>
  </testcase>
  <testcase name="Quando feito o checkout e preenchido &quot;Heberth&quot; &quot;Silva&quot; &quot;99864436&quot;" classname="| visual_user | secret_sauce | 1 | Heberth | Silva | 99864436 |" time="0">
    <system-out><![CDATA[######################################
Preencheu o campo By.id: first-name
######################################
######################################
Preencheu o campo By.id: last-name
######################################
######################################
Preencheu o campo By.id: postal-code
######################################
######################################
Clicou no elemento By.id: continue
######################################
]]></system-out>
  </testcase>
  <testcase name="E as informacoes de checkou sao exibidas" classname="| visual_user | secret_sauce | 1 | Heberth | Silva | 99864436 |" time="0">
    <system-out><![CDATA[######################################
Validou a mensagem Sauce Labs Backpack
######################################
######################################
Validou os valores 32.39 e 32.39
######################################
]]></system-out>
  </testcase>
  <testcase name="E clicado em Finish" classname="| visual_user | secret_sauce | 1 | Heberth | Silva | 99864436 |" time="0">
    <system-out><![CDATA[######################################
Clicou no elemento By.id: finish
######################################
]]></system-out>
  </testcase>
  <testcase name="Entao a compra e efetuada" classname="| visual_user | secret_sauce | 1 | Heberth | Silva | 99864436 |" time="0">
    <system-out><![CDATA[######################################
######################################
Validou os valores https://www.saucedemo.com/checkout-complete.html e https://www.saucedemo.com/checkout-complete.html
######################################
Validou a url https://www.saucedemo.com/checkout-complete.html
######################################
######################################
Validou a mensagem Checkout: Complete!
######################################
######################################
Validou a mensagem Thank you for your order!
######################################
######################################
Validou a mensagem Your order has been dispatched, and will arrive just as fast as the pony can get there!
######################################
]]></system-out>
  </testcase>
  <testcase name="E e feito logout" classname="| visual_user | secret_sauce | 1 | Heberth | Silva | 99864436 |" time="0">
    <system-out><![CDATA[######################################
Clicou no elemento By.id: react-burger-menu-btn
######################################
######################################
Clicou no elemento By.id: logout_sidebar_link
######################################
######################################
######################################
Validou os valores https://www.saucedemo.com/ e https://www.saucedemo.com/
######################################
Validou a url https://www.saucedemo.com/
######################################
]]></system-out>
  </testcase>
  <testcase name="" classname="| visual_user | secret_sauce | 1 | Heberth | Silva | 99864436 |" time="0.088">
    <system-out><![CDATA[+++++++++++++
Teste sendo exectado: Efetuar compra com multiplos usuarios com fluxo nao impeditivo e validar valor total
Status: passed
Tag: [@Compra-multi-user, @Item-4, @Id-6]
+++++++++++++
Teste sendo exectado: Efetuar compra com multiplos usuarios com fluxo nao impeditivo e validar valor total
Status: passed
Tag: [@Compra-multi-user, @Item-4, @Id-6]
]]></system-out>
  </testcase>
  <testcase name="Dado Que eu acessei a aplicacao" classname="| visual_user | secret_sauce | 2 | Talita | Nascimento | 99633551 |" time="0">
    <system-err><![CDATA[1702772051639	Marionette	INFO	Stopped listening on port 63442
Dynamically enable window occlusion 1
1702772052393	geckodriver	INFO	Listening on 127.0.0.1:42629
1702772052893	mozrunner::runner	INFO	Running command: "C:\\Program Files\\Mozilla Firefox\\firefox.exe" "--marionette" "-no-remote" "-profile" "C:\\Users\\lipel\\AppData\\Local\\Temp\\rust_mozprofilepR58GO"
console.warn: services.settings: Ignoring preference override of remote settings server
console.warn: services.settings: Allow by setting MOZ_REMOTE_SETTINGS_DEVTOOLS=1 in the environment
1702772053162	Marionette	INFO	Marionette enabled
Dynamically enable window occlusion 0
1702772053620	Marionette	INFO	Listening on port 63489
Read port: 63489
1702772053768	RemoteAgent	WARN	TLS certificate errors will be ignored for this session
dez 16, 2023 10:14:15 PM org.openqa.selenium.remote.ProtocolHandshake createSession
INFORMAÇÕES: Detected dialect: W3C
]]></system-err>
  </testcase>
  <testcase name="Dado Que o usuario efetuou login incluindo &quot;visual_user&quot; e &quot;secret_sauce&quot;" classname="| visual_user | secret_sauce | 2 | Talita | Nascimento | 99633551 |" time="0">
    <system-out><![CDATA[######################################
Preencheu o campo By.id: user-name
######################################
######################################
Preencheu o campo By.id: password
######################################
######################################
Clicou no elemento By.id: login-button
######################################
######################################
######################################
Validou os valores https://www.saucedemo.com/inventory.html e https://www.saucedemo.com/inventory.html
######################################
Validou a url https://www.saucedemo.com/inventory.html
######################################
]]></system-out>
    <system-err><![CDATA[console.warn: LoginRecipes: "Falling back to a synchronous message for: https://www.saucedemo.com."
console.warn: LoginRecipes: "Falling back to a synchronous message for: https://www.saucedemo.com."
]]></system-err>
  </testcase>
  <testcase name="E selecionou um produto &quot;2&quot;" classname="| visual_user | secret_sauce | 2 | Talita | Nascimento | 99633551 |" time="0">
    <system-out><![CDATA[######################################
Clicou no elemento By.xpath: //div[@class="inventory_item"][2]//button
######################################
######################################
Validou a mensagem Remove
######################################
name item 1 = Sauce Labs Bike Light
price item 1 = $9.99
######################################
Clicou no elemento By.id: shopping_cart_container
######################################
######################################
Validou a mensagem Sauce Labs Bike Light
######################################
######################################
Validou a mensagem $9.99
######################################
######################################
Clicou no elemento By.id: checkout
######################################
]]></system-out>
  </testcase>
  <testcase name="Quando feito o checkout e preenchido &quot;Talita&quot; &quot;Nascimento&quot; &quot;99633551&quot;" classname="| visual_user | secret_sauce | 2 | Talita | Nascimento | 99633551 |" time="0">
    <system-out><![CDATA[######################################
Preencheu o campo By.id: first-name
######################################
######################################
Preencheu o campo By.id: last-name
######################################
######################################
Preencheu o campo By.id: postal-code
######################################
######################################
Clicou no elemento By.id: continue
######################################
]]></system-out>
  </testcase>
  <testcase name="E as informacoes de checkou sao exibidas" classname="| visual_user | secret_sauce | 2 | Talita | Nascimento | 99633551 |" time="0">
    <system-out><![CDATA[######################################
Validou a mensagem Sauce Labs Bike Light
######################################
######################################
Validou os valores 10.79 e 10.79
######################################
]]></system-out>
  </testcase>
  <testcase name="E clicado em Finish" classname="| visual_user | secret_sauce | 2 | Talita | Nascimento | 99633551 |" time="0">
    <system-out><![CDATA[######################################
Clicou no elemento By.id: finish
######################################
]]></system-out>
  </testcase>
  <testcase name="Entao a compra e efetuada" classname="| visual_user | secret_sauce | 2 | Talita | Nascimento | 99633551 |" time="0">
    <system-out><![CDATA[######################################
######################################
Validou os valores https://www.saucedemo.com/checkout-complete.html e https://www.saucedemo.com/checkout-complete.html
######################################
Validou a url https://www.saucedemo.com/checkout-complete.html
######################################
######################################
Validou a mensagem Checkout: Complete!
######################################
######################################
Validou a mensagem Thank you for your order!
######################################
######################################
Validou a mensagem Your order has been dispatched, and will arrive just as fast as the pony can get there!
######################################
]]></system-out>
  </testcase>
  <testcase name="E e feito logout" classname="| visual_user | secret_sauce | 2 | Talita | Nascimento | 99633551 |" time="0">
    <system-out><![CDATA[######################################
Clicou no elemento By.id: react-burger-menu-btn
######################################
######################################
Clicou no elemento By.id: logout_sidebar_link
######################################
######################################
######################################
Validou os valores https://www.saucedemo.com/ e https://www.saucedemo.com/
######################################
Validou a url https://www.saucedemo.com/
######################################
]]></system-out>
  </testcase>
  <testcase name="" classname="| visual_user | secret_sauce | 2 | Talita | Nascimento | 99633551 |" time="0.081">
    <system-out><![CDATA[+++++++++++++
Teste sendo exectado: Efetuar compra com multiplos usuarios com fluxo nao impeditivo e validar valor total
Status: passed
Tag: [@Compra-multi-user, @Item-4, @Id-6]
+++++++++++++
Teste sendo exectado: Efetuar compra com multiplos usuarios com fluxo nao impeditivo e validar valor total
Status: passed
Tag: [@Compra-multi-user, @Item-4, @Id-6]
]]></system-out>
  </testcase>
  <testcase name="Dado Que eu acessei a aplicacao" classname="| locked_out_user | secret_sauce | Epic sadface: Sorry, this user has been locked out. |" time="0">
    <system-err><![CDATA[1702772059893	Marionette	INFO	Stopped listening on port 63489
Dynamically enable window occlusion 1
1702772060710	geckodriver	INFO	Listening on 127.0.0.1:31442
1702772061190	mozrunner::runner	INFO	Running command: "C:\\Program Files\\Mozilla Firefox\\firefox.exe" "--marionette" "-no-remote" "-profile" "C:\\Users\\lipel\\AppData\\Local\\Temp\\rust_mozprofilePeD46G"
console.warn: services.settings: Ignoring preference override of remote settings server
console.warn: services.settings: Allow by setting MOZ_REMOTE_SETTINGS_DEVTOOLS=1 in the environment
1702772061452	Marionette	INFO	Marionette enabled
Dynamically enable window occlusion 0
1702772061902	Marionette	INFO	Listening on port 63534
Read port: 63534
1702772062048	RemoteAgent	WARN	TLS certificate errors will be ignored for this session
dez 16, 2023 10:14:23 PM org.openqa.selenium.remote.ProtocolHandshake createSession
INFORMAÇÕES: Detected dialect: W3C
]]></system-err>
  </testcase>
  <testcase name="Dado que foi incluido &quot;locked_out_user&quot; e &quot;secret_sauce&quot;" classname="| locked_out_user | secret_sauce | Epic sadface: Sorry, this user has been locked out. |" time="0">
    <system-out><![CDATA[######################################
Preencheu o campo By.id: user-name
######################################
######################################
Preencheu o campo By.id: password
######################################
]]></system-out>
  </testcase>
  <testcase name="Quando clicar em Login" classname="| locked_out_user | secret_sauce | Epic sadface: Sorry, this user has been locked out. |" time="0">
    <system-out><![CDATA[######################################
Clicou no elemento By.id: login-button
######################################
]]></system-out>
    <system-err><![CDATA[console.warn: LoginRecipes: "Falling back to a synchronous message for: https://www.saucedemo.com."
]]></system-err>
  </testcase>
  <testcase name="Entao sera exibido &quot;Epic sadface: Sorry, this user has been locked out.&quot;" classname="| locked_out_user | secret_sauce | Epic sadface: Sorry, this user has been locked out. |" time="0">
    <system-out><![CDATA[######################################
Validou a mensagem Epic sadface: Sorry, this user has been locked out.
######################################
]]></system-out>
  </testcase>
  <testcase name="" classname="| locked_out_user | secret_sauce | Epic sadface: Sorry, this user has been locked out. |" time="0.074">
    <system-out><![CDATA[+++++++++++++
Teste sendo exectadoEfetuar login com usuario locked-out-user
Status: passed
Tag: [@Item-4, @Id-7, @Locked-out-user]
+++++++++++++
Teste sendo exectadoEfetuar login com usuario locked-out-user
Status: passed
Tag: [@Item-4, @Id-7, @Locked-out-user]
]]></system-out>
  </testcase>
  <testcase name="Dado Que eu acessei a aplicacao" classname="| problem_user | secret_sauce | 1 | Luana | Flores | 86364895 | Error: Last Name is required |" time="0">
    <system-err><![CDATA[1702772065668	Marionette	INFO	Stopped listening on port 63534
Dynamically enable window occlusion 1
1702772066456	geckodriver	INFO	Listening on 127.0.0.1:21094
1702772066965	mozrunner::runner	INFO	Running command: "C:\\Program Files\\Mozilla Firefox\\firefox.exe" "--marionette" "-no-remote" "-profile" "C:\\Users\\lipel\\AppData\\Local\\Temp\\rust_mozprofileehVjro"
console.warn: services.settings: Ignoring preference override of remote settings server
console.warn: services.settings: Allow by setting MOZ_REMOTE_SETTINGS_DEVTOOLS=1 in the environment
1702772067222	Marionette	INFO	Marionette enabled
Dynamically enable window occlusion 0
1702772067675	Marionette	INFO	Listening on port 63574
Read port: 63574
1702772067815	RemoteAgent	WARN	TLS certificate errors will be ignored for this session
dez 16, 2023 10:14:28 PM org.openqa.selenium.remote.ProtocolHandshake createSession
INFORMAÇÕES: Detected dialect: W3C
]]></system-err>
  </testcase>
  <testcase name="Dado Que o usuario efetuou login incluindo &quot;problem_user&quot; e &quot;secret_sauce&quot;" classname="| problem_user | secret_sauce | 1 | Luana | Flores | 86364895 | Error: Last Name is required |" time="0">
    <system-out><![CDATA[######################################
Preencheu o campo By.id: user-name
######################################
######################################
Preencheu o campo By.id: password
######################################
######################################
Clicou no elemento By.id: login-button
######################################
######################################
######################################
Validou os valores https://www.saucedemo.com/inventory.html e https://www.saucedemo.com/inventory.html
######################################
Validou a url https://www.saucedemo.com/inventory.html
######################################
]]></system-out>
    <system-err><![CDATA[console.warn: LoginRecipes: "Falling back to a synchronous message for: https://www.saucedemo.com."
console.warn: LoginRecipes: "Falling back to a synchronous message for: https://www.saucedemo.com."
]]></system-err>
  </testcase>
  <testcase name="E selecionou um produto &quot;1&quot;" classname="| problem_user | secret_sauce | 1 | Luana | Flores | 86364895 | Error: Last Name is required |" time="0">
    <system-out><![CDATA[######################################
Clicou no elemento By.xpath: //div[@class="inventory_item"][1]//button
######################################
######################################
Validou a mensagem Remove
######################################
name item 1 = Sauce Labs Backpack
price item 1 = $29.99
######################################
Clicou no elemento By.id: shopping_cart_container
######################################
######################################
Validou a mensagem Sauce Labs Backpack
######################################
######################################
Validou a mensagem $29.99
######################################
######################################
Clicou no elemento By.id: checkout
######################################
]]></system-out>
  </testcase>
  <testcase name="Quando feito o checkout e preenchido &quot;Luana&quot; &quot;Flores&quot; &quot;86364895&quot;" classname="| problem_user | secret_sauce | 1 | Luana | Flores | 86364895 | Error: Last Name is required |" time="0">
    <system-out><![CDATA[######################################
Preencheu o campo By.id: first-name
######################################
######################################
Preencheu o campo By.id: last-name
######################################
######################################
Preencheu o campo By.id: postal-code
######################################
######################################
Clicou no elemento By.id: continue
######################################
]]></system-out>
  </testcase>
  <testcase name="Entao e exibido &quot;Error: Last Name is required&quot; de erro" classname="| problem_user | secret_sauce | 1 | Luana | Flores | 86364895 | Error: Last Name is required |" time="0">
    <system-out><![CDATA[######################################
Validou a mensagem Error: Last Name is required
######################################
]]></system-out>
  </testcase>
  <testcase name="E e feito logout" classname="| problem_user | secret_sauce | 1 | Luana | Flores | 86364895 | Error: Last Name is required |" time="0">
    <system-out><![CDATA[######################################
Clicou no elemento By.id: react-burger-menu-btn
######################################
######################################
Clicou no elemento By.id: logout_sidebar_link
######################################
######################################
######################################
Validou os valores https://www.saucedemo.com/ e https://www.saucedemo.com/
######################################
Validou a url https://www.saucedemo.com/
######################################
]]></system-out>
  </testcase>
  <testcase name="" classname="| problem_user | secret_sauce | 1 | Luana | Flores | 86364895 | Error: Last Name is required |" time="0.077">
    <system-out><![CDATA[+++++++++++++
Teste sendo exectadoFluxo de compra com usuario com problema
Status: passed
Tag: [@Problem-user, @Item-4, @Id-8]
+++++++++++++
Teste sendo exectadoFluxo de compra com usuario com problema
Status: passed
Tag: [@Problem-user, @Item-4, @Id-8]
]]></system-out>
  </testcase>
  <testcase name="Dado Que eu acessei a aplicacao" classname="| problem_user | secret_sauce | 2 | Viviane | Macedo | 18264976 | Error: Last Name is required |" time="0">
    <system-err><![CDATA[1702772073023	Marionette	INFO	Stopped listening on port 63574
Dynamically enable window occlusion 1
1702772073831	geckodriver	INFO	Listening on 127.0.0.1:21537
1702772074344	mozrunner::runner	INFO	Running command: "C:\\Program Files\\Mozilla Firefox\\firefox.exe" "--marionette" "-no-remote" "-profile" "C:\\Users\\lipel\\AppData\\Local\\Temp\\rust_mozprofile0yKenQ"
console.warn: services.settings: Ignoring preference override of remote settings server
console.warn: services.settings: Allow by setting MOZ_REMOTE_SETTINGS_DEVTOOLS=1 in the environment
1702772074677	Marionette	INFO	Marionette enabled
Dynamically enable window occlusion 0
1702772075143	Marionette	INFO	Listening on port 63621
Read port: 63621
1702772075290	RemoteAgent	WARN	TLS certificate errors will be ignored for this session
dez 16, 2023 10:14:36 PM org.openqa.selenium.remote.ProtocolHandshake createSession
INFORMAÇÕES: Detected dialect: W3C
]]></system-err>
  </testcase>
  <testcase name="Dado Que o usuario efetuou login incluindo &quot;problem_user&quot; e &quot;secret_sauce&quot;" classname="| problem_user | secret_sauce | 2 | Viviane | Macedo | 18264976 | Error: Last Name is required |" time="0">
    <system-out><![CDATA[######################################
Preencheu o campo By.id: user-name
######################################
######################################
Preencheu o campo By.id: password
######################################
######################################
Clicou no elemento By.id: login-button
######################################
######################################
######################################
Validou os valores https://www.saucedemo.com/inventory.html e https://www.saucedemo.com/inventory.html
######################################
Validou a url https://www.saucedemo.com/inventory.html
######################################
]]></system-out>
    <system-err><![CDATA[console.warn: LoginRecipes: "Falling back to a synchronous message for: https://www.saucedemo.com."
console.warn: LoginRecipes: "Falling back to a synchronous message for: https://www.saucedemo.com."
]]></system-err>
  </testcase>
  <testcase name="E selecionou um produto &quot;2&quot;" classname="| problem_user | secret_sauce | 2 | Viviane | Macedo | 18264976 | Error: Last Name is required |" time="0">
    <system-out><![CDATA[######################################
Clicou no elemento By.xpath: //div[@class="inventory_item"][2]//button
######################################
######################################
Validou a mensagem Remove
######################################
name item 1 = Sauce Labs Bike Light
price item 1 = $9.99
######################################
Clicou no elemento By.id: shopping_cart_container
######################################
######################################
Validou a mensagem Sauce Labs Bike Light
######################################
######################################
Validou a mensagem $9.99
######################################
######################################
Clicou no elemento By.id: checkout
######################################
]]></system-out>
  </testcase>
  <testcase name="Quando feito o checkout e preenchido &quot;Viviane&quot; &quot;Macedo&quot; &quot;18264976&quot;" classname="| problem_user | secret_sauce | 2 | Viviane | Macedo | 18264976 | Error: Last Name is required |" time="0">
    <system-out><![CDATA[######################################
Preencheu o campo By.id: first-name
######################################
######################################
Preencheu o campo By.id: last-name
######################################
######################################
Preencheu o campo By.id: postal-code
######################################
######################################
Clicou no elemento By.id: continue
######################################
]]></system-out>
  </testcase>
  <testcase name="Entao e exibido &quot;Error: Last Name is required&quot; de erro" classname="| problem_user | secret_sauce | 2 | Viviane | Macedo | 18264976 | Error: Last Name is required |" time="0">
    <system-out><![CDATA[######################################
Validou a mensagem Error: Last Name is required
######################################
]]></system-out>
  </testcase>
  <testcase name="E e feito logout" classname="| problem_user | secret_sauce | 2 | Viviane | Macedo | 18264976 | Error: Last Name is required |" time="0">
    <system-out><![CDATA[######################################
Clicou no elemento By.id: react-burger-menu-btn
######################################
######################################
Clicou no elemento By.id: logout_sidebar_link
######################################
######################################
######################################
Validou os valores https://www.saucedemo.com/ e https://www.saucedemo.com/
######################################
Validou a url https://www.saucedemo.com/
######################################
]]></system-out>
  </testcase>
  <testcase name="" classname="| problem_user | secret_sauce | 2 | Viviane | Macedo | 18264976 | Error: Last Name is required |" time="0.093">
    <system-out><![CDATA[+++++++++++++
Teste sendo exectadoFluxo de compra com usuario com problema
Status: passed
Tag: [@Problem-user, @Item-4, @Id-8]
+++++++++++++
Teste sendo exectadoFluxo de compra com usuario com problema
Status: passed
Tag: [@Problem-user, @Item-4, @Id-8]
]]></system-out>
  </testcase>
  <testcase name="Dado Que eu acessei a aplicacao" classname="| error_user | secret_sauce | 1 | Luana | Flores | 86364895 |" time="0">
    <system-err><![CDATA[1702772080834	Marionette	INFO	Stopped listening on port 63621
Dynamically enable window occlusion 1
1702772081629	geckodriver	INFO	Listening on 127.0.0.1:5808
1702772082123	mozrunner::runner	INFO	Running command: "C:\\Program Files\\Mozilla Firefox\\firefox.exe" "--marionette" "-no-remote" "-profile" "C:\\Users\\lipel\\AppData\\Local\\Temp\\rust_mozprofilehtAg6k"
console.warn: services.settings: Ignoring preference override of remote settings server
console.warn: services.settings: Allow by setting MOZ_REMOTE_SETTINGS_DEVTOOLS=1 in the environment
1702772082381	Marionette	INFO	Marionette enabled
Dynamically enable window occlusion 0
1702772082836	Marionette	INFO	Listening on port 63668
Read port: 63668
1702772082977	RemoteAgent	WARN	TLS certificate errors will be ignored for this session
dez 16, 2023 10:14:44 PM org.openqa.selenium.remote.ProtocolHandshake createSession
INFORMAÇÕES: Detected dialect: W3C
]]></system-err>
  </testcase>
  <testcase name="Dado Que o usuario efetuou login incluindo &quot;error_user&quot; e &quot;secret_sauce&quot;" classname="| error_user | secret_sauce | 1 | Luana | Flores | 86364895 |" time="0">
    <system-out><![CDATA[######################################
Preencheu o campo By.id: user-name
######################################
######################################
Preencheu o campo By.id: password
######################################
######################################
Clicou no elemento By.id: login-button
######################################
######################################
######################################
Validou os valores https://www.saucedemo.com/inventory.html e https://www.saucedemo.com/inventory.html
######################################
Validou a url https://www.saucedemo.com/inventory.html
######################################
]]></system-out>
    <system-err><![CDATA[console.warn: LoginRecipes: "Falling back to a synchronous message for: https://www.saucedemo.com."
console.warn: LoginRecipes: "Falling back to a synchronous message for: https://www.saucedemo.com."
]]></system-err>
  </testcase>
  <testcase name="E selecionou um produto &quot;1&quot;" classname="| error_user | secret_sauce | 1 | Luana | Flores | 86364895 |" time="0.001">
    <system-out><![CDATA[######################################
Clicou no elemento By.xpath: //div[@class="inventory_item"][1]//button
######################################
######################################
Validou a mensagem Remove
######################################
name item 1 = Sauce Labs Backpack
price item 1 = $29.99
######################################
Clicou no elemento By.id: shopping_cart_container
######################################
######################################
Validou a mensagem Sauce Labs Backpack
######################################
######################################
Validou a mensagem $29.99
######################################
######################################
Clicou no elemento By.id: checkout
######################################
]]></system-out>
  </testcase>
  <testcase name="Quando feito o checkout e preenchido &quot;Luana&quot; &quot;Flores&quot; &quot;86364895&quot;" classname="| error_user | secret_sauce | 1 | Luana | Flores | 86364895 |" time="0">
    <system-out><![CDATA[######################################
Preencheu o campo By.id: first-name
######################################
######################################
Preencheu o campo By.id: last-name
######################################
######################################
Preencheu o campo By.id: postal-code
######################################
######################################
Clicou no elemento By.id: continue
######################################
]]></system-out>
    <system-err><![CDATA[JavaScript error: https://www.saucedemo.com/static/js/main.9735b7ab.chunk.js, line 1: TypeError: e.totallyUndefined is undefined
JavaScript error: https://www.saucedemo.com/static/js/main.9735b7ab.chunk.js, line 1: TypeError: e.totallyUndefined is undefined
JavaScript error: https://www.saucedemo.com/static/js/main.9735b7ab.chunk.js, line 1: TypeError: e.totallyUndefined is undefined
JavaScript error: https://www.saucedemo.com/static/js/main.9735b7ab.chunk.js, line 1: TypeError: e.totallyUndefined is undefined
JavaScript error: https://www.saucedemo.com/static/js/main.9735b7ab.chunk.js, line 1: TypeError: e.totallyUndefined is undefined
JavaScript error: https://www.saucedemo.com/static/js/main.9735b7ab.chunk.js, line 1: TypeError: e.totallyUndefined is undefined
]]></system-err>
  </testcase>
  <testcase name="E as informacoes de checkou sao exibidas" classname="| error_user | secret_sauce | 1 | Luana | Flores | 86364895 |" time="0">
    <system-out><![CDATA[######################################
Validou a mensagem Sauce Labs Backpack
######################################
######################################
Validou os valores 32.39 e 32.39
######################################
]]></system-out>
  </testcase>
  <testcase name="E clicado em Finish" classname="| error_user | secret_sauce | 1 | Luana | Flores | 86364895 |" time="0">
    <system-out><![CDATA[######################################
Clicou no elemento By.id: finish
######################################
]]></system-out>
    <system-err><![CDATA[JavaScript error: https://www.saucedemo.com/static/js/main.9735b7ab.chunk.js, line 1: TypeError: Y.cesetRart is not a function
]]></system-err>
  </testcase>
  <testcase name="Entao a compra nao foi efetuada" classname="| error_user | secret_sauce | 1 | Luana | Flores | 86364895 |" time="0">
    <system-out><![CDATA[######################################
######################################
Validou os valores https://www.saucedemo.com/checkout-step-two.html e https://www.saucedemo.com/checkout-step-two.html
######################################
Validou a url https://www.saucedemo.com/checkout-step-two.html
######################################
]]></system-out>
  </testcase>
  <testcase name="E e feito logout" classname="| error_user | secret_sauce | 1 | Luana | Flores | 86364895 |" time="0">
    <system-out><![CDATA[######################################
Clicou no elemento By.id: react-burger-menu-btn
######################################
######################################
Clicou no elemento By.id: logout_sidebar_link
######################################
######################################
######################################
Validou os valores https://www.saucedemo.com/ e https://www.saucedemo.com/
######################################
Validou a url https://www.saucedemo.com/
######################################
]]></system-out>
  </testcase>
  <testcase name="" classname="| error_user | secret_sauce | 1 | Luana | Flores | 86364895 |" time="0.088">
    <system-out><![CDATA[+++++++++++++
Teste sendo exectadoFluxo de compra com usuario com erro
Status: passed
Tag: [@Error-user, @Item-4, @Id-9]
+++++++++++++
Teste sendo exectadoFluxo de compra com usuario com erro
Status: passed
Tag: [@Error-user, @Item-4, @Id-9]
]]></system-out>
  </testcase>
  <testcase name="Dado Que eu acessei a aplicacao" classname="| error_user | secret_sauce | 2 | Valmir | Cleiton | 76567895 |" time="0">
    <system-err><![CDATA[1702772088723	Marionette	INFO	Stopped listening on port 63668
Dynamically enable window occlusion 1
1702772089468	geckodriver	INFO	Listening on 127.0.0.1:28698
1702772089962	mozrunner::runner	INFO	Running command: "C:\\Program Files\\Mozilla Firefox\\firefox.exe" "--marionette" "-no-remote" "-profile" "C:\\Users\\lipel\\AppData\\Local\\Temp\\rust_mozprofileqNKXhT"
console.warn: services.settings: Ignoring preference override of remote settings server
console.warn: services.settings: Allow by setting MOZ_REMOTE_SETTINGS_DEVTOOLS=1 in the environment
1702772090221	Marionette	INFO	Marionette enabled
Dynamically enable window occlusion 0
1702772090671	Marionette	INFO	Listening on port 63720
Read port: 63720
1702772090811	RemoteAgent	WARN	TLS certificate errors will be ignored for this session
dez 16, 2023 10:14:51 PM org.openqa.selenium.remote.ProtocolHandshake createSession
INFORMAÇÕES: Detected dialect: W3C
]]></system-err>
  </testcase>
  <testcase name="Dado Que o usuario efetuou login incluindo &quot;error_user&quot; e &quot;secret_sauce&quot;" classname="| error_user | secret_sauce | 2 | Valmir | Cleiton | 76567895 |" time="0">
    <system-out><![CDATA[######################################
Preencheu o campo By.id: user-name
######################################
######################################
Preencheu o campo By.id: password
######################################
######################################
Clicou no elemento By.id: login-button
######################################
######################################
######################################
Validou os valores https://www.saucedemo.com/inventory.html e https://www.saucedemo.com/inventory.html
######################################
Validou a url https://www.saucedemo.com/inventory.html
######################################
]]></system-out>
    <system-err><![CDATA[console.warn: LoginRecipes: "Falling back to a synchronous message for: https://www.saucedemo.com."
console.warn: LoginRecipes: "Falling back to a synchronous message for: https://www.saucedemo.com."
]]></system-err>
  </testcase>
  <testcase name="E selecionou um produto &quot;2&quot;" classname="| error_user | secret_sauce | 2 | Valmir | Cleiton | 76567895 |" time="0">
    <system-out><![CDATA[######################################
Clicou no elemento By.xpath: //div[@class="inventory_item"][2]//button
######################################
######################################
Validou a mensagem Remove
######################################
name item 1 = Sauce Labs Bike Light
price item 1 = $9.99
######################################
Clicou no elemento By.id: shopping_cart_container
######################################
######################################
Validou a mensagem Sauce Labs Bike Light
######################################
######################################
Validou a mensagem $9.99
######################################
######################################
Clicou no elemento By.id: checkout
######################################
]]></system-out>
  </testcase>
  <testcase name="Quando feito o checkout e preenchido &quot;Valmir&quot; &quot;Cleiton&quot; &quot;76567895&quot;" classname="| error_user | secret_sauce | 2 | Valmir | Cleiton | 76567895 |" time="0">
    <system-out><![CDATA[######################################
Preencheu o campo By.id: first-name
######################################
######################################
Preencheu o campo By.id: last-name
######################################
######################################
Preencheu o campo By.id: postal-code
######################################
######################################
Clicou no elemento By.id: continue
######################################
]]></system-out>
    <system-err><![CDATA[JavaScript error: https://www.saucedemo.com/static/js/main.9735b7ab.chunk.js, line 1: TypeError: e.totallyUndefined is undefined
JavaScript error: https://www.saucedemo.com/static/js/main.9735b7ab.chunk.js, line 1: TypeError: e.totallyUndefined is undefined
JavaScript error: https://www.saucedemo.com/static/js/main.9735b7ab.chunk.js, line 1: TypeError: e.totallyUndefined is undefined
JavaScript error: https://www.saucedemo.com/static/js/main.9735b7ab.chunk.js, line 1: TypeError: e.totallyUndefined is undefined
JavaScript error: https://www.saucedemo.com/static/js/main.9735b7ab.chunk.js, line 1: TypeError: e.totallyUndefined is undefined
JavaScript error: https://www.saucedemo.com/static/js/main.9735b7ab.chunk.js, line 1: TypeError: e.totallyUndefined is undefined
JavaScript error: https://www.saucedemo.com/static/js/main.9735b7ab.chunk.js, line 1: TypeError: e.totallyUndefined is undefined
]]></system-err>
  </testcase>
  <testcase name="E as informacoes de checkou sao exibidas" classname="| error_user | secret_sauce | 2 | Valmir | Cleiton | 76567895 |" time="0">
    <system-out><![CDATA[######################################
Validou a mensagem Sauce Labs Bike Light
######################################
######################################
Validou os valores 10.79 e 10.79
######################################
]]></system-out>
  </testcase>
  <testcase name="E clicado em Finish" classname="| error_user | secret_sauce | 2 | Valmir | Cleiton | 76567895 |" time="0">
    <system-out><![CDATA[######################################
Clicou no elemento By.id: finish
######################################
]]></system-out>
    <system-err><![CDATA[JavaScript error: https://www.saucedemo.com/static/js/main.9735b7ab.chunk.js, line 1: TypeError: Y.cesetRart is not a function
]]></system-err>
  </testcase>
  <testcase name="Entao a compra nao foi efetuada" classname="| error_user | secret_sauce | 2 | Valmir | Cleiton | 76567895 |" time="0">
    <system-out><![CDATA[######################################
######################################
Validou os valores https://www.saucedemo.com/checkout-step-two.html e https://www.saucedemo.com/checkout-step-two.html
######################################
Validou a url https://www.saucedemo.com/checkout-step-two.html
######################################
]]></system-out>
  </testcase>
  <testcase name="E e feito logout" classname="| error_user | secret_sauce | 2 | Valmir | Cleiton | 76567895 |" time="0">
    <system-out><![CDATA[######################################
Clicou no elemento By.id: react-burger-menu-btn
######################################
######################################
Clicou no elemento By.id: logout_sidebar_link
######################################
######################################
######################################
Validou os valores https://www.saucedemo.com/ e https://www.saucedemo.com/
######################################
Validou a url https://www.saucedemo.com/
######################################
]]></system-out>
  </testcase>
  <testcase name="" classname="| error_user | secret_sauce | 2 | Valmir | Cleiton | 76567895 |" time="0.077">
    <system-out><![CDATA[+++++++++++++
Teste sendo exectadoFluxo de compra com usuario com erro
Status: passed
Tag: [@Error-user, @Item-4, @Id-9]
+++++++++++++
Teste sendo exectadoFluxo de compra com usuario com erro
Status: passed
Tag: [@Error-user, @Item-4, @Id-9]
]]></system-out>
  </testcase>
</testsuite>